Command line
python ../chemprop/train.py --data_path data/tox21.csv --dataset_type classification --save_dir tox21_checkpoints
Args
{'activation': 'ReLU',
 'adding_h': False,
 'aggregation': 'mean',
 'aggregation_norm': 100,
 'atom_descriptor_scaling': True,
 'atom_descriptors': None,
 'atom_descriptors_path': None,
 'atom_descriptors_size': 0,
 'atom_features_size': 0,
 'atom_messages': False,
 'batch_size': 50,
 'bias': False,
 'bias_solvent': False,
 'bond_feature_scaling': True,
 'bond_features_path': None,
 'bond_features_size': 0,
 'cache_cutoff': 10000,
 'checkpoint_dir': None,
 'checkpoint_frzn': None,
 'checkpoint_path': None,
 'checkpoint_paths': None,
 'class_balance': False,
 'config_path': None,
 'crossval_index_dir': None,
 'crossval_index_file': None,
 'crossval_index_sets': None,
 'cuda': False,
 'data_path': 'data/tox21.csv',
 'data_weights_path': None,
 'dataset_type': 'classification',
 'depth': 3,
 'depth_solvent': 3,
 'device': device(type='cpu'),
 'dropout': 0.0,
 'empty_cache': False,
 'ensemble_size': 1,
 'epochs': 30,
 'explicit_h': False,
 'extra_metrics': [],
 'features_generator': None,
 'features_only': False,
 'features_path': None,
 'features_scaling': True,
 'features_size': None,
 'ffn_hidden_size': 300,
 'ffn_num_layers': 2,
 'final_lr': 0.0001,
 'folds_file': None,
 'freeze_first_only': False,
 'frzn_ffn_layers': 0,
 'gpu': None,
 'grad_clip': None,
 'hidden_size': 300,
 'hidden_size_solvent': 300,
 'ignore_columns': None,
 'init_lr': 0.0001,
 'log_frequency': 10,
 'loss_function': 'binary_cross_entropy',
 'max_data_size': None,
 'max_lr': 0.001,
 'metric': 'auc',
 'metrics': ['auc'],
 'minimize_score': False,
 'mpn_shared': False,
 'multiclass_num_classes': 3,
 'no_atom_descriptor_scaling': False,
 'no_bond_features_scaling': False,
 'no_cache_mol': False,
 'no_cuda': False,
 'no_features_scaling': False,
 'num_folds': 1,
 'num_lrs': 1,
 'num_tasks': 12,
 'num_workers': 8,
 'number_of_molecules': 1,
 'overwrite_default_atom_features': False,
 'overwrite_default_bond_features': False,
 'phase_features_path': None,
 'pytorch_seed': 0,
 'quiet': False,
 'reaction': False,
 'reaction_mode': 'reac_diff',
 'reaction_solvent': False,
 'resume_experiment': False,
 'save_dir': 'tox21_checkpoints',
 'save_preds': False,
 'save_smiles_splits': False,
 'seed': 0,
 'separate_test_atom_descriptors_path': None,
 'separate_test_bond_features_path': None,
 'separate_test_features_path': None,
 'separate_test_path': None,
 'separate_test_phase_features_path': None,
 'separate_val_atom_descriptors_path': None,
 'separate_val_bond_features_path': None,
 'separate_val_features_path': None,
 'separate_val_path': None,
 'separate_val_phase_features_path': None,
 'show_individual_scores': False,
 'smiles_columns': ['smiles'],
 'spectra_activation': 'exp',
 'spectra_phase_mask_path': None,
 'spectra_target_floor': 1e-08,
 'split_key_molecule': 0,
 'split_sizes': (0.8, 0.1, 0.1),
 'split_type': 'random',
 'target_columns': None,
 'target_weights': None,
 'task_names': ['NR-AR',
                'NR-AR-LBD',
                'NR-AhR',
                'NR-Aromatase',
                'NR-ER',
                'NR-ER-LBD',
                'NR-PPAR-gamma',
                'SR-ARE',
                'SR-ATAD5',
                'SR-HSE',
                'SR-MMP',
                'SR-p53'],
 'test': False,
 'test_fold_index': None,
 'train_data_size': None,
 'undirected': False,
 'use_input_features': False,
 'val_fold_index': None,
 'warmup_epochs': 2.0}
Setting molecule featurization parameters to default.
Loading data
Number of tasks = 12
Fold 0
Splitting data with seed 0
Class sizes
NR-AR 0: 95.75%, 1: 4.25%
NR-AR-LBD 0: 96.49%, 1: 3.51%
NR-AhR 0: 88.27%, 1: 11.73%
NR-Aromatase 0: 94.85%, 1: 5.15%
NR-ER 0: 87.20%, 1: 12.80%
NR-ER-LBD 0: 94.97%, 1: 5.03%
NR-PPAR-gamma 0: 97.12%, 1: 2.88%
SR-ARE 0: 83.85%, 1: 16.15%
SR-ATAD5 0: 96.27%, 1: 3.73%
SR-HSE 0: 94.25%, 1: 5.75%
SR-MMP 0: 84.20%, 1: 15.80%
SR-p53 0: 93.76%, 1: 6.24%
Total size = 7,831 | train size = 6,264 | val size = 783 | test size = 784
Building model 0
MoleculeModel(
  (sigmoid): Sigmoid()
  (encoder): MPN(
    (encoder): ModuleList(
      (0): MPNEncoder(
        (dropout_layer): Dropout(p=0.0, inplace=False)
        (act_func): ReLU()
        (W_i): Linear(in_features=147, out_features=300, bias=False)
        (W_h): Linear(in_features=300, out_features=300, bias=False)
        (W_o): Linear(in_features=433, out_features=300, bias=True)
      )
    )
  )
  (ffn): Sequential(
    (0): Dropout(p=0.0, inplace=False)
    (1): Linear(in_features=300, out_features=300, bias=True)
    (2): ReLU()
    (3): Dropout(p=0.0, inplace=False)
    (4): Linear(in_features=300, out_features=12, bias=True)
  )
)
Number of parameters = 358,512
Epoch 0
Loss = 6.5307e-01, PNorm = 34.3449, GNorm = 0.8312, lr_0 = 1.3960e-04
Loss = 4.5877e-01, PNorm = 34.3571, GNorm = 0.5662, lr_0 = 1.7560e-04
Loss = 2.9521e-01, PNorm = 34.3763, GNorm = 0.2599, lr_0 = 2.1160e-04
Loss = 2.8976e-01, PNorm = 34.3854, GNorm = 0.2898, lr_0 = 2.4760e-04
Loss = 2.6006e-01, PNorm = 34.3925, GNorm = 0.2469, lr_0 = 2.8360e-04
Loss = 2.6143e-01, PNorm = 34.4011, GNorm = 0.1558, lr_0 = 3.1960e-04
Loss = 2.5971e-01, PNorm = 34.4157, GNorm = 0.2851, lr_0 = 3.5560e-04
Loss = 2.6849e-01, PNorm = 34.4322, GNorm = 0.1891, lr_0 = 3.9160e-04
Loss = 2.2575e-01, PNorm = 34.4519, GNorm = 0.2445, lr_0 = 4.2760e-04
Loss = 2.6066e-01, PNorm = 34.4675, GNorm = 0.2804, lr_0 = 4.6360e-04
Loss = 2.3630e-01, PNorm = 34.4893, GNorm = 0.3052, lr_0 = 4.9960e-04
Loss = 2.3820e-01, PNorm = 34.5100, GNorm = 0.2867, lr_0 = 5.3560e-04
Validation auc = 0.704701
Epoch 1
Loss = 2.0055e-01, PNorm = 34.5366, GNorm = 0.2783, lr_0 = 5.7520e-04
Loss = 2.3411e-01, PNorm = 34.5615, GNorm = 0.3816, lr_0 = 6.1120e-04
Loss = 2.5310e-01, PNorm = 34.5919, GNorm = 0.3701, lr_0 = 6.4720e-04
Loss = 2.4610e-01, PNorm = 34.6236, GNorm = 0.1797, lr_0 = 6.8320e-04
Loss = 2.1940e-01, PNorm = 34.6646, GNorm = 0.7460, lr_0 = 7.1920e-04
Loss = 2.4441e-01, PNorm = 34.6894, GNorm = 0.2689, lr_0 = 7.5520e-04
Loss = 2.2769e-01, PNorm = 34.7186, GNorm = 0.2866, lr_0 = 7.9120e-04
Loss = 2.2759e-01, PNorm = 34.7630, GNorm = 0.1540, lr_0 = 8.2720e-04
Loss = 1.9162e-01, PNorm = 34.8044, GNorm = 0.1257, lr_0 = 8.6320e-04
Loss = 2.4752e-01, PNorm = 34.8344, GNorm = 0.3356, lr_0 = 8.9920e-04
Loss = 2.5057e-01, PNorm = 34.8741, GNorm = 0.3442, lr_0 = 9.3520e-04
Loss = 2.1571e-01, PNorm = 34.9178, GNorm = 0.1454, lr_0 = 9.7120e-04
Loss = 2.3588e-01, PNorm = 34.9734, GNorm = 0.2065, lr_0 = 9.9869e-04
Loss = 4.2193e-01, PNorm = 34.9784, GNorm = 0.5296, lr_0 = 9.9803e-04
Validation auc = 0.731098
Epoch 2
Loss = 2.0823e-01, PNorm = 35.0337, GNorm = 0.1408, lr_0 = 9.9148e-04
Loss = 1.8985e-01, PNorm = 35.0801, GNorm = 0.1738, lr_0 = 9.8498e-04
Loss = 2.1912e-01, PNorm = 35.1163, GNorm = 0.1730, lr_0 = 9.7852e-04
Loss = 2.1624e-01, PNorm = 35.1800, GNorm = 0.1480, lr_0 = 9.7211e-04
Loss = 2.3044e-01, PNorm = 35.2436, GNorm = 0.2957, lr_0 = 9.6573e-04
Loss = 2.0933e-01, PNorm = 35.3008, GNorm = 0.1641, lr_0 = 9.5940e-04
Loss = 2.1513e-01, PNorm = 35.3587, GNorm = 0.1997, lr_0 = 9.5311e-04
Loss = 2.1238e-01, PNorm = 35.4289, GNorm = 0.1625, lr_0 = 9.4686e-04
Loss = 2.4717e-01, PNorm = 35.4899, GNorm = 0.1755, lr_0 = 9.4065e-04
Loss = 2.2437e-01, PNorm = 35.5388, GNorm = 0.1487, lr_0 = 9.3448e-04
Loss = 2.2531e-01, PNorm = 35.6021, GNorm = 0.1438, lr_0 = 9.2836e-04
Loss = 2.2510e-01, PNorm = 35.6530, GNorm = 0.2734, lr_0 = 9.2227e-04
Validation auc = 0.783985
Epoch 3
Loss = 2.1349e-01, PNorm = 35.7169, GNorm = 0.1472, lr_0 = 9.1562e-04
Loss = 2.1110e-01, PNorm = 35.7837, GNorm = 0.1955, lr_0 = 9.0961e-04
Loss = 2.0634e-01, PNorm = 35.8514, GNorm = 0.2648, lr_0 = 9.0365e-04
Loss = 2.0035e-01, PNorm = 35.9165, GNorm = 0.2183, lr_0 = 8.9772e-04
Loss = 2.2456e-01, PNorm = 35.9945, GNorm = 0.2919, lr_0 = 8.9184e-04
Loss = 2.0169e-01, PNorm = 36.0495, GNorm = 0.2063, lr_0 = 8.8599e-04
Loss = 2.0498e-01, PNorm = 36.0959, GNorm = 0.2289, lr_0 = 8.8018e-04
Loss = 2.1927e-01, PNorm = 36.1621, GNorm = 0.1616, lr_0 = 8.7441e-04
Loss = 2.0521e-01, PNorm = 36.2347, GNorm = 0.2980, lr_0 = 8.6867e-04
Loss = 2.1270e-01, PNorm = 36.2868, GNorm = 0.1452, lr_0 = 8.6298e-04
Loss = 2.1108e-01, PNorm = 36.3430, GNorm = 0.3232, lr_0 = 8.5732e-04
Loss = 2.0267e-01, PNorm = 36.3950, GNorm = 0.1854, lr_0 = 8.5170e-04
Loss = 2.0750e-01, PNorm = 36.4555, GNorm = 0.3880, lr_0 = 8.4611e-04
Validation auc = 0.813324
Epoch 4
Loss = 1.9931e-01, PNorm = 36.5045, GNorm = 0.2044, lr_0 = 8.4057e-04
Loss = 2.0314e-01, PNorm = 36.5641, GNorm = 0.1915, lr_0 = 8.3505e-04
Loss = 2.0661e-01, PNorm = 36.6230, GNorm = 0.6816, lr_0 = 8.2958e-04
Loss = 2.0563e-01, PNorm = 36.6835, GNorm = 0.2016, lr_0 = 8.2414e-04
Loss = 2.0492e-01, PNorm = 36.7605, GNorm = 0.2231, lr_0 = 8.1873e-04
Loss = 2.1853e-01, PNorm = 36.8313, GNorm = 0.1506, lr_0 = 8.1337e-04
Loss = 2.2009e-01, PNorm = 36.8997, GNorm = 0.2621, lr_0 = 8.0803e-04
Loss = 2.0930e-01, PNorm = 36.9482, GNorm = 0.3102, lr_0 = 8.0273e-04
Loss = 1.8700e-01, PNorm = 37.0263, GNorm = 0.1669, lr_0 = 7.9747e-04
Loss = 2.0039e-01, PNorm = 37.0845, GNorm = 0.3254, lr_0 = 7.9224e-04
Loss = 1.8640e-01, PNorm = 37.1409, GNorm = 0.1540, lr_0 = 7.8705e-04
Loss = 1.9675e-01, PNorm = 37.2069, GNorm = 0.3679, lr_0 = 7.8188e-04
Validation auc = 0.831339
Epoch 5
Loss = 1.8591e-01, PNorm = 37.2657, GNorm = 0.3614, lr_0 = 7.7625e-04
Loss = 1.8436e-01, PNorm = 37.3280, GNorm = 0.2269, lr_0 = 7.7116e-04
Loss = 2.0500e-01, PNorm = 37.3817, GNorm = 0.2535, lr_0 = 7.6610e-04
Loss = 1.9379e-01, PNorm = 37.4506, GNorm = 0.2348, lr_0 = 7.6108e-04
Loss = 1.9487e-01, PNorm = 37.5046, GNorm = 0.1711, lr_0 = 7.5609e-04
Loss = 2.1078e-01, PNorm = 37.5561, GNorm = 0.1802, lr_0 = 7.5113e-04
Loss = 1.9192e-01, PNorm = 37.6172, GNorm = 0.4397, lr_0 = 7.4620e-04
Loss = 1.8927e-01, PNorm = 37.6784, GNorm = 0.1437, lr_0 = 7.4131e-04
Loss = 2.0021e-01, PNorm = 37.7358, GNorm = 0.2099, lr_0 = 7.3645e-04
Loss = 1.8674e-01, PNorm = 37.7835, GNorm = 0.1713, lr_0 = 7.3162e-04
Loss = 1.7965e-01, PNorm = 37.8410, GNorm = 0.1952, lr_0 = 7.2682e-04
Loss = 2.2376e-01, PNorm = 37.8895, GNorm = 0.1431, lr_0 = 7.2206e-04
Loss = 2.0754e-01, PNorm = 37.9554, GNorm = 0.1494, lr_0 = 7.1732e-04
Validation auc = 0.834573
Epoch 6
Loss = 2.0481e-01, PNorm = 38.0345, GNorm = 0.1875, lr_0 = 7.1215e-04
Loss = 1.5679e-01, PNorm = 38.0941, GNorm = 0.1807, lr_0 = 7.0748e-04
Loss = 1.8636e-01, PNorm = 38.1528, GNorm = 0.2560, lr_0 = 7.0284e-04
Loss = 1.7036e-01, PNorm = 38.2149, GNorm = 0.2060, lr_0 = 6.9823e-04
Loss = 2.0232e-01, PNorm = 38.2662, GNorm = 0.2941, lr_0 = 6.9365e-04
Loss = 1.9491e-01, PNorm = 38.3247, GNorm = 0.1785, lr_0 = 6.8911e-04
Loss = 1.9377e-01, PNorm = 38.3738, GNorm = 0.5706, lr_0 = 6.8459e-04
Loss = 1.7842e-01, PNorm = 38.4243, GNorm = 0.1519, lr_0 = 6.8010e-04
Loss = 2.0950e-01, PNorm = 38.4790, GNorm = 0.6315, lr_0 = 6.7564e-04
Loss = 1.7292e-01, PNorm = 38.5423, GNorm = 0.1386, lr_0 = 6.7121e-04
Loss = 1.9703e-01, PNorm = 38.5904, GNorm = 0.1779, lr_0 = 6.6681e-04
Loss = 2.0072e-01, PNorm = 38.6338, GNorm = 0.3107, lr_0 = 6.6243e-04
Validation auc = 0.840063
Epoch 7
Loss = 2.0184e-01, PNorm = 38.7045, GNorm = 0.4983, lr_0 = 6.5766e-04
Loss = 1.8254e-01, PNorm = 38.7634, GNorm = 0.1237, lr_0 = 6.5335e-04
Loss = 1.9643e-01, PNorm = 38.8250, GNorm = 0.2171, lr_0 = 6.4906e-04
Loss = 1.8916e-01, PNorm = 38.8799, GNorm = 0.2043, lr_0 = 6.4481e-04
Loss = 1.9422e-01, PNorm = 38.9255, GNorm = 0.1714, lr_0 = 6.4058e-04
Loss = 1.8386e-01, PNorm = 38.9837, GNorm = 0.1655, lr_0 = 6.3638e-04
Loss = 2.0889e-01, PNorm = 39.0302, GNorm = 0.7187, lr_0 = 6.3220e-04
Loss = 1.9889e-01, PNorm = 39.0779, GNorm = 0.3188, lr_0 = 6.2806e-04
Loss = 2.0111e-01, PNorm = 39.1373, GNorm = 0.2335, lr_0 = 6.2394e-04
Loss = 1.7797e-01, PNorm = 39.1852, GNorm = 0.1575, lr_0 = 6.1985e-04
Loss = 1.7735e-01, PNorm = 39.2349, GNorm = 0.3306, lr_0 = 6.1578e-04
Loss = 1.9408e-01, PNorm = 39.2778, GNorm = 0.5266, lr_0 = 6.1175e-04
Loss = 1.7717e-01, PNorm = 39.3308, GNorm = 0.3221, lr_0 = 6.0774e-04
Validation auc = 0.842898
Epoch 8
Loss = 1.8107e-01, PNorm = 39.3828, GNorm = 0.1675, lr_0 = 6.0375e-04
Loss = 1.7335e-01, PNorm = 39.4282, GNorm = 0.2504, lr_0 = 5.9979e-04
Loss = 2.0116e-01, PNorm = 39.4809, GNorm = 0.2385, lr_0 = 5.9586e-04
Loss = 1.8067e-01, PNorm = 39.5334, GNorm = 0.1849, lr_0 = 5.9195e-04
Loss = 1.8293e-01, PNorm = 39.5880, GNorm = 0.2866, lr_0 = 5.8807e-04
Loss = 1.8359e-01, PNorm = 39.6312, GNorm = 0.1439, lr_0 = 5.8421e-04
Loss = 1.9681e-01, PNorm = 39.6744, GNorm = 0.2705, lr_0 = 5.8038e-04
Loss = 1.7440e-01, PNorm = 39.7195, GNorm = 0.2837, lr_0 = 5.7658e-04
Loss = 1.6439e-01, PNorm = 39.7586, GNorm = 0.3448, lr_0 = 5.7280e-04
Loss = 1.7959e-01, PNorm = 39.8065, GNorm = 0.3073, lr_0 = 5.6904e-04
Loss = 1.8055e-01, PNorm = 39.8464, GNorm = 0.1578, lr_0 = 5.6531e-04
Loss = 1.9276e-01, PNorm = 39.8922, GNorm = 0.1253, lr_0 = 5.6160e-04
Validation auc = 0.845757
Epoch 9
Loss = 1.7569e-01, PNorm = 39.9373, GNorm = 0.3990, lr_0 = 5.5755e-04
Loss = 1.7836e-01, PNorm = 39.9912, GNorm = 0.1848, lr_0 = 5.5390e-04
Loss = 1.7468e-01, PNorm = 40.0496, GNorm = 0.1972, lr_0 = 5.5026e-04
Loss = 1.8016e-01, PNorm = 40.1049, GNorm = 0.2257, lr_0 = 5.4666e-04
Loss = 1.8478e-01, PNorm = 40.1592, GNorm = 0.2058, lr_0 = 5.4307e-04
Loss = 1.8282e-01, PNorm = 40.1990, GNorm = 0.2325, lr_0 = 5.3951e-04
Loss = 1.8546e-01, PNorm = 40.2385, GNorm = 0.2107, lr_0 = 5.3597e-04
Loss = 1.8528e-01, PNorm = 40.2812, GNorm = 0.1958, lr_0 = 5.3246e-04
Loss = 1.7497e-01, PNorm = 40.3149, GNorm = 0.2040, lr_0 = 5.2897e-04
Loss = 1.7899e-01, PNorm = 40.3566, GNorm = 0.4588, lr_0 = 5.2550e-04
Loss = 1.8682e-01, PNorm = 40.3981, GNorm = 0.1784, lr_0 = 5.2205e-04
Loss = 1.8251e-01, PNorm = 40.4348, GNorm = 0.1325, lr_0 = 5.1863e-04
Loss = 1.6571e-01, PNorm = 40.4690, GNorm = 0.1822, lr_0 = 5.1523e-04
Validation auc = 0.849368
Epoch 10
Loss = 1.7397e-01, PNorm = 40.5175, GNorm = 0.4715, lr_0 = 5.1151e-04
Loss = 1.6429e-01, PNorm = 40.5693, GNorm = 0.3833, lr_0 = 5.0816e-04
Loss = 1.7993e-01, PNorm = 40.6092, GNorm = 0.1870, lr_0 = 5.0483e-04
Loss = 2.0506e-01, PNorm = 40.6529, GNorm = 0.4041, lr_0 = 5.0152e-04
Loss = 1.7830e-01, PNorm = 40.7007, GNorm = 0.1850, lr_0 = 4.9823e-04
Loss = 1.8769e-01, PNorm = 40.7401, GNorm = 0.2341, lr_0 = 4.9496e-04
Loss = 1.6471e-01, PNorm = 40.7857, GNorm = 0.2453, lr_0 = 4.9172e-04
Loss = 1.7500e-01, PNorm = 40.8226, GNorm = 0.1614, lr_0 = 4.8849e-04
Loss = 1.5178e-01, PNorm = 40.8583, GNorm = 0.1723, lr_0 = 4.8529e-04
Loss = 1.7735e-01, PNorm = 40.9004, GNorm = 0.2162, lr_0 = 4.8211e-04
Loss = 1.7246e-01, PNorm = 40.9375, GNorm = 0.2566, lr_0 = 4.7895e-04
Loss = 1.7694e-01, PNorm = 40.9667, GNorm = 0.1712, lr_0 = 4.7580e-04
Validation auc = 0.845450
Epoch 11
Loss = 1.4620e-01, PNorm = 41.0038, GNorm = 0.1608, lr_0 = 4.7268e-04
Loss = 1.6970e-01, PNorm = 41.0518, GNorm = 0.1631, lr_0 = 4.6959e-04
Loss = 1.7055e-01, PNorm = 41.0913, GNorm = 0.5418, lr_0 = 4.6651e-04
Loss = 1.7863e-01, PNorm = 41.1283, GNorm = 0.2633, lr_0 = 4.6345e-04
Loss = 1.7241e-01, PNorm = 41.1698, GNorm = 0.1949, lr_0 = 4.6041e-04
Loss = 1.9603e-01, PNorm = 41.2004, GNorm = 0.3822, lr_0 = 4.5739e-04
Loss = 1.7549e-01, PNorm = 41.2400, GNorm = 0.4823, lr_0 = 4.5439e-04
Loss = 1.6629e-01, PNorm = 41.2778, GNorm = 0.1984, lr_0 = 4.5141e-04
Loss = 1.8859e-01, PNorm = 41.3169, GNorm = 0.2178, lr_0 = 4.4845e-04
Loss = 1.6116e-01, PNorm = 41.3572, GNorm = 0.2946, lr_0 = 4.4551e-04
Loss = 1.5969e-01, PNorm = 41.3950, GNorm = 0.4511, lr_0 = 4.4259e-04
Loss = 1.7508e-01, PNorm = 41.4202, GNorm = 0.1799, lr_0 = 4.3969e-04
Loss = 1.7199e-01, PNorm = 41.4461, GNorm = 0.1786, lr_0 = 4.3680e-04
Validation auc = 0.847822
Epoch 12
Loss = 1.4750e-01, PNorm = 41.4804, GNorm = 0.2000, lr_0 = 4.3365e-04
Loss = 1.6726e-01, PNorm = 41.5117, GNorm = 0.2004, lr_0 = 4.3081e-04
Loss = 1.6022e-01, PNorm = 41.5431, GNorm = 0.4372, lr_0 = 4.2799e-04
Loss = 1.6458e-01, PNorm = 41.5795, GNorm = 0.2808, lr_0 = 4.2518e-04
Loss = 1.6298e-01, PNorm = 41.6118, GNorm = 0.2087, lr_0 = 4.2239e-04
Loss = 1.7162e-01, PNorm = 41.6431, GNorm = 0.1773, lr_0 = 4.1962e-04
Loss = 1.7368e-01, PNorm = 41.6792, GNorm = 0.4187, lr_0 = 4.1687e-04
Loss = 1.6651e-01, PNorm = 41.7116, GNorm = 0.1685, lr_0 = 4.1414e-04
Loss = 1.7696e-01, PNorm = 41.7419, GNorm = 0.4382, lr_0 = 4.1142e-04
Loss = 1.7357e-01, PNorm = 41.7846, GNorm = 0.5590, lr_0 = 4.0872e-04
Loss = 1.7271e-01, PNorm = 41.8160, GNorm = 0.3857, lr_0 = 4.0604e-04
Loss = 1.9002e-01, PNorm = 41.8439, GNorm = 0.4367, lr_0 = 4.0338e-04
Validation auc = 0.848672
Epoch 13
Loss = 1.6971e-01, PNorm = 41.8729, GNorm = 0.1562, lr_0 = 4.0047e-04
Loss = 1.7055e-01, PNorm = 41.9062, GNorm = 0.4403, lr_0 = 3.9785e-04
Loss = 1.5812e-01, PNorm = 41.9404, GNorm = 0.2642, lr_0 = 3.9524e-04
Loss = 1.6533e-01, PNorm = 41.9749, GNorm = 0.2522, lr_0 = 3.9264e-04
Loss = 1.5674e-01, PNorm = 42.0080, GNorm = 0.2197, lr_0 = 3.9007e-04
Loss = 1.6854e-01, PNorm = 42.0378, GNorm = 0.2498, lr_0 = 3.8751e-04
Loss = 1.6508e-01, PNorm = 42.0587, GNorm = 0.2182, lr_0 = 3.8497e-04
Loss = 1.7014e-01, PNorm = 42.0890, GNorm = 0.2750, lr_0 = 3.8245e-04
Loss = 1.5277e-01, PNorm = 42.1117, GNorm = 0.2323, lr_0 = 3.7994e-04
Loss = 1.7613e-01, PNorm = 42.1407, GNorm = 0.2158, lr_0 = 3.7745e-04
Loss = 1.7268e-01, PNorm = 42.1712, GNorm = 0.3561, lr_0 = 3.7497e-04
Loss = 1.6365e-01, PNorm = 42.2004, GNorm = 0.2014, lr_0 = 3.7251e-04
Loss = 1.8407e-01, PNorm = 42.2294, GNorm = 0.3436, lr_0 = 3.7007e-04
Validation auc = 0.852192
Epoch 14
Loss = 1.5204e-01, PNorm = 42.2544, GNorm = 0.3116, lr_0 = 3.6740e-04
Loss = 1.7047e-01, PNorm = 42.2844, GNorm = 0.1772, lr_0 = 3.6499e-04
Loss = 1.5539e-01, PNorm = 42.3143, GNorm = 0.2594, lr_0 = 3.6260e-04
Loss = 1.5456e-01, PNorm = 42.3458, GNorm = 0.1942, lr_0 = 3.6022e-04
Loss = 1.6450e-01, PNorm = 42.3765, GNorm = 0.2458, lr_0 = 3.5786e-04
Loss = 1.9084e-01, PNorm = 42.4012, GNorm = 0.2173, lr_0 = 3.5551e-04
Loss = 1.6515e-01, PNorm = 42.4286, GNorm = 0.3031, lr_0 = 3.5318e-04
Loss = 1.6769e-01, PNorm = 42.4597, GNorm = 0.2181, lr_0 = 3.5087e-04
Loss = 1.7901e-01, PNorm = 42.4846, GNorm = 0.1755, lr_0 = 3.4857e-04
Loss = 1.5735e-01, PNorm = 42.5116, GNorm = 0.2819, lr_0 = 3.4628e-04
Loss = 1.5330e-01, PNorm = 42.5389, GNorm = 0.2152, lr_0 = 3.4401e-04
Loss = 1.5702e-01, PNorm = 42.5648, GNorm = 0.1745, lr_0 = 3.4175e-04
Validation auc = 0.851344
Epoch 15
Loss = 1.5984e-01, PNorm = 42.5860, GNorm = 0.2234, lr_0 = 3.3951e-04
Loss = 1.5280e-01, PNorm = 42.6134, GNorm = 0.2925, lr_0 = 3.3729e-04
Loss = 1.5750e-01, PNorm = 42.6380, GNorm = 0.1721, lr_0 = 3.3508e-04
Loss = 1.4282e-01, PNorm = 42.6629, GNorm = 0.2776, lr_0 = 3.3288e-04
Loss = 1.6914e-01, PNorm = 42.6922, GNorm = 0.3226, lr_0 = 3.3070e-04
Loss = 1.5447e-01, PNorm = 42.7148, GNorm = 0.2466, lr_0 = 3.2853e-04
Loss = 1.8148e-01, PNorm = 42.7325, GNorm = 0.2953, lr_0 = 3.2637e-04
Loss = 1.5947e-01, PNorm = 42.7548, GNorm = 0.4062, lr_0 = 3.2423e-04
Loss = 1.7793e-01, PNorm = 42.7780, GNorm = 0.2514, lr_0 = 3.2211e-04
Loss = 1.6053e-01, PNorm = 42.8061, GNorm = 0.3284, lr_0 = 3.1999e-04
Loss = 1.7612e-01, PNorm = 42.8258, GNorm = 0.3513, lr_0 = 3.1790e-04
Loss = 1.6197e-01, PNorm = 42.8531, GNorm = 0.2443, lr_0 = 3.1581e-04
Loss = 1.5347e-01, PNorm = 42.8789, GNorm = 0.2351, lr_0 = 3.1374e-04
Validation auc = 0.853209
Epoch 16
Loss = 1.5005e-01, PNorm = 42.9042, GNorm = 0.2238, lr_0 = 3.1148e-04
Loss = 1.6528e-01, PNorm = 42.9262, GNorm = 0.2106, lr_0 = 3.0944e-04
Loss = 1.3981e-01, PNorm = 42.9485, GNorm = 0.1922, lr_0 = 3.0741e-04
Loss = 1.6476e-01, PNorm = 42.9709, GNorm = 0.2085, lr_0 = 3.0539e-04
Loss = 1.5293e-01, PNorm = 42.9959, GNorm = 0.2694, lr_0 = 3.0339e-04
Loss = 1.4960e-01, PNorm = 43.0228, GNorm = 0.2216, lr_0 = 3.0140e-04
Loss = 1.5991e-01, PNorm = 43.0457, GNorm = 0.3052, lr_0 = 2.9942e-04
Loss = 1.6012e-01, PNorm = 43.0647, GNorm = 0.2452, lr_0 = 2.9746e-04
Loss = 1.6838e-01, PNorm = 43.0858, GNorm = 0.2962, lr_0 = 2.9551e-04
Loss = 1.5534e-01, PNorm = 43.1023, GNorm = 0.3017, lr_0 = 2.9357e-04
Loss = 1.6420e-01, PNorm = 43.1221, GNorm = 0.2131, lr_0 = 2.9165e-04
Loss = 1.6705e-01, PNorm = 43.1383, GNorm = 0.2905, lr_0 = 2.8973e-04
Validation auc = 0.851549
Epoch 17
Loss = 1.6416e-01, PNorm = 43.1641, GNorm = 0.2242, lr_0 = 2.8765e-04
Loss = 1.6195e-01, PNorm = 43.1872, GNorm = 0.1985, lr_0 = 2.8576e-04
Loss = 1.5055e-01, PNorm = 43.2113, GNorm = 0.2628, lr_0 = 2.8389e-04
Loss = 1.3564e-01, PNorm = 43.2326, GNorm = 0.2211, lr_0 = 2.8202e-04
Loss = 1.6366e-01, PNorm = 43.2560, GNorm = 0.6448, lr_0 = 2.8017e-04
Loss = 1.5611e-01, PNorm = 43.2803, GNorm = 0.3582, lr_0 = 2.7834e-04
Loss = 1.6567e-01, PNorm = 43.3016, GNorm = 0.2958, lr_0 = 2.7651e-04
Loss = 1.5919e-01, PNorm = 43.3220, GNorm = 0.2448, lr_0 = 2.7470e-04
Loss = 1.5815e-01, PNorm = 43.3464, GNorm = 0.3672, lr_0 = 2.7290e-04
Loss = 1.6658e-01, PNorm = 43.3666, GNorm = 0.2144, lr_0 = 2.7111e-04
Loss = 1.5714e-01, PNorm = 43.3849, GNorm = 0.2680, lr_0 = 2.6933e-04
Loss = 1.4797e-01, PNorm = 43.4054, GNorm = 0.3666, lr_0 = 2.6756e-04
Loss = 1.6172e-01, PNorm = 43.4193, GNorm = 0.2552, lr_0 = 2.6581e-04
Validation auc = 0.851187
Epoch 18
Loss = 1.3964e-01, PNorm = 43.4426, GNorm = 0.3207, lr_0 = 2.6407e-04
Loss = 1.6805e-01, PNorm = 43.4585, GNorm = 0.2110, lr_0 = 2.6234e-04
Loss = 1.6335e-01, PNorm = 43.4769, GNorm = 0.2506, lr_0 = 2.6062e-04
Loss = 1.5725e-01, PNorm = 43.5006, GNorm = 0.2924, lr_0 = 2.5891e-04
Loss = 1.4892e-01, PNorm = 43.5173, GNorm = 0.3623, lr_0 = 2.5721e-04
Loss = 1.6544e-01, PNorm = 43.5380, GNorm = 0.4595, lr_0 = 2.5552e-04
Loss = 1.5926e-01, PNorm = 43.5526, GNorm = 0.2213, lr_0 = 2.5385e-04
Loss = 1.3923e-01, PNorm = 43.5735, GNorm = 0.2503, lr_0 = 2.5218e-04
Loss = 1.5979e-01, PNorm = 43.5925, GNorm = 0.3118, lr_0 = 2.5053e-04
Loss = 1.5544e-01, PNorm = 43.6088, GNorm = 0.1832, lr_0 = 2.4889e-04
Loss = 1.4091e-01, PNorm = 43.6261, GNorm = 0.2439, lr_0 = 2.4725e-04
Loss = 1.6116e-01, PNorm = 43.6421, GNorm = 0.2132, lr_0 = 2.4563e-04
Loss = 1.4945e-01, PNorm = 43.6580, GNorm = 0.2011, lr_0 = 2.4402e-04
Loss = 1.5317e-01, PNorm = 43.6595, GNorm = 0.3422, lr_0 = 2.4386e-04
Validation auc = 0.855243
Epoch 19
Loss = 1.3388e-01, PNorm = 43.6788, GNorm = 0.2716, lr_0 = 2.4226e-04
Loss = 1.6670e-01, PNorm = 43.6964, GNorm = 0.2580, lr_0 = 2.4067e-04
Loss = 1.5683e-01, PNorm = 43.7160, GNorm = 0.2288, lr_0 = 2.3910e-04
Loss = 1.4204e-01, PNorm = 43.7368, GNorm = 0.2855, lr_0 = 2.3753e-04
Loss = 1.6017e-01, PNorm = 43.7526, GNorm = 0.2101, lr_0 = 2.3597e-04
Loss = 1.4562e-01, PNorm = 43.7662, GNorm = 0.2602, lr_0 = 2.3442e-04
Loss = 1.6134e-01, PNorm = 43.7835, GNorm = 0.3332, lr_0 = 2.3289e-04
Loss = 1.5004e-01, PNorm = 43.8006, GNorm = 0.1569, lr_0 = 2.3136e-04
Loss = 1.5089e-01, PNorm = 43.8182, GNorm = 0.3760, lr_0 = 2.2984e-04
Loss = 1.5329e-01, PNorm = 43.8334, GNorm = 0.1869, lr_0 = 2.2833e-04
Loss = 1.5203e-01, PNorm = 43.8480, GNorm = 0.3180, lr_0 = 2.2684e-04
Loss = 1.5934e-01, PNorm = 43.8679, GNorm = 0.1941, lr_0 = 2.2535e-04
Validation auc = 0.854152
Epoch 20
Loss = 1.4811e-01, PNorm = 43.8836, GNorm = 0.2551, lr_0 = 2.2372e-04
Loss = 1.5740e-01, PNorm = 43.9009, GNorm = 0.2736, lr_0 = 2.2226e-04
Loss = 1.3601e-01, PNorm = 43.9186, GNorm = 0.2498, lr_0 = 2.2080e-04
Loss = 1.6859e-01, PNorm = 43.9306, GNorm = 0.2144, lr_0 = 2.1935e-04
Loss = 1.6092e-01, PNorm = 43.9433, GNorm = 0.2486, lr_0 = 2.1791e-04
Loss = 1.4265e-01, PNorm = 43.9594, GNorm = 0.2418, lr_0 = 2.1649e-04
Loss = 1.4279e-01, PNorm = 43.9784, GNorm = 0.1575, lr_0 = 2.1507e-04
Loss = 1.4888e-01, PNorm = 43.9914, GNorm = 0.2605, lr_0 = 2.1366e-04
Loss = 1.5527e-01, PNorm = 44.0066, GNorm = 0.3405, lr_0 = 2.1225e-04
Loss = 1.4124e-01, PNorm = 44.0238, GNorm = 0.2767, lr_0 = 2.1086e-04
Loss = 1.5434e-01, PNorm = 44.0360, GNorm = 0.2213, lr_0 = 2.0948e-04
Loss = 1.5034e-01, PNorm = 44.0507, GNorm = 0.2947, lr_0 = 2.0811e-04
Loss = 1.5191e-01, PNorm = 44.0658, GNorm = 0.3007, lr_0 = 2.0674e-04
Loss = 1.1234e-01, PNorm = 44.0681, GNorm = 0.6844, lr_0 = 2.0661e-04
Validation auc = 0.856520
Epoch 21
Loss = 1.3997e-01, PNorm = 44.0839, GNorm = 0.1874, lr_0 = 2.0525e-04
Loss = 1.4739e-01, PNorm = 44.0988, GNorm = 0.3470, lr_0 = 2.0391e-04
Loss = 1.3784e-01, PNorm = 44.1122, GNorm = 0.4946, lr_0 = 2.0257e-04
Loss = 1.6580e-01, PNorm = 44.1255, GNorm = 0.2507, lr_0 = 2.0124e-04
Loss = 1.5038e-01, PNorm = 44.1406, GNorm = 0.3190, lr_0 = 1.9992e-04
Loss = 1.4825e-01, PNorm = 44.1537, GNorm = 0.3701, lr_0 = 1.9861e-04
Loss = 1.2914e-01, PNorm = 44.1668, GNorm = 0.3410, lr_0 = 1.9731e-04
Loss = 1.4252e-01, PNorm = 44.1775, GNorm = 0.2055, lr_0 = 1.9601e-04
Loss = 1.6710e-01, PNorm = 44.1914, GNorm = 0.2157, lr_0 = 1.9473e-04
Loss = 1.5632e-01, PNorm = 44.2057, GNorm = 0.2170, lr_0 = 1.9345e-04
Loss = 1.6009e-01, PNorm = 44.2213, GNorm = 0.2768, lr_0 = 1.9218e-04
Loss = 1.4313e-01, PNorm = 44.2391, GNorm = 0.3240, lr_0 = 1.9092e-04
Validation auc = 0.856948
Epoch 22
Loss = 1.3465e-01, PNorm = 44.2489, GNorm = 0.2572, lr_0 = 1.8967e-04
Loss = 1.5753e-01, PNorm = 44.2624, GNorm = 0.2541, lr_0 = 1.8843e-04
Loss = 1.5379e-01, PNorm = 44.2763, GNorm = 0.2470, lr_0 = 1.8719e-04
Loss = 1.6092e-01, PNorm = 44.2874, GNorm = 0.2652, lr_0 = 1.8596e-04
Loss = 1.3962e-01, PNorm = 44.3006, GNorm = 0.1907, lr_0 = 1.8474e-04
Loss = 1.5191e-01, PNorm = 44.3098, GNorm = 0.4067, lr_0 = 1.8353e-04
Loss = 1.5230e-01, PNorm = 44.3227, GNorm = 0.3131, lr_0 = 1.8233e-04
Loss = 1.3698e-01, PNorm = 44.3341, GNorm = 0.3481, lr_0 = 1.8113e-04
Loss = 1.5178e-01, PNorm = 44.3512, GNorm = 0.2776, lr_0 = 1.7995e-04
Loss = 1.5446e-01, PNorm = 44.3630, GNorm = 0.1660, lr_0 = 1.7877e-04
Loss = 1.4060e-01, PNorm = 44.3795, GNorm = 0.2316, lr_0 = 1.7759e-04
Loss = 1.4018e-01, PNorm = 44.3937, GNorm = 0.2132, lr_0 = 1.7643e-04
Loss = 1.3723e-01, PNorm = 44.4072, GNorm = 0.3057, lr_0 = 1.7527e-04
Validation auc = 0.855799
Epoch 23
Loss = 1.4269e-01, PNorm = 44.4204, GNorm = 0.2178, lr_0 = 1.7401e-04
Loss = 1.4127e-01, PNorm = 44.4342, GNorm = 0.1933, lr_0 = 1.7287e-04
Loss = 1.5061e-01, PNorm = 44.4462, GNorm = 0.2343, lr_0 = 1.7173e-04
Loss = 1.5345e-01, PNorm = 44.4594, GNorm = 0.3438, lr_0 = 1.7061e-04
Loss = 1.5822e-01, PNorm = 44.4685, GNorm = 0.2013, lr_0 = 1.6949e-04
Loss = 1.4557e-01, PNorm = 44.4769, GNorm = 0.2993, lr_0 = 1.6838e-04
Loss = 1.3678e-01, PNorm = 44.4905, GNorm = 0.3199, lr_0 = 1.6727e-04
Loss = 1.4791e-01, PNorm = 44.5010, GNorm = 0.2070, lr_0 = 1.6618e-04
Loss = 1.5453e-01, PNorm = 44.5126, GNorm = 0.4533, lr_0 = 1.6509e-04
Loss = 1.3145e-01, PNorm = 44.5228, GNorm = 0.2904, lr_0 = 1.6401e-04
Loss = 1.5013e-01, PNorm = 44.5355, GNorm = 0.2166, lr_0 = 1.6293e-04
Loss = 1.4422e-01, PNorm = 44.5469, GNorm = 0.5303, lr_0 = 1.6186e-04
Validation auc = 0.856078
Epoch 24
Loss = 1.3054e-01, PNorm = 44.5610, GNorm = 0.4015, lr_0 = 1.6069e-04
Loss = 1.3929e-01, PNorm = 44.5731, GNorm = 0.6512, lr_0 = 1.5964e-04
Loss = 1.3939e-01, PNorm = 44.5835, GNorm = 0.2443, lr_0 = 1.5859e-04
Loss = 1.3737e-01, PNorm = 44.5942, GNorm = 0.2755, lr_0 = 1.5755e-04
Loss = 1.6057e-01, PNorm = 44.6034, GNorm = 0.3188, lr_0 = 1.5652e-04
Loss = 1.4004e-01, PNorm = 44.6180, GNorm = 0.3463, lr_0 = 1.5549e-04
Loss = 1.4927e-01, PNorm = 44.6278, GNorm = 0.6599, lr_0 = 1.5447e-04
Loss = 1.3484e-01, PNorm = 44.6400, GNorm = 0.3091, lr_0 = 1.5346e-04
Loss = 1.5179e-01, PNorm = 44.6465, GNorm = 0.4479, lr_0 = 1.5246e-04
Loss = 1.4999e-01, PNorm = 44.6574, GNorm = 0.4885, lr_0 = 1.5146e-04
Loss = 1.6234e-01, PNorm = 44.6660, GNorm = 0.3510, lr_0 = 1.5046e-04
Loss = 1.5085e-01, PNorm = 44.6768, GNorm = 0.2527, lr_0 = 1.4948e-04
Loss = 1.4034e-01, PNorm = 44.6855, GNorm = 0.2482, lr_0 = 1.4850e-04
Validation auc = 0.856831
Epoch 25
Loss = 1.4098e-01, PNorm = 44.6968, GNorm = 0.2543, lr_0 = 1.4752e-04
Loss = 1.3225e-01, PNorm = 44.7061, GNorm = 0.2174, lr_0 = 1.4655e-04
Loss = 1.6707e-01, PNorm = 44.7150, GNorm = 0.4205, lr_0 = 1.4559e-04
Loss = 1.4642e-01, PNorm = 44.7253, GNorm = 0.2655, lr_0 = 1.4464e-04
Loss = 1.4096e-01, PNorm = 44.7379, GNorm = 0.2186, lr_0 = 1.4369e-04
Loss = 1.4476e-01, PNorm = 44.7488, GNorm = 0.3866, lr_0 = 1.4275e-04
Loss = 1.4301e-01, PNorm = 44.7591, GNorm = 0.2330, lr_0 = 1.4181e-04
Loss = 1.4699e-01, PNorm = 44.7642, GNorm = 0.2948, lr_0 = 1.4088e-04
Loss = 1.2755e-01, PNorm = 44.7734, GNorm = 0.2989, lr_0 = 1.3996e-04
Loss = 1.3810e-01, PNorm = 44.7847, GNorm = 0.2315, lr_0 = 1.3904e-04
Loss = 1.4986e-01, PNorm = 44.7940, GNorm = 0.2732, lr_0 = 1.3813e-04
Loss = 1.5133e-01, PNorm = 44.8063, GNorm = 0.2465, lr_0 = 1.3722e-04
Validation auc = 0.854500
Epoch 26
Loss = 1.6241e-01, PNorm = 44.8161, GNorm = 0.3025, lr_0 = 1.3623e-04
Loss = 1.3848e-01, PNorm = 44.8270, GNorm = 0.2666, lr_0 = 1.3534e-04
Loss = 1.4566e-01, PNorm = 44.8362, GNorm = 0.2576, lr_0 = 1.3445e-04
Loss = 1.4861e-01, PNorm = 44.8470, GNorm = 0.3314, lr_0 = 1.3357e-04
Loss = 1.5319e-01, PNorm = 44.8552, GNorm = 0.3168, lr_0 = 1.3270e-04
Loss = 1.5582e-01, PNorm = 44.8654, GNorm = 0.2066, lr_0 = 1.3183e-04
Loss = 1.3676e-01, PNorm = 44.8743, GNorm = 0.2202, lr_0 = 1.3096e-04
Loss = 1.1950e-01, PNorm = 44.8854, GNorm = 0.2544, lr_0 = 1.3010e-04
Loss = 1.4799e-01, PNorm = 44.8937, GNorm = 0.2432, lr_0 = 1.2925e-04
Loss = 1.2157e-01, PNorm = 44.9029, GNorm = 0.2867, lr_0 = 1.2840e-04
Loss = 1.4449e-01, PNorm = 44.9112, GNorm = 0.2331, lr_0 = 1.2756e-04
Loss = 1.4596e-01, PNorm = 44.9184, GNorm = 0.3675, lr_0 = 1.2672e-04
Loss = 1.4044e-01, PNorm = 44.9253, GNorm = 0.3614, lr_0 = 1.2589e-04
Validation auc = 0.854730
Epoch 27
Loss = 1.2478e-01, PNorm = 44.9355, GNorm = 0.3881, lr_0 = 1.2498e-04
Loss = 1.5139e-01, PNorm = 44.9441, GNorm = 0.5052, lr_0 = 1.2417e-04
Loss = 1.3320e-01, PNorm = 44.9527, GNorm = 0.2419, lr_0 = 1.2335e-04
Loss = 1.4376e-01, PNorm = 44.9593, GNorm = 0.4959, lr_0 = 1.2254e-04
Loss = 1.3599e-01, PNorm = 44.9677, GNorm = 0.2680, lr_0 = 1.2174e-04
Loss = 1.4678e-01, PNorm = 44.9763, GNorm = 0.3629, lr_0 = 1.2094e-04
Loss = 1.3732e-01, PNorm = 44.9858, GNorm = 0.3240, lr_0 = 1.2015e-04
Loss = 1.4638e-01, PNorm = 44.9945, GNorm = 0.2246, lr_0 = 1.1936e-04
Loss = 1.3957e-01, PNorm = 45.0015, GNorm = 0.3269, lr_0 = 1.1858e-04
Loss = 1.4904e-01, PNorm = 45.0077, GNorm = 0.2945, lr_0 = 1.1780e-04
Loss = 1.3475e-01, PNorm = 45.0154, GNorm = 0.4299, lr_0 = 1.1703e-04
Loss = 1.4190e-01, PNorm = 45.0237, GNorm = 0.2410, lr_0 = 1.1626e-04
Validation auc = 0.856774
Epoch 28
Loss = 1.5420e-01, PNorm = 45.0340, GNorm = 0.4734, lr_0 = 1.1542e-04
Loss = 1.2646e-01, PNorm = 45.0443, GNorm = 0.2716, lr_0 = 1.1466e-04
Loss = 1.4519e-01, PNorm = 45.0522, GNorm = 0.3271, lr_0 = 1.1391e-04
Loss = 1.5322e-01, PNorm = 45.0603, GNorm = 0.2751, lr_0 = 1.1317e-04
Loss = 1.3291e-01, PNorm = 45.0687, GNorm = 0.2098, lr_0 = 1.1242e-04
Loss = 1.3909e-01, PNorm = 45.0760, GNorm = 0.2415, lr_0 = 1.1169e-04
Loss = 1.4762e-01, PNorm = 45.0830, GNorm = 0.2659, lr_0 = 1.1095e-04
Loss = 1.4407e-01, PNorm = 45.0921, GNorm = 0.2870, lr_0 = 1.1023e-04
Loss = 1.3576e-01, PNorm = 45.1004, GNorm = 0.2876, lr_0 = 1.0950e-04
Loss = 1.4960e-01, PNorm = 45.1073, GNorm = 0.2838, lr_0 = 1.0879e-04
Loss = 1.2802e-01, PNorm = 45.1153, GNorm = 0.3387, lr_0 = 1.0807e-04
Loss = 1.4968e-01, PNorm = 45.1216, GNorm = 0.3342, lr_0 = 1.0736e-04
Loss = 1.2501e-01, PNorm = 45.1294, GNorm = 0.2055, lr_0 = 1.0666e-04
Validation auc = 0.855077
Epoch 29
Loss = 1.5268e-01, PNorm = 45.1335, GNorm = 0.3315, lr_0 = 1.0596e-04
Loss = 1.3888e-01, PNorm = 45.1406, GNorm = 0.3095, lr_0 = 1.0527e-04
Loss = 1.2816e-01, PNorm = 45.1465, GNorm = 0.3613, lr_0 = 1.0458e-04
Loss = 1.2534e-01, PNorm = 45.1536, GNorm = 0.2787, lr_0 = 1.0389e-04
Loss = 1.4784e-01, PNorm = 45.1605, GNorm = 0.2615, lr_0 = 1.0321e-04
Loss = 1.3167e-01, PNorm = 45.1684, GNorm = 0.2778, lr_0 = 1.0253e-04
Loss = 1.4112e-01, PNorm = 45.1742, GNorm = 0.2563, lr_0 = 1.0186e-04
Loss = 1.3294e-01, PNorm = 45.1824, GNorm = 0.3685, lr_0 = 1.0119e-04
Loss = 1.4971e-01, PNorm = 45.1872, GNorm = 0.3632, lr_0 = 1.0053e-04
Loss = 1.3910e-01, PNorm = 45.1959, GNorm = 0.3179, lr_0 = 1.0000e-04
Loss = 1.5085e-01, PNorm = 45.2035, GNorm = 0.3616, lr_0 = 1.0000e-04
Loss = 1.2700e-01, PNorm = 45.2109, GNorm = 0.2752, lr_0 = 1.0000e-04
Validation auc = 0.855867
Model 0 best validation auc = 0.856948 on epoch 21
Loading pretrained parameter "encoder.encoder.0.cached_zero_vector".
Loading pretrained parameter "encoder.encoder.0.W_i.weight".
Loading pretrained parameter "encoder.encoder.0.W_h.weight".
Loading pretrained parameter "encoder.encoder.0.W_o.weight".
Loading pretrained parameter "encoder.encoder.0.W_o.bias".
Loading pretrained parameter "ffn.1.weight".
Loading pretrained parameter "ffn.1.bias".
Loading pretrained parameter "ffn.4.weight".
Loading pretrained parameter "ffn.4.bias".
Model 0 test auc = 0.836542
Ensemble test auc = 0.836542
1-fold cross validation
	Seed 0 ==> test auc = 0.836542
Overall test auc = 0.836542 +/- 0.000000
Elapsed time = 0:04:41
