Command line
python toxTrain.py
Args
{'activation': 'ReLU',
 'adding_h': False,
 'aggregation': 'mean',
 'aggregation_norm': 100,
 'atom_descriptor_scaling': True,
 'atom_descriptors': None,
 'atom_descriptors_path': None,
 'atom_descriptors_size': 0,
 'atom_features_size': 0,
 'atom_messages': False,
 'batch_size': 50,
 'bias': False,
 'bias_solvent': False,
 'bond_feature_scaling': True,
 'bond_features_path': None,
 'bond_features_size': 0,
 'cache_cutoff': 10000,
 'checkpoint_dir': None,
 'checkpoint_frzn': None,
 'checkpoint_path': None,
 'checkpoint_paths': None,
 'class_balance': False,
 'config_path': None,
 'crossval_index_dir': None,
 'crossval_index_file': None,
 'crossval_index_sets': None,
 'cuda': False,
 'data_path': 'data/tox21.csv',
 'data_weights_path': None,
 'dataset_type': 'classification',
 'depth': 3,
 'depth_solvent': 3,
 'device': device(type='cpu'),
 'dropout': 0.0,
 'empty_cache': False,
 'ensemble_size': 1,
 'epochs': 30,
 'explicit_h': False,
 'extra_metrics': [],
 'features_generator': None,
 'features_only': False,
 'features_path': None,
 'features_scaling': True,
 'features_size': None,
 'ffn_hidden_size': 300,
 'ffn_num_layers': 2,
 'final_lr': 0.0001,
 'folds_file': None,
 'freeze_first_only': False,
 'frzn_ffn_layers': 0,
 'gpu': None,
 'grad_clip': None,
 'hidden_size': 300,
 'hidden_size_solvent': 300,
 'ignore_columns': None,
 'init_lr': 0.0001,
 'log_frequency': 10,
 'loss_function': 'binary_cross_entropy',
 'max_data_size': None,
 'max_lr': 0.001,
 'metric': 'auc',
 'metrics': ['auc'],
 'minimize_score': False,
 'mpn_shared': False,
 'multiclass_num_classes': 3,
 'no_atom_descriptor_scaling': False,
 'no_bond_features_scaling': False,
 'no_cache_mol': False,
 'no_cuda': False,
 'no_features_scaling': False,
 'num_folds': 1,
 'num_lrs': 1,
 'num_tasks': 12,
 'num_workers': 8,
 'number_of_molecules': 1,
 'overwrite_default_atom_features': False,
 'overwrite_default_bond_features': False,
 'phase_features_path': None,
 'pytorch_seed': 0,
 'quiet': False,
 'reaction': False,
 'reaction_mode': 'reac_diff',
 'reaction_solvent': False,
 'resume_experiment': False,
 'save_dir': 'tox21_checkpoints2',
 'save_preds': False,
 'save_smiles_splits': False,
 'seed': 0,
 'separate_test_atom_descriptors_path': None,
 'separate_test_bond_features_path': None,
 'separate_test_features_path': None,
 'separate_test_path': None,
 'separate_test_phase_features_path': None,
 'separate_val_atom_descriptors_path': None,
 'separate_val_bond_features_path': None,
 'separate_val_features_path': None,
 'separate_val_path': None,
 'separate_val_phase_features_path': None,
 'show_individual_scores': False,
 'smiles_columns': ['smiles'],
 'spectra_activation': 'exp',
 'spectra_phase_mask_path': None,
 'spectra_target_floor': 1e-08,
 'split_key_molecule': 0,
 'split_sizes': (0.8, 0.1, 0.1),
 'split_type': 'random',
 'target_columns': None,
 'target_weights': None,
 'task_names': ['NR-AR',
                'NR-AR-LBD',
                'NR-AhR',
                'NR-Aromatase',
                'NR-ER',
                'NR-ER-LBD',
                'NR-PPAR-gamma',
                'SR-ARE',
                'SR-ATAD5',
                'SR-HSE',
                'SR-MMP',
                'SR-p53'],
 'test': False,
 'test_fold_index': None,
 'train_data_size': None,
 'undirected': False,
 'use_input_features': False,
 'val_fold_index': None,
 'warmup_epochs': 2.0}
Setting molecule featurization parameters to default.
Loading data
Number of tasks = 12
Fold 0
Splitting data with seed 0
Class sizes
NR-AR 0: 95.75%, 1: 4.25%
NR-AR-LBD 0: 96.49%, 1: 3.51%
NR-AhR 0: 88.27%, 1: 11.73%
NR-Aromatase 0: 94.85%, 1: 5.15%
NR-ER 0: 87.20%, 1: 12.80%
NR-ER-LBD 0: 94.97%, 1: 5.03%
NR-PPAR-gamma 0: 97.12%, 1: 2.88%
SR-ARE 0: 83.85%, 1: 16.15%
SR-ATAD5 0: 96.27%, 1: 3.73%
SR-HSE 0: 94.25%, 1: 5.75%
SR-MMP 0: 84.20%, 1: 15.80%
SR-p53 0: 93.76%, 1: 6.24%
Total size = 7,831 | train size = 6,264 | val size = 783 | test size = 784
Building model 0
MoleculeModel(
  (sigmoid): Sigmoid()
  (encoder): MPN(
    (encoder): ModuleList(
      (0): MPNEncoder(
        (dropout_layer): Dropout(p=0.0, inplace=False)
        (act_func): ReLU()
        (W_i): Linear(in_features=147, out_features=300, bias=False)
        (W_h): Linear(in_features=300, out_features=300, bias=False)
        (W_o): Linear(in_features=433, out_features=300, bias=True)
      )
    )
  )
  (ffn): Sequential(
    (0): Dropout(p=0.0, inplace=False)
    (1): Linear(in_features=300, out_features=300, bias=True)
    (2): ReLU()
    (3): Dropout(p=0.0, inplace=False)
    (4): Linear(in_features=300, out_features=12, bias=True)
  )
)
Number of parameters = 358,512
Epoch 0
Loss = 6.5307e-01, PNorm = 34.3449, GNorm = 0.8312, lr_0 = 1.3960e-04
Loss = 4.5877e-01, PNorm = 34.3571, GNorm = 0.5662, lr_0 = 1.7560e-04
Loss = 2.9521e-01, PNorm = 34.3763, GNorm = 0.2599, lr_0 = 2.1160e-04
Loss = 2.8976e-01, PNorm = 34.3854, GNorm = 0.2898, lr_0 = 2.4760e-04
Loss = 2.6006e-01, PNorm = 34.3925, GNorm = 0.2469, lr_0 = 2.8360e-04
Loss = 2.6143e-01, PNorm = 34.4011, GNorm = 0.1558, lr_0 = 3.1960e-04
Loss = 2.5971e-01, PNorm = 34.4157, GNorm = 0.2851, lr_0 = 3.5560e-04
Loss = 2.6849e-01, PNorm = 34.4322, GNorm = 0.1891, lr_0 = 3.9160e-04
Loss = 2.2575e-01, PNorm = 34.4519, GNorm = 0.2445, lr_0 = 4.2760e-04
Loss = 2.6066e-01, PNorm = 34.4675, GNorm = 0.2804, lr_0 = 4.6360e-04
Loss = 2.3630e-01, PNorm = 34.4893, GNorm = 0.3052, lr_0 = 4.9960e-04
Loss = 2.3820e-01, PNorm = 34.5100, GNorm = 0.2867, lr_0 = 5.3560e-04
Validation auc = 0.704701
Epoch 1
Loss = 2.0055e-01, PNorm = 34.5366, GNorm = 0.2783, lr_0 = 5.7520e-04
Loss = 2.3411e-01, PNorm = 34.5615, GNorm = 0.3816, lr_0 = 6.1120e-04
Loss = 2.5310e-01, PNorm = 34.5919, GNorm = 0.3701, lr_0 = 6.4720e-04
Loss = 2.4610e-01, PNorm = 34.6236, GNorm = 0.1797, lr_0 = 6.8320e-04
Loss = 2.1940e-01, PNorm = 34.6646, GNorm = 0.7460, lr_0 = 7.1920e-04
Loss = 2.4441e-01, PNorm = 34.6894, GNorm = 0.2689, lr_0 = 7.5520e-04
Loss = 2.2769e-01, PNorm = 34.7186, GNorm = 0.2866, lr_0 = 7.9120e-04
Loss = 2.2759e-01, PNorm = 34.7630, GNorm = 0.1540, lr_0 = 8.2720e-04
Loss = 1.9162e-01, PNorm = 34.8044, GNorm = 0.1257, lr_0 = 8.6320e-04
Loss = 2.4752e-01, PNorm = 34.8344, GNorm = 0.3356, lr_0 = 8.9920e-04
Loss = 2.5057e-01, PNorm = 34.8741, GNorm = 0.3442, lr_0 = 9.3520e-04
Loss = 2.1571e-01, PNorm = 34.9178, GNorm = 0.1454, lr_0 = 9.7120e-04
Loss = 2.3588e-01, PNorm = 34.9734, GNorm = 0.2065, lr_0 = 9.9869e-04
Loss = 4.2193e-01, PNorm = 34.9784, GNorm = 0.5296, lr_0 = 9.9803e-04
Validation auc = 0.731098
Epoch 2
Loss = 2.0823e-01, PNorm = 35.0337, GNorm = 0.1408, lr_0 = 9.9148e-04
Loss = 1.8985e-01, PNorm = 35.0801, GNorm = 0.1738, lr_0 = 9.8498e-04
Loss = 2.1912e-01, PNorm = 35.1163, GNorm = 0.1730, lr_0 = 9.7852e-04
Loss = 2.1624e-01, PNorm = 35.1800, GNorm = 0.1480, lr_0 = 9.7211e-04
Loss = 2.3044e-01, PNorm = 35.2436, GNorm = 0.2957, lr_0 = 9.6573e-04
Loss = 2.0933e-01, PNorm = 35.3008, GNorm = 0.1641, lr_0 = 9.5940e-04
Loss = 2.1513e-01, PNorm = 35.3587, GNorm = 0.1997, lr_0 = 9.5311e-04
Loss = 2.1238e-01, PNorm = 35.4289, GNorm = 0.1625, lr_0 = 9.4686e-04
Loss = 2.4717e-01, PNorm = 35.4899, GNorm = 0.1755, lr_0 = 9.4065e-04
Loss = 2.2437e-01, PNorm = 35.5388, GNorm = 0.1487, lr_0 = 9.3448e-04
Loss = 2.2531e-01, PNorm = 35.6021, GNorm = 0.1438, lr_0 = 9.2836e-04
Loss = 2.2510e-01, PNorm = 35.6530, GNorm = 0.2734, lr_0 = 9.2227e-04
Validation auc = 0.783985
Epoch 3
Loss = 2.1349e-01, PNorm = 35.7169, GNorm = 0.1472, lr_0 = 9.1562e-04
Loss = 2.1110e-01, PNorm = 35.7837, GNorm = 0.1955, lr_0 = 9.0961e-04
Loss = 2.0634e-01, PNorm = 35.8514, GNorm = 0.2648, lr_0 = 9.0365e-04
Loss = 2.0035e-01, PNorm = 35.9165, GNorm = 0.2183, lr_0 = 8.9772e-04
Loss = 2.2456e-01, PNorm = 35.9945, GNorm = 0.2919, lr_0 = 8.9184e-04
Loss = 2.0169e-01, PNorm = 36.0495, GNorm = 0.2063, lr_0 = 8.8599e-04
Loss = 2.0498e-01, PNorm = 36.0959, GNorm = 0.2289, lr_0 = 8.8018e-04
Loss = 2.1927e-01, PNorm = 36.1621, GNorm = 0.1616, lr_0 = 8.7441e-04
Loss = 2.0521e-01, PNorm = 36.2347, GNorm = 0.2980, lr_0 = 8.6867e-04
Loss = 2.1270e-01, PNorm = 36.2868, GNorm = 0.1452, lr_0 = 8.6298e-04
Loss = 2.1108e-01, PNorm = 36.3430, GNorm = 0.3232, lr_0 = 8.5732e-04
Loss = 2.0267e-01, PNorm = 36.3950, GNorm = 0.1854, lr_0 = 8.5170e-04
Loss = 2.0750e-01, PNorm = 36.4555, GNorm = 0.3880, lr_0 = 8.4611e-04
Validation auc = 0.813324
Epoch 4
Loss = 1.9931e-01, PNorm = 36.5045, GNorm = 0.2044, lr_0 = 8.4057e-04
Loss = 2.0314e-01, PNorm = 36.5641, GNorm = 0.1915, lr_0 = 8.3505e-04
Loss = 2.0661e-01, PNorm = 36.6230, GNorm = 0.6816, lr_0 = 8.2958e-04
Loss = 2.0563e-01, PNorm = 36.6835, GNorm = 0.2016, lr_0 = 8.2414e-04
Loss = 2.0492e-01, PNorm = 36.7605, GNorm = 0.2231, lr_0 = 8.1873e-04
Loss = 2.1853e-01, PNorm = 36.8313, GNorm = 0.1506, lr_0 = 8.1337e-04
Loss = 2.2009e-01, PNorm = 36.8997, GNorm = 0.2621, lr_0 = 8.0803e-04
Loss = 2.0930e-01, PNorm = 36.9482, GNorm = 0.3102, lr_0 = 8.0273e-04
Loss = 1.8700e-01, PNorm = 37.0263, GNorm = 0.1669, lr_0 = 7.9747e-04
Loss = 2.0039e-01, PNorm = 37.0845, GNorm = 0.3254, lr_0 = 7.9224e-04
Loss = 1.8640e-01, PNorm = 37.1409, GNorm = 0.1540, lr_0 = 7.8705e-04
Loss = 1.9675e-01, PNorm = 37.2069, GNorm = 0.3679, lr_0 = 7.8188e-04
Validation auc = 0.831339
Epoch 5
Loss = 1.8591e-01, PNorm = 37.2657, GNorm = 0.3614, lr_0 = 7.7625e-04
Loss = 1.8436e-01, PNorm = 37.3280, GNorm = 0.2269, lr_0 = 7.7116e-04
Loss = 2.0500e-01, PNorm = 37.3817, GNorm = 0.2535, lr_0 = 7.6610e-04
Loss = 1.9379e-01, PNorm = 37.4506, GNorm = 0.2348, lr_0 = 7.6108e-04
Loss = 1.9487e-01, PNorm = 37.5046, GNorm = 0.1711, lr_0 = 7.5609e-04
Loss = 2.1078e-01, PNorm = 37.5561, GNorm = 0.1802, lr_0 = 7.5113e-04
Loss = 1.9192e-01, PNorm = 37.6172, GNorm = 0.4397, lr_0 = 7.4620e-04
Loss = 1.8927e-01, PNorm = 37.6784, GNorm = 0.1437, lr_0 = 7.4131e-04
Loss = 2.0021e-01, PNorm = 37.7358, GNorm = 0.2099, lr_0 = 7.3645e-04
Loss = 1.8674e-01, PNorm = 37.7835, GNorm = 0.1713, lr_0 = 7.3162e-04
Loss = 1.7965e-01, PNorm = 37.8410, GNorm = 0.1952, lr_0 = 7.2682e-04
Loss = 2.2376e-01, PNorm = 37.8895, GNorm = 0.1431, lr_0 = 7.2206e-04
Loss = 2.0754e-01, PNorm = 37.9554, GNorm = 0.1494, lr_0 = 7.1732e-04
Validation auc = 0.834573
Epoch 6
Loss = 2.0481e-01, PNorm = 38.0345, GNorm = 0.1875, lr_0 = 7.1215e-04
Loss = 1.5679e-01, PNorm = 38.0941, GNorm = 0.1807, lr_0 = 7.0748e-04
Loss = 1.8636e-01, PNorm = 38.1528, GNorm = 0.2560, lr_0 = 7.0284e-04
Loss = 1.7036e-01, PNorm = 38.2149, GNorm = 0.2060, lr_0 = 6.9823e-04
Loss = 2.0232e-01, PNorm = 38.2662, GNorm = 0.2941, lr_0 = 6.9365e-04
Loss = 1.9491e-01, PNorm = 38.3247, GNorm = 0.1785, lr_0 = 6.8911e-04
Loss = 1.9377e-01, PNorm = 38.3738, GNorm = 0.5706, lr_0 = 6.8459e-04
Loss = 1.7842e-01, PNorm = 38.4243, GNorm = 0.1519, lr_0 = 6.8010e-04
Loss = 2.0950e-01, PNorm = 38.4790, GNorm = 0.6315, lr_0 = 6.7564e-04
Loss = 1.7292e-01, PNorm = 38.5423, GNorm = 0.1386, lr_0 = 6.7121e-04
Loss = 1.9703e-01, PNorm = 38.5904, GNorm = 0.1779, lr_0 = 6.6681e-04
Loss = 2.0072e-01, PNorm = 38.6338, GNorm = 0.3107, lr_0 = 6.6243e-04
Validation auc = 0.840063
Epoch 7
Loss = 2.0184e-01, PNorm = 38.7045, GNorm = 0.4983, lr_0 = 6.5766e-04
Loss = 1.8254e-01, PNorm = 38.7634, GNorm = 0.1237, lr_0 = 6.5335e-04
Loss = 1.9643e-01, PNorm = 38.8250, GNorm = 0.2171, lr_0 = 6.4906e-04
Loss = 1.8916e-01, PNorm = 38.8799, GNorm = 0.2043, lr_0 = 6.4481e-04
Loss = 1.9422e-01, PNorm = 38.9255, GNorm = 0.1714, lr_0 = 6.4058e-04
Loss = 1.8386e-01, PNorm = 38.9837, GNorm = 0.1655, lr_0 = 6.3638e-04
Loss = 2.0889e-01, PNorm = 39.0302, GNorm = 0.7187, lr_0 = 6.3220e-04
Loss = 1.9889e-01, PNorm = 39.0779, GNorm = 0.3188, lr_0 = 6.2806e-04
Loss = 2.0111e-01, PNorm = 39.1373, GNorm = 0.2335, lr_0 = 6.2394e-04
Loss = 1.7797e-01, PNorm = 39.1852, GNorm = 0.1575, lr_0 = 6.1985e-04
Loss = 1.7735e-01, PNorm = 39.2349, GNorm = 0.3306, lr_0 = 6.1578e-04
Loss = 1.9408e-01, PNorm = 39.2778, GNorm = 0.5266, lr_0 = 6.1175e-04
Loss = 1.7717e-01, PNorm = 39.3308, GNorm = 0.3221, lr_0 = 6.0774e-04
Validation auc = 0.842898
Epoch 8
Loss = 1.8107e-01, PNorm = 39.3828, GNorm = 0.1675, lr_0 = 6.0375e-04
Loss = 1.7335e-01, PNorm = 39.4282, GNorm = 0.2504, lr_0 = 5.9979e-04
Loss = 2.0116e-01, PNorm = 39.4809, GNorm = 0.2385, lr_0 = 5.9586e-04
Loss = 1.8067e-01, PNorm = 39.5334, GNorm = 0.1849, lr_0 = 5.9195e-04
Loss = 1.8293e-01, PNorm = 39.5880, GNorm = 0.2866, lr_0 = 5.8807e-04
Loss = 1.8359e-01, PNorm = 39.6312, GNorm = 0.1439, lr_0 = 5.8421e-04
Loss = 1.9681e-01, PNorm = 39.6744, GNorm = 0.2705, lr_0 = 5.8038e-04
Loss = 1.7440e-01, PNorm = 39.7195, GNorm = 0.2837, lr_0 = 5.7658e-04
Loss = 1.6439e-01, PNorm = 39.7586, GNorm = 0.3448, lr_0 = 5.7280e-04
Loss = 1.7959e-01, PNorm = 39.8065, GNorm = 0.3073, lr_0 = 5.6904e-04
Loss = 1.8055e-01, PNorm = 39.8464, GNorm = 0.1578, lr_0 = 5.6531e-04
Loss = 1.9276e-01, PNorm = 39.8922, GNorm = 0.1253, lr_0 = 5.6160e-04
Validation auc = 0.845757
Epoch 9
Loss = 1.7569e-01, PNorm = 39.9373, GNorm = 0.3990, lr_0 = 5.5755e-04
Loss = 1.7836e-01, PNorm = 39.9912, GNorm = 0.1848, lr_0 = 5.5390e-04
Loss = 1.7468e-01, PNorm = 40.0496, GNorm = 0.1972, lr_0 = 5.5026e-04
Loss = 1.8016e-01, PNorm = 40.1049, GNorm = 0.2257, lr_0 = 5.4666e-04
Loss = 1.8478e-01, PNorm = 40.1592, GNorm = 0.2058, lr_0 = 5.4307e-04
Loss = 1.8282e-01, PNorm = 40.1990, GNorm = 0.2325, lr_0 = 5.3951e-04
Loss = 1.8546e-01, PNorm = 40.2385, GNorm = 0.2107, lr_0 = 5.3597e-04
Loss = 1.8528e-01, PNorm = 40.2812, GNorm = 0.1956, lr_0 = 5.3246e-04
Loss = 1.7498e-01, PNorm = 40.3150, GNorm = 0.2040, lr_0 = 5.2897e-04
Loss = 1.7899e-01, PNorm = 40.3567, GNorm = 0.4620, lr_0 = 5.2550e-04
Loss = 1.8680e-01, PNorm = 40.3980, GNorm = 0.1785, lr_0 = 5.2205e-04
Loss = 1.8255e-01, PNorm = 40.4347, GNorm = 0.1322, lr_0 = 5.1863e-04
Loss = 1.6566e-01, PNorm = 40.4688, GNorm = 0.1808, lr_0 = 5.1523e-04
Validation auc = 0.849427
Epoch 10
Loss = 1.7412e-01, PNorm = 40.5172, GNorm = 0.4741, lr_0 = 5.1151e-04
Loss = 1.6415e-01, PNorm = 40.5697, GNorm = 0.3759, lr_0 = 5.0816e-04
Loss = 1.7994e-01, PNorm = 40.6101, GNorm = 0.1825, lr_0 = 5.0483e-04
Loss = 2.0511e-01, PNorm = 40.6542, GNorm = 0.4081, lr_0 = 5.0152e-04
Loss = 1.7822e-01, PNorm = 40.7022, GNorm = 0.1815, lr_0 = 4.9823e-04
Loss = 1.8768e-01, PNorm = 40.7420, GNorm = 0.2318, lr_0 = 4.9496e-04
Loss = 1.6465e-01, PNorm = 40.7876, GNorm = 0.2493, lr_0 = 4.9172e-04
Loss = 1.7496e-01, PNorm = 40.8240, GNorm = 0.1599, lr_0 = 4.8849e-04
Loss = 1.5164e-01, PNorm = 40.8598, GNorm = 0.1685, lr_0 = 4.8529e-04
Loss = 1.7742e-01, PNorm = 40.9025, GNorm = 0.2171, lr_0 = 4.8211e-04
Loss = 1.7263e-01, PNorm = 40.9401, GNorm = 0.2570, lr_0 = 4.7895e-04
Loss = 1.7707e-01, PNorm = 40.9700, GNorm = 0.1729, lr_0 = 4.7580e-04
Validation auc = 0.845339
Epoch 11
Loss = 1.4615e-01, PNorm = 41.0077, GNorm = 0.1590, lr_0 = 4.7268e-04
Loss = 1.7026e-01, PNorm = 41.0563, GNorm = 0.1681, lr_0 = 4.6959e-04
Loss = 1.7062e-01, PNorm = 41.0953, GNorm = 0.5326, lr_0 = 4.6651e-04
Loss = 1.7883e-01, PNorm = 41.1318, GNorm = 0.2669, lr_0 = 4.6345e-04
Loss = 1.7236e-01, PNorm = 41.1723, GNorm = 0.1990, lr_0 = 4.6041e-04
Loss = 1.9609e-01, PNorm = 41.2021, GNorm = 0.3726, lr_0 = 4.5739e-04
Loss = 1.7560e-01, PNorm = 41.2418, GNorm = 0.4712, lr_0 = 4.5439e-04
Loss = 1.6615e-01, PNorm = 41.2792, GNorm = 0.1961, lr_0 = 4.5141e-04
Loss = 1.8837e-01, PNorm = 41.3180, GNorm = 0.2173, lr_0 = 4.4845e-04
Loss = 1.6110e-01, PNorm = 41.3582, GNorm = 0.2941, lr_0 = 4.4551e-04
Loss = 1.5951e-01, PNorm = 41.3956, GNorm = 0.4463, lr_0 = 4.4259e-04
Loss = 1.7461e-01, PNorm = 41.4207, GNorm = 0.1782, lr_0 = 4.3969e-04
Loss = 1.7200e-01, PNorm = 41.4461, GNorm = 0.1827, lr_0 = 4.3680e-04
Validation auc = 0.847998
Epoch 12
Loss = 1.4726e-01, PNorm = 41.4789, GNorm = 0.1973, lr_0 = 4.3365e-04
Loss = 1.6710e-01, PNorm = 41.5097, GNorm = 0.2005, lr_0 = 4.3081e-04
Loss = 1.6041e-01, PNorm = 41.5409, GNorm = 0.4310, lr_0 = 4.2799e-04
Loss = 1.6475e-01, PNorm = 41.5773, GNorm = 0.2790, lr_0 = 4.2518e-04
Loss = 1.6291e-01, PNorm = 41.6100, GNorm = 0.2091, lr_0 = 4.2239e-04
Loss = 1.7183e-01, PNorm = 41.6412, GNorm = 0.1772, lr_0 = 4.1962e-04
Loss = 1.7373e-01, PNorm = 41.6771, GNorm = 0.4203, lr_0 = 4.1687e-04
Loss = 1.6666e-01, PNorm = 41.7094, GNorm = 0.1693, lr_0 = 4.1414e-04
Loss = 1.7695e-01, PNorm = 41.7394, GNorm = 0.4403, lr_0 = 4.1142e-04
Loss = 1.7345e-01, PNorm = 41.7812, GNorm = 0.5516, lr_0 = 4.0872e-04
Loss = 1.7261e-01, PNorm = 41.8120, GNorm = 0.3816, lr_0 = 4.0604e-04
Loss = 1.8996e-01, PNorm = 41.8394, GNorm = 0.4368, lr_0 = 4.0338e-04
Validation auc = 0.848846
Epoch 13
Loss = 1.7012e-01, PNorm = 41.8681, GNorm = 0.1585, lr_0 = 4.0047e-04
Loss = 1.7059e-01, PNorm = 41.9016, GNorm = 0.4369, lr_0 = 3.9785e-04
Loss = 1.5810e-01, PNorm = 41.9359, GNorm = 0.2595, lr_0 = 3.9524e-04
Loss = 1.6523e-01, PNorm = 41.9705, GNorm = 0.2521, lr_0 = 3.9264e-04
Loss = 1.5644e-01, PNorm = 42.0040, GNorm = 0.2199, lr_0 = 3.9007e-04
Loss = 1.6843e-01, PNorm = 42.0333, GNorm = 0.2443, lr_0 = 3.8751e-04
Loss = 1.6517e-01, PNorm = 42.0545, GNorm = 0.2214, lr_0 = 3.8497e-04
Loss = 1.7019e-01, PNorm = 42.0852, GNorm = 0.2824, lr_0 = 3.8245e-04
Loss = 1.5278e-01, PNorm = 42.1084, GNorm = 0.2320, lr_0 = 3.7994e-04
Loss = 1.7608e-01, PNorm = 42.1382, GNorm = 0.2098, lr_0 = 3.7745e-04
Loss = 1.7255e-01, PNorm = 42.1694, GNorm = 0.3425, lr_0 = 3.7497e-04
Loss = 1.6354e-01, PNorm = 42.1990, GNorm = 0.1993, lr_0 = 3.7251e-04
Loss = 1.8421e-01, PNorm = 42.2279, GNorm = 0.3446, lr_0 = 3.7007e-04
Validation auc = 0.852104
Epoch 14
Loss = 1.5219e-01, PNorm = 42.2529, GNorm = 0.3148, lr_0 = 3.6740e-04
Loss = 1.7042e-01, PNorm = 42.2821, GNorm = 0.1756, lr_0 = 3.6499e-04
Loss = 1.5532e-01, PNorm = 42.3118, GNorm = 0.2605, lr_0 = 3.6260e-04
Loss = 1.5481e-01, PNorm = 42.3433, GNorm = 0.1947, lr_0 = 3.6022e-04
Loss = 1.6459e-01, PNorm = 42.3743, GNorm = 0.2485, lr_0 = 3.5786e-04
Loss = 1.9075e-01, PNorm = 42.3997, GNorm = 0.2286, lr_0 = 3.5551e-04
Loss = 1.6481e-01, PNorm = 42.4276, GNorm = 0.3020, lr_0 = 3.5318e-04
Loss = 1.6799e-01, PNorm = 42.4589, GNorm = 0.2177, lr_0 = 3.5087e-04
Loss = 1.7881e-01, PNorm = 42.4844, GNorm = 0.1752, lr_0 = 3.4857e-04
Loss = 1.5725e-01, PNorm = 42.5118, GNorm = 0.2871, lr_0 = 3.4628e-04
Loss = 1.5288e-01, PNorm = 42.5394, GNorm = 0.2171, lr_0 = 3.4401e-04
Loss = 1.5730e-01, PNorm = 42.5652, GNorm = 0.1717, lr_0 = 3.4175e-04
Validation auc = 0.851374
Epoch 15
Loss = 1.5943e-01, PNorm = 42.5866, GNorm = 0.2198, lr_0 = 3.3951e-04
Loss = 1.5297e-01, PNorm = 42.6142, GNorm = 0.2927, lr_0 = 3.3729e-04
Loss = 1.5740e-01, PNorm = 42.6383, GNorm = 0.1714, lr_0 = 3.3508e-04
Loss = 1.4280e-01, PNorm = 42.6628, GNorm = 0.2841, lr_0 = 3.3288e-04
Loss = 1.6909e-01, PNorm = 42.6922, GNorm = 0.3181, lr_0 = 3.3070e-04
Loss = 1.5448e-01, PNorm = 42.7144, GNorm = 0.2342, lr_0 = 3.2853e-04
Loss = 1.8147e-01, PNorm = 42.7327, GNorm = 0.2908, lr_0 = 3.2637e-04
Loss = 1.5956e-01, PNorm = 42.7553, GNorm = 0.3994, lr_0 = 3.2423e-04
Loss = 1.7792e-01, PNorm = 42.7785, GNorm = 0.2591, lr_0 = 3.2211e-04
Loss = 1.6040e-01, PNorm = 42.8070, GNorm = 0.3279, lr_0 = 3.1999e-04
Loss = 1.7618e-01, PNorm = 42.8271, GNorm = 0.3640, lr_0 = 3.1790e-04
Loss = 1.6206e-01, PNorm = 42.8546, GNorm = 0.2418, lr_0 = 3.1581e-04
Loss = 1.5374e-01, PNorm = 42.8805, GNorm = 0.2306, lr_0 = 3.1374e-04
Validation auc = 0.853337
Epoch 16
Loss = 1.5023e-01, PNorm = 42.9060, GNorm = 0.2210, lr_0 = 3.1148e-04
Loss = 1.6517e-01, PNorm = 42.9283, GNorm = 0.2099, lr_0 = 3.0944e-04
Loss = 1.3954e-01, PNorm = 42.9506, GNorm = 0.1998, lr_0 = 3.0741e-04
Loss = 1.6457e-01, PNorm = 42.9725, GNorm = 0.2179, lr_0 = 3.0539e-04
Loss = 1.5345e-01, PNorm = 42.9972, GNorm = 0.2638, lr_0 = 3.0339e-04
Loss = 1.4956e-01, PNorm = 43.0244, GNorm = 0.2189, lr_0 = 3.0140e-04
Loss = 1.6016e-01, PNorm = 43.0475, GNorm = 0.3019, lr_0 = 2.9942e-04
Loss = 1.6022e-01, PNorm = 43.0667, GNorm = 0.2479, lr_0 = 2.9746e-04
Loss = 1.6851e-01, PNorm = 43.0884, GNorm = 0.2917, lr_0 = 2.9551e-04
Loss = 1.5525e-01, PNorm = 43.1054, GNorm = 0.2999, lr_0 = 2.9357e-04
Loss = 1.6420e-01, PNorm = 43.1258, GNorm = 0.2136, lr_0 = 2.9165e-04
Loss = 1.6689e-01, PNorm = 43.1418, GNorm = 0.2872, lr_0 = 2.8973e-04
Validation auc = 0.851547
Epoch 17
Loss = 1.6440e-01, PNorm = 43.1673, GNorm = 0.2232, lr_0 = 2.8765e-04
Loss = 1.6202e-01, PNorm = 43.1909, GNorm = 0.2008, lr_0 = 2.8576e-04
Loss = 1.5042e-01, PNorm = 43.2151, GNorm = 0.2596, lr_0 = 2.8389e-04
Loss = 1.3573e-01, PNorm = 43.2365, GNorm = 0.2258, lr_0 = 2.8202e-04
Loss = 1.6353e-01, PNorm = 43.2605, GNorm = 0.6476, lr_0 = 2.8017e-04
Loss = 1.5591e-01, PNorm = 43.2848, GNorm = 0.3436, lr_0 = 2.7834e-04
Loss = 1.6569e-01, PNorm = 43.3059, GNorm = 0.3101, lr_0 = 2.7651e-04
Loss = 1.5893e-01, PNorm = 43.3263, GNorm = 0.2435, lr_0 = 2.7470e-04
Loss = 1.5841e-01, PNorm = 43.3509, GNorm = 0.3750, lr_0 = 2.7290e-04
Loss = 1.6645e-01, PNorm = 43.3712, GNorm = 0.2183, lr_0 = 2.7111e-04
Loss = 1.5722e-01, PNorm = 43.3892, GNorm = 0.2823, lr_0 = 2.6933e-04
Loss = 1.4784e-01, PNorm = 43.4102, GNorm = 0.3671, lr_0 = 2.6756e-04
Loss = 1.6184e-01, PNorm = 43.4242, GNorm = 0.2553, lr_0 = 2.6581e-04
Validation auc = 0.851132
Epoch 18
Loss = 1.3966e-01, PNorm = 43.4480, GNorm = 0.3342, lr_0 = 2.6407e-04
Loss = 1.6809e-01, PNorm = 43.4639, GNorm = 0.2157, lr_0 = 2.6234e-04
Loss = 1.6342e-01, PNorm = 43.4820, GNorm = 0.2537, lr_0 = 2.6062e-04
Loss = 1.5711e-01, PNorm = 43.5057, GNorm = 0.2886, lr_0 = 2.5891e-04
Loss = 1.4901e-01, PNorm = 43.5226, GNorm = 0.3602, lr_0 = 2.5721e-04
Loss = 1.6558e-01, PNorm = 43.5434, GNorm = 0.4615, lr_0 = 2.5552e-04
Loss = 1.5934e-01, PNorm = 43.5579, GNorm = 0.2165, lr_0 = 2.5385e-04
Loss = 1.3914e-01, PNorm = 43.5786, GNorm = 0.2424, lr_0 = 2.5218e-04
Loss = 1.5978e-01, PNorm = 43.5976, GNorm = 0.3179, lr_0 = 2.5053e-04
Loss = 1.5595e-01, PNorm = 43.6138, GNorm = 0.1860, lr_0 = 2.4889e-04
Loss = 1.4090e-01, PNorm = 43.6310, GNorm = 0.2468, lr_0 = 2.4725e-04
Loss = 1.6141e-01, PNorm = 43.6468, GNorm = 0.2147, lr_0 = 2.4563e-04
Loss = 1.4935e-01, PNorm = 43.6627, GNorm = 0.2026, lr_0 = 2.4402e-04
Loss = 1.5365e-01, PNorm = 43.6642, GNorm = 0.3430, lr_0 = 2.4386e-04
Validation auc = 0.855311
Epoch 19
Loss = 1.3389e-01, PNorm = 43.6835, GNorm = 0.2771, lr_0 = 2.4226e-04
Loss = 1.6696e-01, PNorm = 43.7010, GNorm = 0.2537, lr_0 = 2.4067e-04
Loss = 1.5696e-01, PNorm = 43.7203, GNorm = 0.2297, lr_0 = 2.3910e-04
Loss = 1.4205e-01, PNorm = 43.7410, GNorm = 0.2922, lr_0 = 2.3753e-04
Loss = 1.6041e-01, PNorm = 43.7567, GNorm = 0.2084, lr_0 = 2.3597e-04
Loss = 1.4581e-01, PNorm = 43.7702, GNorm = 0.2601, lr_0 = 2.3442e-04
Loss = 1.6154e-01, PNorm = 43.7874, GNorm = 0.3298, lr_0 = 2.3289e-04
Loss = 1.4990e-01, PNorm = 43.8043, GNorm = 0.1574, lr_0 = 2.3136e-04
Loss = 1.5070e-01, PNorm = 43.8218, GNorm = 0.3840, lr_0 = 2.2984e-04
Loss = 1.5349e-01, PNorm = 43.8368, GNorm = 0.1913, lr_0 = 2.2833e-04
Loss = 1.5216e-01, PNorm = 43.8516, GNorm = 0.3196, lr_0 = 2.2684e-04
Loss = 1.5930e-01, PNorm = 43.8717, GNorm = 0.1937, lr_0 = 2.2535e-04
Validation auc = 0.854376
Epoch 20
Loss = 1.4806e-01, PNorm = 43.8875, GNorm = 0.2520, lr_0 = 2.2372e-04
Loss = 1.5754e-01, PNorm = 43.9050, GNorm = 0.2876, lr_0 = 2.2226e-04
Loss = 1.3607e-01, PNorm = 43.9225, GNorm = 0.2532, lr_0 = 2.2080e-04
Loss = 1.6859e-01, PNorm = 43.9341, GNorm = 0.2218, lr_0 = 2.1935e-04
Loss = 1.6121e-01, PNorm = 43.9464, GNorm = 0.2531, lr_0 = 2.1791e-04
Loss = 1.4268e-01, PNorm = 43.9621, GNorm = 0.2397, lr_0 = 2.1649e-04
Loss = 1.4286e-01, PNorm = 43.9814, GNorm = 0.1566, lr_0 = 2.1507e-04
Loss = 1.4905e-01, PNorm = 43.9942, GNorm = 0.2632, lr_0 = 2.1366e-04
Loss = 1.5516e-01, PNorm = 44.0093, GNorm = 0.3428, lr_0 = 2.1225e-04
Loss = 1.4143e-01, PNorm = 44.0264, GNorm = 0.2776, lr_0 = 2.1086e-04
Loss = 1.5457e-01, PNorm = 44.0384, GNorm = 0.2216, lr_0 = 2.0948e-04
Loss = 1.5059e-01, PNorm = 44.0532, GNorm = 0.2983, lr_0 = 2.0811e-04
Loss = 1.5201e-01, PNorm = 44.0683, GNorm = 0.3044, lr_0 = 2.0674e-04
Loss = 1.1211e-01, PNorm = 44.0707, GNorm = 0.6861, lr_0 = 2.0661e-04
Validation auc = 0.857237
Epoch 21
Loss = 1.4007e-01, PNorm = 44.0863, GNorm = 0.1849, lr_0 = 2.0525e-04
Loss = 1.4742e-01, PNorm = 44.1008, GNorm = 0.3387, lr_0 = 2.0391e-04
Loss = 1.3811e-01, PNorm = 44.1138, GNorm = 0.4986, lr_0 = 2.0257e-04
Loss = 1.6579e-01, PNorm = 44.1271, GNorm = 0.2344, lr_0 = 2.0124e-04
Loss = 1.5075e-01, PNorm = 44.1423, GNorm = 0.3197, lr_0 = 1.9992e-04
Loss = 1.4822e-01, PNorm = 44.1553, GNorm = 0.3822, lr_0 = 1.9861e-04
Loss = 1.2917e-01, PNorm = 44.1683, GNorm = 0.3310, lr_0 = 1.9731e-04
Loss = 1.4241e-01, PNorm = 44.1786, GNorm = 0.2045, lr_0 = 1.9601e-04
Loss = 1.6711e-01, PNorm = 44.1923, GNorm = 0.2128, lr_0 = 1.9473e-04
Loss = 1.5635e-01, PNorm = 44.2062, GNorm = 0.2130, lr_0 = 1.9345e-04
Loss = 1.6019e-01, PNorm = 44.2219, GNorm = 0.2787, lr_0 = 1.9218e-04
Loss = 1.4322e-01, PNorm = 44.2398, GNorm = 0.3368, lr_0 = 1.9092e-04
Validation auc = 0.857171
Epoch 22
Loss = 1.3468e-01, PNorm = 44.2492, GNorm = 0.2603, lr_0 = 1.8967e-04
Loss = 1.5777e-01, PNorm = 44.2623, GNorm = 0.2584, lr_0 = 1.8843e-04
Loss = 1.5408e-01, PNorm = 44.2760, GNorm = 0.2522, lr_0 = 1.8719e-04
Loss = 1.6109e-01, PNorm = 44.2872, GNorm = 0.2737, lr_0 = 1.8596e-04
Loss = 1.3983e-01, PNorm = 44.3001, GNorm = 0.1916, lr_0 = 1.8474e-04
Loss = 1.5195e-01, PNorm = 44.3093, GNorm = 0.4244, lr_0 = 1.8353e-04
Loss = 1.5241e-01, PNorm = 44.3222, GNorm = 0.3160, lr_0 = 1.8233e-04
Loss = 1.3685e-01, PNorm = 44.3339, GNorm = 0.3429, lr_0 = 1.8113e-04
Loss = 1.5186e-01, PNorm = 44.3509, GNorm = 0.2760, lr_0 = 1.7995e-04
Loss = 1.5431e-01, PNorm = 44.3631, GNorm = 0.1654, lr_0 = 1.7877e-04
Loss = 1.4062e-01, PNorm = 44.3794, GNorm = 0.2334, lr_0 = 1.7759e-04
Loss = 1.4031e-01, PNorm = 44.3934, GNorm = 0.2120, lr_0 = 1.7643e-04
Loss = 1.3705e-01, PNorm = 44.4068, GNorm = 0.3104, lr_0 = 1.7527e-04
Validation auc = 0.855802
Epoch 23
Loss = 1.4312e-01, PNorm = 44.4197, GNorm = 0.2223, lr_0 = 1.7401e-04
Loss = 1.4144e-01, PNorm = 44.4335, GNorm = 0.1958, lr_0 = 1.7287e-04
Loss = 1.5073e-01, PNorm = 44.4456, GNorm = 0.2297, lr_0 = 1.7173e-04
Loss = 1.5381e-01, PNorm = 44.4587, GNorm = 0.3396, lr_0 = 1.7061e-04
Loss = 1.5825e-01, PNorm = 44.4679, GNorm = 0.2052, lr_0 = 1.6949e-04
Loss = 1.4566e-01, PNorm = 44.4760, GNorm = 0.3015, lr_0 = 1.6838e-04
Loss = 1.3691e-01, PNorm = 44.4898, GNorm = 0.3193, lr_0 = 1.6727e-04
Loss = 1.4795e-01, PNorm = 44.5002, GNorm = 0.2116, lr_0 = 1.6618e-04
Loss = 1.5447e-01, PNorm = 44.5116, GNorm = 0.4705, lr_0 = 1.6509e-04
Loss = 1.3142e-01, PNorm = 44.5217, GNorm = 0.2961, lr_0 = 1.6401e-04
Loss = 1.5011e-01, PNorm = 44.5344, GNorm = 0.2162, lr_0 = 1.6293e-04
Loss = 1.4422e-01, PNorm = 44.5454, GNorm = 0.5290, lr_0 = 1.6186e-04
Validation auc = 0.856556
Epoch 24
Loss = 1.3080e-01, PNorm = 44.5597, GNorm = 0.3834, lr_0 = 1.6069e-04
Loss = 1.3946e-01, PNorm = 44.5719, GNorm = 0.6540, lr_0 = 1.5964e-04
Loss = 1.3927e-01, PNorm = 44.5825, GNorm = 0.2458, lr_0 = 1.5859e-04
Loss = 1.3756e-01, PNorm = 44.5930, GNorm = 0.2688, lr_0 = 1.5755e-04
Loss = 1.6070e-01, PNorm = 44.6017, GNorm = 0.3197, lr_0 = 1.5652e-04
Loss = 1.4005e-01, PNorm = 44.6157, GNorm = 0.3336, lr_0 = 1.5549e-04
Loss = 1.4919e-01, PNorm = 44.6252, GNorm = 0.6599, lr_0 = 1.5447e-04
Loss = 1.3470e-01, PNorm = 44.6372, GNorm = 0.3039, lr_0 = 1.5346e-04
Loss = 1.5214e-01, PNorm = 44.6436, GNorm = 0.4448, lr_0 = 1.5246e-04
Loss = 1.5000e-01, PNorm = 44.6544, GNorm = 0.4956, lr_0 = 1.5146e-04
Loss = 1.6227e-01, PNorm = 44.6630, GNorm = 0.3453, lr_0 = 1.5046e-04
Loss = 1.5118e-01, PNorm = 44.6739, GNorm = 0.2557, lr_0 = 1.4948e-04
Loss = 1.4078e-01, PNorm = 44.6826, GNorm = 0.2521, lr_0 = 1.4850e-04
Validation auc = 0.856950
Epoch 25
Loss = 1.4083e-01, PNorm = 44.6941, GNorm = 0.2488, lr_0 = 1.4752e-04
Loss = 1.3246e-01, PNorm = 44.7033, GNorm = 0.2294, lr_0 = 1.4655e-04
Loss = 1.6739e-01, PNorm = 44.7123, GNorm = 0.4227, lr_0 = 1.4559e-04
Loss = 1.4680e-01, PNorm = 44.7226, GNorm = 0.2738, lr_0 = 1.4464e-04
Loss = 1.4083e-01, PNorm = 44.7349, GNorm = 0.2150, lr_0 = 1.4369e-04
Loss = 1.4513e-01, PNorm = 44.7455, GNorm = 0.3861, lr_0 = 1.4275e-04
Loss = 1.4290e-01, PNorm = 44.7558, GNorm = 0.2307, lr_0 = 1.4181e-04
Loss = 1.4699e-01, PNorm = 44.7610, GNorm = 0.2920, lr_0 = 1.4088e-04
Loss = 1.2767e-01, PNorm = 44.7701, GNorm = 0.2983, lr_0 = 1.3996e-04
Loss = 1.3832e-01, PNorm = 44.7815, GNorm = 0.2402, lr_0 = 1.3904e-04
Loss = 1.5030e-01, PNorm = 44.7904, GNorm = 0.2858, lr_0 = 1.3813e-04
Loss = 1.5154e-01, PNorm = 44.8025, GNorm = 0.2441, lr_0 = 1.3722e-04
Validation auc = 0.854827
Epoch 26
Loss = 1.6262e-01, PNorm = 44.8122, GNorm = 0.3097, lr_0 = 1.3623e-04
Loss = 1.3824e-01, PNorm = 44.8232, GNorm = 0.2695, lr_0 = 1.3534e-04
Loss = 1.4575e-01, PNorm = 44.8327, GNorm = 0.2538, lr_0 = 1.3445e-04
Loss = 1.4845e-01, PNorm = 44.8436, GNorm = 0.3275, lr_0 = 1.3357e-04
Loss = 1.5350e-01, PNorm = 44.8520, GNorm = 0.3229, lr_0 = 1.3270e-04
Loss = 1.5583e-01, PNorm = 44.8621, GNorm = 0.2124, lr_0 = 1.3183e-04
Loss = 1.3701e-01, PNorm = 44.8708, GNorm = 0.2145, lr_0 = 1.3096e-04
Loss = 1.1953e-01, PNorm = 44.8821, GNorm = 0.2554, lr_0 = 1.3010e-04
Loss = 1.4821e-01, PNorm = 44.8903, GNorm = 0.2362, lr_0 = 1.2925e-04
Loss = 1.2180e-01, PNorm = 44.8994, GNorm = 0.2904, lr_0 = 1.2840e-04
Loss = 1.4478e-01, PNorm = 44.9075, GNorm = 0.2344, lr_0 = 1.2756e-04
Loss = 1.4602e-01, PNorm = 44.9145, GNorm = 0.3640, lr_0 = 1.2672e-04
Loss = 1.4087e-01, PNorm = 44.9214, GNorm = 0.3565, lr_0 = 1.2589e-04
Validation auc = 0.855024
Epoch 27
Loss = 1.2493e-01, PNorm = 44.9314, GNorm = 0.3835, lr_0 = 1.2498e-04
Loss = 1.5151e-01, PNorm = 44.9400, GNorm = 0.5115, lr_0 = 1.2417e-04
Loss = 1.3341e-01, PNorm = 44.9488, GNorm = 0.2366, lr_0 = 1.2335e-04
Loss = 1.4416e-01, PNorm = 44.9552, GNorm = 0.4974, lr_0 = 1.2254e-04
Loss = 1.3617e-01, PNorm = 44.9632, GNorm = 0.2656, lr_0 = 1.2174e-04
Loss = 1.4689e-01, PNorm = 44.9719, GNorm = 0.3605, lr_0 = 1.2094e-04
Loss = 1.3746e-01, PNorm = 44.9814, GNorm = 0.3303, lr_0 = 1.2015e-04
Loss = 1.4638e-01, PNorm = 44.9901, GNorm = 0.2144, lr_0 = 1.1936e-04
Loss = 1.3948e-01, PNorm = 44.9968, GNorm = 0.3296, lr_0 = 1.1858e-04
Loss = 1.4928e-01, PNorm = 45.0030, GNorm = 0.2950, lr_0 = 1.1780e-04
Loss = 1.3458e-01, PNorm = 45.0106, GNorm = 0.4382, lr_0 = 1.1703e-04
Loss = 1.4186e-01, PNorm = 45.0188, GNorm = 0.2451, lr_0 = 1.1626e-04
Validation auc = 0.856702
Epoch 28
Loss = 1.5369e-01, PNorm = 45.0292, GNorm = 0.4640, lr_0 = 1.1542e-04
Loss = 1.2674e-01, PNorm = 45.0396, GNorm = 0.2691, lr_0 = 1.1466e-04
Loss = 1.4541e-01, PNorm = 45.0475, GNorm = 0.3183, lr_0 = 1.1391e-04
Loss = 1.5356e-01, PNorm = 45.0555, GNorm = 0.2782, lr_0 = 1.1317e-04
Loss = 1.3302e-01, PNorm = 45.0635, GNorm = 0.2088, lr_0 = 1.1242e-04
Loss = 1.3946e-01, PNorm = 45.0707, GNorm = 0.2427, lr_0 = 1.1169e-04
Loss = 1.4804e-01, PNorm = 45.0777, GNorm = 0.2627, lr_0 = 1.1095e-04
Loss = 1.4433e-01, PNorm = 45.0869, GNorm = 0.2771, lr_0 = 1.1023e-04
Loss = 1.3581e-01, PNorm = 45.0951, GNorm = 0.2763, lr_0 = 1.0950e-04
Loss = 1.4961e-01, PNorm = 45.1020, GNorm = 0.2849, lr_0 = 1.0879e-04
Loss = 1.2802e-01, PNorm = 45.1099, GNorm = 0.3238, lr_0 = 1.0807e-04
Loss = 1.4964e-01, PNorm = 45.1160, GNorm = 0.3212, lr_0 = 1.0736e-04
Loss = 1.2499e-01, PNorm = 45.1238, GNorm = 0.2016, lr_0 = 1.0666e-04
Validation auc = 0.855230
Epoch 29
Loss = 1.5296e-01, PNorm = 45.1281, GNorm = 0.3281, lr_0 = 1.0596e-04
Loss = 1.3891e-01, PNorm = 45.1351, GNorm = 0.3131, lr_0 = 1.0527e-04
Loss = 1.2799e-01, PNorm = 45.1411, GNorm = 0.3661, lr_0 = 1.0458e-04
Loss = 1.2526e-01, PNorm = 45.1480, GNorm = 0.2754, lr_0 = 1.0389e-04
Loss = 1.4806e-01, PNorm = 45.1547, GNorm = 0.2560, lr_0 = 1.0321e-04
Loss = 1.3184e-01, PNorm = 45.1627, GNorm = 0.2695, lr_0 = 1.0253e-04
Loss = 1.4133e-01, PNorm = 45.1685, GNorm = 0.2540, lr_0 = 1.0186e-04
Loss = 1.3340e-01, PNorm = 45.1766, GNorm = 0.3635, lr_0 = 1.0119e-04
Loss = 1.4999e-01, PNorm = 45.1812, GNorm = 0.3673, lr_0 = 1.0053e-04
Loss = 1.3925e-01, PNorm = 45.1896, GNorm = 0.3228, lr_0 = 1.0000e-04
Loss = 1.5110e-01, PNorm = 45.1971, GNorm = 0.3659, lr_0 = 1.0000e-04
Loss = 1.2692e-01, PNorm = 45.2043, GNorm = 0.2738, lr_0 = 1.0000e-04
Validation auc = 0.855933
Model 0 best validation auc = 0.857237 on epoch 20
Loading pretrained parameter "encoder.encoder.0.cached_zero_vector".
Loading pretrained parameter "encoder.encoder.0.W_i.weight".
Loading pretrained parameter "encoder.encoder.0.W_h.weight".
Loading pretrained parameter "encoder.encoder.0.W_o.weight".
Loading pretrained parameter "encoder.encoder.0.W_o.bias".
Loading pretrained parameter "ffn.1.weight".
Loading pretrained parameter "ffn.1.bias".
Loading pretrained parameter "ffn.4.weight".
Loading pretrained parameter "ffn.4.bias".
Model 0 test auc = 0.837534
Ensemble test auc = 0.837534
1-fold cross validation
	Seed 0 ==> test auc = 0.837534
Overall test auc = 0.837534 +/- 0.000000
Elapsed time = 0:04:37
