Command line
python delaneyTrain.py
Args
{'activation': 'ReLU',
 'adding_h': False,
 'aggregation': 'mean',
 'aggregation_norm': 100,
 'atom_descriptor_scaling': True,
 'atom_descriptors': None,
 'atom_descriptors_path': None,
 'atom_descriptors_size': 0,
 'atom_features_size': 0,
 'atom_messages': False,
 'batch_size': 50,
 'bias': False,
 'bias_solvent': False,
 'bond_feature_scaling': True,
 'bond_features_path': None,
 'bond_features_size': 0,
 'cache_cutoff': 10000,
 'checkpoint_dir': None,
 'checkpoint_frzn': None,
 'checkpoint_path': None,
 'checkpoint_paths': None,
 'class_balance': False,
 'config_path': None,
 'crossval_index_dir': None,
 'crossval_index_file': None,
 'crossval_index_sets': None,
 'cuda': False,
 'data_path': 'data/delaney.csv',
 'data_weights_path': None,
 'dataset_type': 'regression',
 'depth': 3,
 'depth_solvent': 3,
 'device': device(type='cpu'),
 'dropout': 0.0,
 'empty_cache': False,
 'ensemble_size': 1,
 'epochs': 30,
 'explicit_h': False,
 'extra_metrics': [],
 'features_generator': None,
 'features_only': False,
 'features_path': None,
 'features_scaling': True,
 'features_size': None,
 'ffn_hidden_size': 300,
 'ffn_num_layers': 2,
 'final_lr': 0.0001,
 'folds_file': None,
 'freeze_first_only': False,
 'frzn_ffn_layers': 0,
 'gpu': None,
 'grad_clip': None,
 'hidden_size': 300,
 'hidden_size_solvent': 300,
 'ignore_columns': None,
 'init_lr': 0.0001,
 'log_frequency': 10,
 'loss_function': 'mse',
 'max_data_size': None,
 'max_lr': 0.001,
 'metric': 'rmse',
 'metrics': ['rmse'],
 'minimize_score': True,
 'mpn_shared': False,
 'multiclass_num_classes': 3,
 'no_atom_descriptor_scaling': False,
 'no_bond_features_scaling': False,
 'no_cache_mol': False,
 'no_cuda': False,
 'no_features_scaling': False,
 'num_folds': 1,
 'num_lrs': 1,
 'num_tasks': 1,
 'num_workers': 8,
 'number_of_molecules': 1,
 'overwrite_default_atom_features': False,
 'overwrite_default_bond_features': False,
 'phase_features_path': None,
 'pytorch_seed': 0,
 'quiet': False,
 'reaction': False,
 'reaction_mode': 'reac_diff',
 'reaction_solvent': False,
 'resume_experiment': False,
 'save_dir': 'delaney_checkpoints2',
 'save_preds': False,
 'save_smiles_splits': False,
 'seed': 0,
 'separate_test_atom_descriptors_path': None,
 'separate_test_bond_features_path': None,
 'separate_test_features_path': None,
 'separate_test_path': None,
 'separate_test_phase_features_path': None,
 'separate_val_atom_descriptors_path': None,
 'separate_val_bond_features_path': None,
 'separate_val_features_path': None,
 'separate_val_path': None,
 'separate_val_phase_features_path': None,
 'show_individual_scores': False,
 'smiles_columns': ['smiles'],
 'spectra_activation': 'exp',
 'spectra_phase_mask_path': None,
 'spectra_target_floor': 1e-08,
 'split_key_molecule': 0,
 'split_sizes': (0.8, 0.1, 0.1),
 'split_type': 'random',
 'target_columns': None,
 'target_weights': None,
 'task_names': ['logSolubility'],
 'test': False,
 'test_fold_index': None,
 'train_data_size': None,
 'undirected': False,
 'use_input_features': False,
 'val_fold_index': None,
 'warmup_epochs': 2.0}
Setting molecule featurization parameters to default.
Loading data
Number of tasks = 1
Fold 0
Splitting data with seed 0
Total size = 1,128 | train size = 902 | val size = 113 | test size = 113
Fitting scaler
Building model 0
MoleculeModel(
  (encoder): MPN(
    (encoder): ModuleList(
      (0): MPNEncoder(
        (dropout_layer): Dropout(p=0.0, inplace=False)
        (act_func): ReLU()
        (W_i): Linear(in_features=147, out_features=300, bias=False)
        (W_h): Linear(in_features=300, out_features=300, bias=False)
        (W_o): Linear(in_features=433, out_features=300, bias=True)
      )
    )
  )
  (ffn): Sequential(
    (0): Dropout(p=0.0, inplace=False)
    (1): Linear(in_features=300, out_features=300, bias=True)
    (2): ReLU()
    (3): Dropout(p=0.0, inplace=False)
    (4): Linear(in_features=300, out_features=1, bias=True)
  )
)
Number of parameters = 355,201
Epoch 0
Loss = 9.1933e-01, PNorm = 34.0157, GNorm = 3.3060, lr_0 = 3.7500e-04
Validation rmse = 1.636796
Epoch 1
Loss = 4.4203e-01, PNorm = 34.0432, GNorm = 4.5789, lr_0 = 6.5000e-04
Loss = 4.4692e-01, PNorm = 34.0796, GNorm = 1.2249, lr_0 = 9.0000e-04
Validation rmse = 1.271152
Epoch 2
Loss = 4.0009e-01, PNorm = 34.1271, GNorm = 5.4920, lr_0 = 9.6853e-04
Loss = 3.9211e-01, PNorm = 34.1688, GNorm = 3.9263, lr_0 = 9.2527e-04
Validation rmse = 1.141419
Epoch 3
Loss = 2.6863e-01, PNorm = 34.2170, GNorm = 5.4761, lr_0 = 8.7992e-04
Loss = 2.7733e-01, PNorm = 34.2524, GNorm = 1.0501, lr_0 = 8.4063e-04
Validation rmse = 1.047572
Epoch 4
Loss = 2.3561e-01, PNorm = 34.2831, GNorm = 5.7841, lr_0 = 7.9943e-04
Loss = 2.4706e-01, PNorm = 34.3168, GNorm = 5.5107, lr_0 = 7.6372e-04
Loss = 5.4811e-02, PNorm = 34.3200, GNorm = 3.0762, lr_0 = 7.6024e-04
Validation rmse = 1.090570
Epoch 5
Loss = 2.6707e-01, PNorm = 34.3519, GNorm = 5.8833, lr_0 = 7.2629e-04
Validation rmse = 0.944550
Epoch 6
Loss = 1.5033e-01, PNorm = 34.3819, GNorm = 1.2681, lr_0 = 6.9069e-04
Loss = 1.8279e-01, PNorm = 34.4078, GNorm = 2.7002, lr_0 = 6.5985e-04
Validation rmse = 0.884129
Epoch 7
Loss = 1.7217e-01, PNorm = 34.4353, GNorm = 3.6170, lr_0 = 6.2751e-04
Loss = 1.4946e-01, PNorm = 34.4562, GNorm = 1.8185, lr_0 = 5.9948e-04
Validation rmse = 0.936855
Epoch 8
Loss = 1.6232e-01, PNorm = 34.4745, GNorm = 0.9926, lr_0 = 5.7010e-04
Loss = 1.6660e-01, PNorm = 34.4954, GNorm = 3.6784, lr_0 = 5.4464e-04
Validation rmse = 1.145627
Epoch 9
Loss = 2.1300e-01, PNorm = 34.5155, GNorm = 3.6726, lr_0 = 5.1795e-04
Loss = 1.4064e-01, PNorm = 34.5343, GNorm = 4.3151, lr_0 = 4.9482e-04
Loss = 4.2713e-02, PNorm = 34.5353, GNorm = 5.6725, lr_0 = 4.9256e-04
Validation rmse = 0.860127
Epoch 10
Loss = 1.3006e-01, PNorm = 34.5502, GNorm = 1.4456, lr_0 = 4.7056e-04
Validation rmse = 0.907710
Epoch 11
Loss = 1.9634e-01, PNorm = 34.5656, GNorm = 7.0174, lr_0 = 4.4750e-04
Loss = 1.4638e-01, PNorm = 34.5823, GNorm = 0.7503, lr_0 = 4.2752e-04
Validation rmse = 0.821746
Epoch 12
Loss = 1.1004e-01, PNorm = 34.5962, GNorm = 1.2505, lr_0 = 4.0656e-04
Loss = 1.1451e-01, PNorm = 34.6093, GNorm = 1.6889, lr_0 = 3.8841e-04
Validation rmse = 0.748836
Epoch 13
Loss = 1.1003e-01, PNorm = 34.6245, GNorm = 2.1278, lr_0 = 3.6937e-04
Loss = 9.9382e-02, PNorm = 34.6389, GNorm = 2.5099, lr_0 = 3.5287e-04
Validation rmse = 0.826751
Epoch 14
Loss = 1.5797e-01, PNorm = 34.6516, GNorm = 2.4477, lr_0 = 3.3558e-04
Loss = 9.2843e-02, PNorm = 34.6628, GNorm = 0.9779, lr_0 = 3.2059e-04
Loss = 1.8178e-01, PNorm = 34.6637, GNorm = 4.3413, lr_0 = 3.1913e-04
Validation rmse = 0.711827
Epoch 15
Loss = 9.5951e-02, PNorm = 34.6756, GNorm = 5.6402, lr_0 = 3.0488e-04
Validation rmse = 0.708618
Epoch 16
Loss = 9.0046e-02, PNorm = 34.6877, GNorm = 3.4248, lr_0 = 2.8994e-04
Loss = 9.4876e-02, PNorm = 34.6969, GNorm = 1.7403, lr_0 = 2.7699e-04
Validation rmse = 0.685020
Epoch 17
Loss = 8.4856e-02, PNorm = 34.7064, GNorm = 2.7295, lr_0 = 2.6341e-04
Loss = 8.3026e-02, PNorm = 34.7149, GNorm = 0.7978, lr_0 = 2.5165e-04
Validation rmse = 0.732277
Epoch 18
Loss = 9.0395e-02, PNorm = 34.7251, GNorm = 0.7317, lr_0 = 2.3931e-04
Loss = 9.1480e-02, PNorm = 34.7324, GNorm = 4.2563, lr_0 = 2.2863e-04
Validation rmse = 0.727680
Epoch 19
Loss = 9.5094e-02, PNorm = 34.7420, GNorm = 3.2031, lr_0 = 2.1742e-04
Loss = 7.3855e-02, PNorm = 34.7469, GNorm = 1.6099, lr_0 = 2.0771e-04
Loss = 2.9647e-02, PNorm = 34.7476, GNorm = 3.6570, lr_0 = 2.0676e-04
Validation rmse = 0.661995
Epoch 20
Loss = 8.2634e-02, PNorm = 34.7559, GNorm = 0.5858, lr_0 = 1.9753e-04
Validation rmse = 0.750145
Epoch 21
Loss = 8.2024e-02, PNorm = 34.7605, GNorm = 3.6803, lr_0 = 1.8785e-04
Loss = 9.8117e-02, PNorm = 34.7665, GNorm = 3.1655, lr_0 = 1.7946e-04
Validation rmse = 0.681474
Epoch 22
Loss = 1.0742e-01, PNorm = 34.7728, GNorm = 3.3936, lr_0 = 1.7066e-04
Loss = 8.2495e-02, PNorm = 34.7788, GNorm = 6.3685, lr_0 = 1.6304e-04
Validation rmse = 0.725922
Epoch 23
Loss = 7.6110e-02, PNorm = 34.7841, GNorm = 2.2544, lr_0 = 1.5505e-04
Loss = 7.9475e-02, PNorm = 34.7881, GNorm = 2.1303, lr_0 = 1.4813e-04
Validation rmse = 0.652333
Epoch 24
Loss = 7.1979e-02, PNorm = 34.7941, GNorm = 0.7191, lr_0 = 1.4087e-04
Loss = 7.1106e-02, PNorm = 34.7991, GNorm = 1.0578, lr_0 = 1.3458e-04
Validation rmse = 0.641027
Epoch 25
Loss = 7.7960e-02, PNorm = 34.8050, GNorm = 2.8918, lr_0 = 1.2857e-04
Validation rmse = 0.670524
Epoch 26
Loss = 7.4680e-02, PNorm = 34.8091, GNorm = 2.9047, lr_0 = 1.2226e-04
Loss = 6.5930e-02, PNorm = 34.8128, GNorm = 1.1422, lr_0 = 1.1680e-04
Validation rmse = 0.645705
Epoch 27
Loss = 5.7527e-02, PNorm = 34.8177, GNorm = 1.5455, lr_0 = 1.1108e-04
Loss = 7.2580e-02, PNorm = 34.8205, GNorm = 0.6650, lr_0 = 1.0612e-04
Validation rmse = 0.744884
Epoch 28
Loss = 9.5957e-02, PNorm = 34.8248, GNorm = 1.5574, lr_0 = 1.0092e-04
Loss = 8.1319e-02, PNorm = 34.8293, GNorm = 4.5328, lr_0 = 1.0000e-04
Validation rmse = 0.667060
Epoch 29
Loss = 6.4390e-02, PNorm = 34.8325, GNorm = 2.4192, lr_0 = 1.0000e-04
Loss = 7.2464e-02, PNorm = 34.8359, GNorm = 1.6322, lr_0 = 1.0000e-04
Validation rmse = 0.662910
Model 0 best validation rmse = 0.641027 on epoch 24
Loading pretrained parameter "encoder.encoder.0.cached_zero_vector".
Loading pretrained parameter "encoder.encoder.0.W_i.weight".
Loading pretrained parameter "encoder.encoder.0.W_h.weight".
Loading pretrained parameter "encoder.encoder.0.W_o.weight".
Loading pretrained parameter "encoder.encoder.0.W_o.bias".
Loading pretrained parameter "ffn.1.weight".
Loading pretrained parameter "ffn.1.bias".
Loading pretrained parameter "ffn.4.weight".
Loading pretrained parameter "ffn.4.bias".
Model 0 test rmse = 0.715437
Ensemble test rmse = 0.715437
1-fold cross validation
	Seed 0 ==> test rmse = 0.715437
Overall test rmse = 0.715437 +/- 0.000000
Elapsed time = 0:00:29
