Fold 0
{'activation': 'ReLU',
 'atom_messages': False,
 'batch_size': 50,
 'bias': False,
 'checkpoint_dir': None,
 'checkpoint_path': None,
 'checkpoint_paths': None,
 'config_path': None,
 'crossval_index_dir': None,
 'crossval_index_file': None,
 'cuda': False,
 'data_path': 'data/qm9.csv',
 'dataset_type': 'regression',
 'depth': 3,
 'dropout': 0.0,
 'ensemble_size': 1,
 'epochs': 30,
 'features_generator': None,
 'features_only': False,
 'features_path': None,
 'features_scaling': True,
 'ffn_hidden_size': 300,
 'ffn_num_layers': 2,
 'final_lr': 0.0001,
 'folds_file': None,
 'gpu': None,
 'hidden_size': 300,
 'init_lr': 0.0001,
 'log_frequency': 10,
 'max_data_size': None,
 'max_lr': 0.001,
 'metric': 'rmse',
 'minimize_score': True,
 'multiclass_num_classes': 3,
 'no_cache': False,
 'num_folds': 1,
 'num_lrs': 1,
 'quiet': False,
 'save_dir': 'checkpoints/qm9_vanilla/fold_0',
 'save_smiles_splits': False,
 'seed': 0,
 'separate_test_features_path': None,
 'separate_test_path': None,
 'separate_val_features_path': None,
 'separate_val_path': None,
 'show_individual_scores': False,
 'split_sizes': [0.8, 0.1, 0.1],
 'split_type': 'random',
 'test': False,
 'test_fold_index': None,
 'undirected': False,
 'use_compound_names': False,
 'use_input_features': None,
 'val_fold_index': None,
 'warmup_epochs': 2.0}
Loading data
Number of tasks = 12
Splitting data with seed 0
Total size = 133,885 | train size = 107,108 | val size = 13,388 | test size = 13,389
Fitting scaler
Building model 0
MoleculeModel(
  (encoder): MPN(
    (encoder): MPNEncoder(
      (dropout_layer): Dropout(p=0.0, inplace=False)
      (act_func): ReLU()
      (W_i): Linear(in_features=147, out_features=300, bias=False)
      (W_h): Linear(in_features=300, out_features=300, bias=False)
      (W_o): Linear(in_features=433, out_features=300, bias=True)
    )
  )
  (ffn): Sequential(
    (0): Dropout(p=0.0, inplace=False)
    (1): Linear(in_features=300, out_features=300, bias=True)
    (2): ReLU()
    (3): Dropout(p=0.0, inplace=False)
    (4): Linear(in_features=300, out_features=12, bias=True)
  )
)
Number of parameters = 358,212
Epoch 0
Loss = 2.0678e-02, PNorm = 34.2460, GNorm = 0.8642, lr_0 = 1.0210e-04
Loss = 1.6390e-02, PNorm = 34.2490, GNorm = 1.1612, lr_0 = 1.0420e-04
Loss = 1.5668e-02, PNorm = 34.2541, GNorm = 0.9575, lr_0 = 1.0630e-04
Loss = 1.5688e-02, PNorm = 34.2604, GNorm = 1.2215, lr_0 = 1.0840e-04
Loss = 1.5406e-02, PNorm = 34.2677, GNorm = 1.0331, lr_0 = 1.1050e-04
Loss = 1.4264e-02, PNorm = 34.2756, GNorm = 0.9987, lr_0 = 1.1261e-04
Loss = 1.2809e-02, PNorm = 34.2836, GNorm = 1.2000, lr_0 = 1.1471e-04
Loss = 1.2430e-02, PNorm = 34.2940, GNorm = 1.4465, lr_0 = 1.1681e-04
Loss = 1.2760e-02, PNorm = 34.3061, GNorm = 1.9550, lr_0 = 1.1891e-04
Loss = 1.0510e-02, PNorm = 34.3188, GNorm = 2.1147, lr_0 = 1.2101e-04
Loss = 1.0734e-02, PNorm = 34.3314, GNorm = 1.0521, lr_0 = 1.2311e-04
Loss = 9.5892e-03, PNorm = 34.3423, GNorm = 2.3984, lr_0 = 1.2521e-04
Loss = 9.1141e-03, PNorm = 34.3523, GNorm = 2.5367, lr_0 = 1.2731e-04
Loss = 8.5575e-03, PNorm = 34.3621, GNorm = 2.1780, lr_0 = 1.2941e-04
Loss = 8.3223e-03, PNorm = 34.3720, GNorm = 1.9664, lr_0 = 1.3151e-04
Loss = 1.0228e-02, PNorm = 34.3802, GNorm = 1.3877, lr_0 = 1.3361e-04
Loss = 9.5372e-03, PNorm = 34.3894, GNorm = 1.7840, lr_0 = 1.3571e-04
Loss = 7.5242e-03, PNorm = 34.3987, GNorm = 2.7297, lr_0 = 1.3782e-04
Loss = 7.5745e-03, PNorm = 34.4071, GNorm = 2.5506, lr_0 = 1.3992e-04
Loss = 9.3537e-03, PNorm = 34.4146, GNorm = 2.1254, lr_0 = 1.4202e-04
Loss = 8.4607e-03, PNorm = 34.4213, GNorm = 4.5804, lr_0 = 1.4412e-04
Loss = 7.8596e-03, PNorm = 34.4281, GNorm = 2.4523, lr_0 = 1.4622e-04
Loss = 8.4688e-03, PNorm = 34.4349, GNorm = 3.6120, lr_0 = 1.4832e-04
Loss = 7.8730e-03, PNorm = 34.4424, GNorm = 2.3991, lr_0 = 1.5042e-04
Loss = 9.0438e-03, PNorm = 34.4486, GNorm = 1.8921, lr_0 = 1.5252e-04
Loss = 9.1923e-03, PNorm = 34.4559, GNorm = 2.4141, lr_0 = 1.5462e-04
Loss = 8.4557e-03, PNorm = 34.4639, GNorm = 3.9343, lr_0 = 1.5672e-04
Loss = 7.2180e-03, PNorm = 34.4718, GNorm = 2.1362, lr_0 = 1.5882e-04
Loss = 6.9485e-03, PNorm = 34.4811, GNorm = 2.7565, lr_0 = 1.6092e-04
Loss = 7.0503e-03, PNorm = 34.4891, GNorm = 3.8010, lr_0 = 1.6303e-04
Loss = 7.4214e-03, PNorm = 34.4965, GNorm = 2.7034, lr_0 = 1.6513e-04
Loss = 7.4667e-03, PNorm = 34.5052, GNorm = 3.3647, lr_0 = 1.6723e-04
Loss = 6.9898e-03, PNorm = 34.5128, GNorm = 2.3317, lr_0 = 1.6933e-04
Loss = 7.5300e-03, PNorm = 34.5188, GNorm = 3.7803, lr_0 = 1.7143e-04
Loss = 6.2886e-03, PNorm = 34.5265, GNorm = 3.8680, lr_0 = 1.7353e-04
Loss = 7.0830e-03, PNorm = 34.5333, GNorm = 1.3269, lr_0 = 1.7563e-04
Loss = 7.2985e-03, PNorm = 34.5409, GNorm = 1.6298, lr_0 = 1.7773e-04
Loss = 6.6334e-03, PNorm = 34.5492, GNorm = 2.2820, lr_0 = 1.7983e-04
Loss = 7.3138e-03, PNorm = 34.5562, GNorm = 2.5226, lr_0 = 1.8193e-04
Loss = 5.9648e-03, PNorm = 34.5641, GNorm = 2.0435, lr_0 = 1.8403e-04
Loss = 6.8285e-03, PNorm = 34.5736, GNorm = 3.3110, lr_0 = 1.8613e-04
Loss = 6.6027e-03, PNorm = 34.5821, GNorm = 3.8879, lr_0 = 1.8824e-04
Loss = 6.1002e-03, PNorm = 34.5904, GNorm = 2.4381, lr_0 = 1.9034e-04
Loss = 6.7972e-03, PNorm = 34.6005, GNorm = 2.6509, lr_0 = 1.9244e-04
Loss = 7.6677e-03, PNorm = 34.6097, GNorm = 1.1500, lr_0 = 1.9454e-04
Loss = 8.4287e-03, PNorm = 34.6176, GNorm = 4.1436, lr_0 = 1.9664e-04
Loss = 5.9609e-03, PNorm = 34.6271, GNorm = 2.7518, lr_0 = 1.9874e-04
Loss = 5.8727e-03, PNorm = 34.6363, GNorm = 1.7521, lr_0 = 2.0084e-04
Loss = 6.6659e-03, PNorm = 34.6460, GNorm = 2.8008, lr_0 = 2.0294e-04
Loss = 6.1173e-03, PNorm = 34.6545, GNorm = 1.1884, lr_0 = 2.0504e-04
Loss = 5.9957e-03, PNorm = 34.6628, GNorm = 3.3519, lr_0 = 2.0714e-04
Loss = 7.0513e-03, PNorm = 34.6709, GNorm = 1.5391, lr_0 = 2.0924e-04
Loss = 5.6006e-03, PNorm = 34.6796, GNorm = 2.4858, lr_0 = 2.1134e-04
Loss = 5.9505e-03, PNorm = 34.6880, GNorm = 2.4325, lr_0 = 2.1345e-04
Loss = 7.5012e-03, PNorm = 34.6983, GNorm = 2.6953, lr_0 = 2.1555e-04
Loss = 6.5020e-03, PNorm = 34.7084, GNorm = 3.0539, lr_0 = 2.1765e-04
Loss = 5.4683e-03, PNorm = 34.7168, GNorm = 2.8084, lr_0 = 2.1975e-04
Loss = 5.5337e-03, PNorm = 34.7266, GNorm = 2.0135, lr_0 = 2.2185e-04
Loss = 6.3291e-03, PNorm = 34.7375, GNorm = 2.2577, lr_0 = 2.2395e-04
Loss = 5.0758e-03, PNorm = 34.7463, GNorm = 1.7213, lr_0 = 2.2605e-04
Loss = 5.6366e-03, PNorm = 34.7560, GNorm = 2.0156, lr_0 = 2.2815e-04
Loss = 5.9464e-03, PNorm = 34.7661, GNorm = 2.4665, lr_0 = 2.3025e-04
Loss = 6.0025e-03, PNorm = 34.7749, GNorm = 2.3443, lr_0 = 2.3235e-04
Loss = 5.5915e-03, PNorm = 34.7856, GNorm = 2.4654, lr_0 = 2.3445e-04
Loss = 5.8774e-03, PNorm = 34.7961, GNorm = 4.4509, lr_0 = 2.3655e-04
Loss = 5.4658e-03, PNorm = 34.8032, GNorm = 3.1185, lr_0 = 2.3866e-04
Loss = 5.7659e-03, PNorm = 34.8106, GNorm = 1.8030, lr_0 = 2.4076e-04
Loss = 5.0663e-03, PNorm = 34.8204, GNorm = 1.7287, lr_0 = 2.4286e-04
Loss = 6.2037e-03, PNorm = 34.8291, GNorm = 1.9697, lr_0 = 2.4496e-04
Loss = 6.9614e-03, PNorm = 34.8398, GNorm = 3.1115, lr_0 = 2.4706e-04
Loss = 5.5131e-03, PNorm = 34.8492, GNorm = 3.1285, lr_0 = 2.4916e-04
Loss = 5.1981e-03, PNorm = 34.8577, GNorm = 1.2634, lr_0 = 2.5126e-04
Loss = 5.6467e-03, PNorm = 34.8671, GNorm = 2.1502, lr_0 = 2.5336e-04
Loss = 5.3153e-03, PNorm = 34.8763, GNorm = 1.6491, lr_0 = 2.5546e-04
Loss = 5.5598e-03, PNorm = 34.8870, GNorm = 1.9781, lr_0 = 2.5756e-04
Loss = 5.2959e-03, PNorm = 34.8977, GNorm = 2.9494, lr_0 = 2.5966e-04
Loss = 5.8852e-03, PNorm = 34.9084, GNorm = 2.3119, lr_0 = 2.6176e-04
Loss = 6.7335e-03, PNorm = 34.9179, GNorm = 2.0942, lr_0 = 2.6387e-04
Loss = 5.5976e-03, PNorm = 34.9287, GNorm = 2.7320, lr_0 = 2.6597e-04
Loss = 6.3888e-03, PNorm = 34.9396, GNorm = 1.4370, lr_0 = 2.6807e-04
Loss = 4.4368e-03, PNorm = 34.9498, GNorm = 1.0990, lr_0 = 2.7017e-04
Loss = 5.0356e-03, PNorm = 34.9624, GNorm = 1.4863, lr_0 = 2.7227e-04
Loss = 5.9319e-03, PNorm = 34.9756, GNorm = 2.0465, lr_0 = 2.7437e-04
Loss = 5.9566e-03, PNorm = 34.9838, GNorm = 4.1137, lr_0 = 2.7647e-04
Loss = 5.5836e-03, PNorm = 34.9923, GNorm = 1.9682, lr_0 = 2.7857e-04
Loss = 6.0321e-03, PNorm = 35.0017, GNorm = 1.1344, lr_0 = 2.8067e-04
Loss = 6.8011e-03, PNorm = 35.0127, GNorm = 1.8750, lr_0 = 2.8277e-04
Loss = 4.8048e-03, PNorm = 35.0235, GNorm = 3.1701, lr_0 = 2.8487e-04
Loss = 5.6576e-03, PNorm = 35.0325, GNorm = 1.6232, lr_0 = 2.8697e-04
Loss = 5.7802e-03, PNorm = 35.0449, GNorm = 2.2079, lr_0 = 2.8908e-04
Loss = 4.8308e-03, PNorm = 35.0581, GNorm = 2.5381, lr_0 = 2.9118e-04
Loss = 5.5829e-03, PNorm = 35.0673, GNorm = 1.7150, lr_0 = 2.9328e-04
Loss = 5.2745e-03, PNorm = 35.0771, GNorm = 1.4086, lr_0 = 2.9538e-04
Loss = 5.5431e-03, PNorm = 35.0888, GNorm = 2.2926, lr_0 = 2.9748e-04
Loss = 6.7055e-03, PNorm = 35.1010, GNorm = 3.1040, lr_0 = 2.9958e-04
Loss = 5.9151e-03, PNorm = 35.1135, GNorm = 2.0946, lr_0 = 3.0168e-04
Loss = 7.3922e-03, PNorm = 35.1277, GNorm = 3.1153, lr_0 = 3.0378e-04
Loss = 5.8292e-03, PNorm = 35.1401, GNorm = 2.0159, lr_0 = 3.0588e-04
Loss = 5.2471e-03, PNorm = 35.1495, GNorm = 2.5951, lr_0 = 3.0798e-04
Loss = 4.3700e-03, PNorm = 35.1595, GNorm = 1.5479, lr_0 = 3.1008e-04
Loss = 6.1569e-03, PNorm = 35.1723, GNorm = 1.9819, lr_0 = 3.1218e-04
Loss = 5.4463e-03, PNorm = 35.1836, GNorm = 3.3738, lr_0 = 3.1429e-04
Loss = 6.0300e-03, PNorm = 35.1975, GNorm = 2.5368, lr_0 = 3.1639e-04
Loss = 5.2244e-03, PNorm = 35.2071, GNorm = 4.1784, lr_0 = 3.1849e-04
Loss = 5.0223e-03, PNorm = 35.2142, GNorm = 2.8336, lr_0 = 3.2059e-04
Loss = 5.3249e-03, PNorm = 35.2258, GNorm = 2.2591, lr_0 = 3.2269e-04
Loss = 4.9137e-03, PNorm = 35.2376, GNorm = 1.3635, lr_0 = 3.2479e-04
Loss = 4.5786e-03, PNorm = 35.2485, GNorm = 1.7045, lr_0 = 3.2689e-04
Loss = 4.6074e-03, PNorm = 35.2592, GNorm = 1.1322, lr_0 = 3.2899e-04
Loss = 4.9793e-03, PNorm = 35.2703, GNorm = 1.4511, lr_0 = 3.3109e-04
Loss = 4.7377e-03, PNorm = 35.2784, GNorm = 2.3172, lr_0 = 3.3319e-04
Loss = 4.9880e-03, PNorm = 35.2900, GNorm = 2.0045, lr_0 = 3.3529e-04
Loss = 5.6118e-03, PNorm = 35.3022, GNorm = 1.8430, lr_0 = 3.3739e-04
Loss = 4.4768e-03, PNorm = 35.3124, GNorm = 1.0165, lr_0 = 3.3950e-04
Loss = 4.9281e-03, PNorm = 35.3240, GNorm = 2.0459, lr_0 = 3.4160e-04
Loss = 4.4983e-03, PNorm = 35.3330, GNorm = 1.6582, lr_0 = 3.4370e-04
Loss = 5.4031e-03, PNorm = 35.3448, GNorm = 2.0628, lr_0 = 3.4580e-04
Loss = 4.9992e-03, PNorm = 35.3526, GNorm = 2.1446, lr_0 = 3.4790e-04
Loss = 5.0280e-03, PNorm = 35.3621, GNorm = 4.2909, lr_0 = 3.5000e-04
Loss = 5.5736e-03, PNorm = 35.3716, GNorm = 1.7379, lr_0 = 3.5210e-04
Loss = 5.2327e-03, PNorm = 35.3851, GNorm = 2.0846, lr_0 = 3.5420e-04
Loss = 5.4791e-03, PNorm = 35.3950, GNorm = 2.2732, lr_0 = 3.5630e-04
Loss = 4.8983e-03, PNorm = 35.4084, GNorm = 1.5201, lr_0 = 3.5840e-04
Loss = 4.7419e-03, PNorm = 35.4211, GNorm = 2.2679, lr_0 = 3.6050e-04
Loss = 4.9533e-03, PNorm = 35.4326, GNorm = 1.1758, lr_0 = 3.6261e-04
Loss = 5.4141e-03, PNorm = 35.4472, GNorm = 1.3122, lr_0 = 3.6471e-04
Loss = 5.0009e-03, PNorm = 35.4633, GNorm = 1.2166, lr_0 = 3.6681e-04
Loss = 4.5987e-03, PNorm = 35.4816, GNorm = 2.2271, lr_0 = 3.6891e-04
Loss = 4.9736e-03, PNorm = 35.4979, GNorm = 1.9795, lr_0 = 3.7101e-04
Loss = 5.9408e-03, PNorm = 35.5093, GNorm = 2.5395, lr_0 = 3.7311e-04
Loss = 4.6167e-03, PNorm = 35.5191, GNorm = 1.5040, lr_0 = 3.7521e-04
Loss = 4.5857e-03, PNorm = 35.5308, GNorm = 1.3190, lr_0 = 3.7731e-04
Loss = 5.2078e-03, PNorm = 35.5451, GNorm = 3.3476, lr_0 = 3.7941e-04
Loss = 4.8507e-03, PNorm = 35.5563, GNorm = 1.3185, lr_0 = 3.8151e-04
Loss = 4.6596e-03, PNorm = 35.5695, GNorm = 1.5785, lr_0 = 3.8361e-04
Loss = 4.0081e-03, PNorm = 35.5802, GNorm = 1.3393, lr_0 = 3.8571e-04
Loss = 4.6848e-03, PNorm = 35.5896, GNorm = 1.3277, lr_0 = 3.8782e-04
Loss = 4.4828e-03, PNorm = 35.5959, GNorm = 1.0892, lr_0 = 3.8992e-04
Loss = 4.2156e-03, PNorm = 35.6081, GNorm = 3.0270, lr_0 = 3.9202e-04
Loss = 4.4418e-03, PNorm = 35.6198, GNorm = 1.7715, lr_0 = 3.9412e-04
Loss = 4.3630e-03, PNorm = 35.6340, GNorm = 1.8539, lr_0 = 3.9622e-04
Loss = 4.0113e-03, PNorm = 35.6473, GNorm = 1.5525, lr_0 = 3.9832e-04
Loss = 4.6800e-03, PNorm = 35.6582, GNorm = 2.0878, lr_0 = 4.0042e-04
Loss = 4.1234e-03, PNorm = 35.6700, GNorm = 1.7676, lr_0 = 4.0252e-04
Loss = 4.8456e-03, PNorm = 35.6776, GNorm = 1.4966, lr_0 = 4.0462e-04
Loss = 4.5780e-03, PNorm = 35.6840, GNorm = 1.3169, lr_0 = 4.0672e-04
Loss = 4.7653e-03, PNorm = 35.6961, GNorm = 2.5409, lr_0 = 4.0882e-04
Loss = 3.8308e-03, PNorm = 35.7025, GNorm = 0.9593, lr_0 = 4.1092e-04
Loss = 4.2367e-03, PNorm = 35.7139, GNorm = 2.4442, lr_0 = 4.1303e-04
Loss = 4.3908e-03, PNorm = 35.7247, GNorm = 2.4326, lr_0 = 4.1513e-04
Loss = 4.2111e-03, PNorm = 35.7360, GNorm = 2.3986, lr_0 = 4.1723e-04
Loss = 4.0824e-03, PNorm = 35.7484, GNorm = 2.2121, lr_0 = 4.1933e-04
Loss = 4.5053e-03, PNorm = 35.7644, GNorm = 1.1047, lr_0 = 4.2143e-04
Loss = 3.9441e-03, PNorm = 35.7784, GNorm = 1.7508, lr_0 = 4.2353e-04
Loss = 4.4588e-03, PNorm = 35.7900, GNorm = 1.8483, lr_0 = 4.2563e-04
Loss = 4.3373e-03, PNorm = 35.8068, GNorm = 1.8810, lr_0 = 4.2773e-04
Loss = 5.2889e-03, PNorm = 35.8236, GNorm = 5.2925, lr_0 = 4.2983e-04
Loss = 4.7935e-03, PNorm = 35.8399, GNorm = 2.4888, lr_0 = 4.3193e-04
Loss = 3.9983e-03, PNorm = 35.8563, GNorm = 1.1694, lr_0 = 4.3403e-04
Loss = 4.6995e-03, PNorm = 35.8708, GNorm = 2.0400, lr_0 = 4.3613e-04
Loss = 4.1279e-03, PNorm = 35.8842, GNorm = 1.5844, lr_0 = 4.3824e-04
Loss = 4.5056e-03, PNorm = 35.8966, GNorm = 2.1772, lr_0 = 4.4034e-04
Loss = 4.2139e-03, PNorm = 35.9066, GNorm = 3.0040, lr_0 = 4.4244e-04
Loss = 4.3355e-03, PNorm = 35.9191, GNorm = 2.2017, lr_0 = 4.4454e-04
Loss = 3.9417e-03, PNorm = 35.9320, GNorm = 1.5603, lr_0 = 4.4664e-04
Loss = 3.8784e-03, PNorm = 35.9434, GNorm = 1.5017, lr_0 = 4.4874e-04
Loss = 4.2820e-03, PNorm = 35.9581, GNorm = 2.5382, lr_0 = 4.5084e-04
Loss = 3.5456e-03, PNorm = 35.9702, GNorm = 0.8488, lr_0 = 4.5294e-04
Loss = 4.4155e-03, PNorm = 35.9815, GNorm = 1.9337, lr_0 = 4.5504e-04
Loss = 3.4070e-03, PNorm = 35.9905, GNorm = 1.0524, lr_0 = 4.5714e-04
Loss = 4.3993e-03, PNorm = 36.0012, GNorm = 2.6823, lr_0 = 4.5924e-04
Loss = 3.9665e-03, PNorm = 36.0138, GNorm = 3.3151, lr_0 = 4.6134e-04
Loss = 3.6998e-03, PNorm = 36.0260, GNorm = 1.8542, lr_0 = 4.6345e-04
Loss = 4.1149e-03, PNorm = 36.0362, GNorm = 2.6720, lr_0 = 4.6555e-04
Loss = 4.3152e-03, PNorm = 36.0497, GNorm = 1.8469, lr_0 = 4.6765e-04
Loss = 4.1008e-03, PNorm = 36.0578, GNorm = 1.5858, lr_0 = 4.6975e-04
Loss = 4.0717e-03, PNorm = 36.0763, GNorm = 4.4577, lr_0 = 4.7185e-04
Loss = 4.0814e-03, PNorm = 36.0874, GNorm = 1.3819, lr_0 = 4.7395e-04
Loss = 4.1402e-03, PNorm = 36.0940, GNorm = 1.5715, lr_0 = 4.7605e-04
Loss = 3.9282e-03, PNorm = 36.1037, GNorm = 1.1334, lr_0 = 4.7815e-04
Loss = 3.8243e-03, PNorm = 36.1137, GNorm = 1.7812, lr_0 = 4.8025e-04
Loss = 4.9599e-03, PNorm = 36.1259, GNorm = 0.8264, lr_0 = 4.8235e-04
Loss = 4.9587e-03, PNorm = 36.1425, GNorm = 1.8827, lr_0 = 4.8445e-04
Loss = 3.9549e-03, PNorm = 36.1562, GNorm = 2.9175, lr_0 = 4.8655e-04
Loss = 3.9455e-03, PNorm = 36.1631, GNorm = 1.1625, lr_0 = 4.8866e-04
Loss = 3.9662e-03, PNorm = 36.1715, GNorm = 1.6633, lr_0 = 4.9076e-04
Loss = 4.2687e-03, PNorm = 36.1876, GNorm = 1.3299, lr_0 = 4.9286e-04
Loss = 3.9282e-03, PNorm = 36.2077, GNorm = 1.4371, lr_0 = 4.9496e-04
Loss = 3.6061e-03, PNorm = 36.2200, GNorm = 1.5655, lr_0 = 4.9706e-04
Loss = 3.7337e-03, PNorm = 36.2297, GNorm = 1.3985, lr_0 = 4.9916e-04
Loss = 4.0911e-03, PNorm = 36.2447, GNorm = 1.6385, lr_0 = 5.0126e-04
Loss = 3.7780e-03, PNorm = 36.2592, GNorm = 1.4506, lr_0 = 5.0336e-04
Loss = 3.9163e-03, PNorm = 36.2670, GNorm = 1.2804, lr_0 = 5.0546e-04
Loss = 4.1895e-03, PNorm = 36.2783, GNorm = 1.1627, lr_0 = 5.0756e-04
Loss = 4.7063e-03, PNorm = 36.2887, GNorm = 2.1475, lr_0 = 5.0966e-04
Loss = 3.9216e-03, PNorm = 36.2967, GNorm = 1.1278, lr_0 = 5.1176e-04
Loss = 3.5741e-03, PNorm = 36.3074, GNorm = 1.1661, lr_0 = 5.1387e-04
Loss = 4.3687e-03, PNorm = 36.3230, GNorm = 0.9903, lr_0 = 5.1597e-04
Loss = 3.8345e-03, PNorm = 36.3337, GNorm = 1.2280, lr_0 = 5.1807e-04
Loss = 3.7192e-03, PNorm = 36.3415, GNorm = 1.5270, lr_0 = 5.2017e-04
Loss = 3.4630e-03, PNorm = 36.3542, GNorm = 0.8947, lr_0 = 5.2227e-04
Loss = 4.4393e-03, PNorm = 36.3665, GNorm = 2.2726, lr_0 = 5.2437e-04
Loss = 3.8733e-03, PNorm = 36.3798, GNorm = 2.6830, lr_0 = 5.2647e-04
Loss = 3.7914e-03, PNorm = 36.3905, GNorm = 2.1020, lr_0 = 5.2857e-04
Loss = 4.7757e-03, PNorm = 36.4063, GNorm = 3.0980, lr_0 = 5.3067e-04
Loss = 4.0142e-03, PNorm = 36.4246, GNorm = 1.0120, lr_0 = 5.3277e-04
Loss = 3.4487e-03, PNorm = 36.4387, GNorm = 1.2903, lr_0 = 5.3487e-04
Loss = 3.8106e-03, PNorm = 36.4514, GNorm = 1.9680, lr_0 = 5.3697e-04
Loss = 4.5446e-03, PNorm = 36.4646, GNorm = 1.7783, lr_0 = 5.3908e-04
Loss = 3.7108e-03, PNorm = 36.4739, GNorm = 1.8637, lr_0 = 5.4118e-04
Loss = 5.1889e-03, PNorm = 36.4843, GNorm = 1.6147, lr_0 = 5.4328e-04
Loss = 4.4711e-03, PNorm = 36.4962, GNorm = 1.8019, lr_0 = 5.4538e-04
Loss = 5.0238e-03, PNorm = 36.5082, GNorm = 3.2507, lr_0 = 5.4748e-04
Loss = 4.1380e-03, PNorm = 36.5238, GNorm = 1.9747, lr_0 = 5.4958e-04
Validation rmse = 17.740593
Epoch 1
Loss = 4.3909e-03, PNorm = 36.5405, GNorm = 2.0974, lr_0 = 5.5168e-04
Loss = 3.9089e-03, PNorm = 36.5564, GNorm = 1.6669, lr_0 = 5.5378e-04
Loss = 4.0407e-03, PNorm = 36.5726, GNorm = 1.3389, lr_0 = 5.5588e-04
Loss = 3.9812e-03, PNorm = 36.5848, GNorm = 2.5472, lr_0 = 5.5798e-04
Loss = 4.1506e-03, PNorm = 36.5982, GNorm = 1.2474, lr_0 = 5.6008e-04
Loss = 3.8328e-03, PNorm = 36.6116, GNorm = 0.7871, lr_0 = 5.6218e-04
Loss = 3.9467e-03, PNorm = 36.6206, GNorm = 0.7084, lr_0 = 5.6429e-04
Loss = 4.3898e-03, PNorm = 36.6358, GNorm = 1.1353, lr_0 = 5.6639e-04
Loss = 3.4496e-03, PNorm = 36.6456, GNorm = 1.4070, lr_0 = 5.6849e-04
Loss = 3.1418e-03, PNorm = 36.6557, GNorm = 1.0820, lr_0 = 5.7059e-04
Loss = 3.2036e-03, PNorm = 36.6687, GNorm = 1.4227, lr_0 = 5.7269e-04
Loss = 3.8431e-03, PNorm = 36.6790, GNorm = 2.0992, lr_0 = 5.7479e-04
Loss = 3.2556e-03, PNorm = 36.6896, GNorm = 0.9802, lr_0 = 5.7689e-04
Loss = 3.2637e-03, PNorm = 36.6967, GNorm = 0.9760, lr_0 = 5.7899e-04
Loss = 3.0078e-03, PNorm = 36.6981, GNorm = 0.9392, lr_0 = 5.8109e-04
Loss = 3.7702e-03, PNorm = 36.7069, GNorm = 1.5174, lr_0 = 5.8319e-04
Loss = 4.4335e-03, PNorm = 36.7294, GNorm = 1.0179, lr_0 = 5.8529e-04
Loss = 3.6562e-03, PNorm = 36.7470, GNorm = 1.0193, lr_0 = 5.8739e-04
Loss = 3.4906e-03, PNorm = 36.7600, GNorm = 1.7403, lr_0 = 5.8950e-04
Loss = 4.0812e-03, PNorm = 36.7676, GNorm = 1.6821, lr_0 = 5.9160e-04
Loss = 3.7150e-03, PNorm = 36.7807, GNorm = 2.0137, lr_0 = 5.9370e-04
Loss = 3.5836e-03, PNorm = 36.7920, GNorm = 1.3190, lr_0 = 5.9580e-04
Loss = 4.1052e-03, PNorm = 36.8103, GNorm = 1.2574, lr_0 = 5.9790e-04
Loss = 3.3527e-03, PNorm = 36.8219, GNorm = 0.9772, lr_0 = 6.0000e-04
Loss = 3.1779e-03, PNorm = 36.8322, GNorm = 0.9120, lr_0 = 6.0210e-04
Loss = 4.4149e-03, PNorm = 36.8428, GNorm = 1.7591, lr_0 = 6.0420e-04
Loss = 3.3932e-03, PNorm = 36.8601, GNorm = 1.0139, lr_0 = 6.0630e-04
Loss = 3.7064e-03, PNorm = 36.8726, GNorm = 2.7214, lr_0 = 6.0840e-04
Loss = 3.8377e-03, PNorm = 36.8792, GNorm = 1.7455, lr_0 = 6.1050e-04
Loss = 4.2404e-03, PNorm = 36.8898, GNorm = 1.5886, lr_0 = 6.1261e-04
Loss = 3.6544e-03, PNorm = 36.9021, GNorm = 0.8161, lr_0 = 6.1471e-04
Loss = 3.9724e-03, PNorm = 36.9134, GNorm = 0.9926, lr_0 = 6.1681e-04
Loss = 4.1603e-03, PNorm = 36.9255, GNorm = 0.6886, lr_0 = 6.1891e-04
Loss = 4.4406e-03, PNorm = 36.9417, GNorm = 1.5697, lr_0 = 6.2101e-04
Loss = 3.8600e-03, PNorm = 36.9542, GNorm = 1.1886, lr_0 = 6.2311e-04
Loss = 3.6628e-03, PNorm = 36.9718, GNorm = 1.2014, lr_0 = 6.2521e-04
Loss = 3.7065e-03, PNorm = 36.9846, GNorm = 2.2104, lr_0 = 6.2731e-04
Loss = 3.5977e-03, PNorm = 36.9962, GNorm = 1.6550, lr_0 = 6.2941e-04
Loss = 3.6921e-03, PNorm = 37.0103, GNorm = 1.3579, lr_0 = 6.3151e-04
Loss = 4.4292e-03, PNorm = 37.0281, GNorm = 1.9066, lr_0 = 6.3361e-04
Loss = 4.6995e-03, PNorm = 37.0431, GNorm = 2.1180, lr_0 = 6.3571e-04
Loss = 3.8733e-03, PNorm = 37.0576, GNorm = 2.5470, lr_0 = 6.3782e-04
Loss = 3.5687e-03, PNorm = 37.0742, GNorm = 0.6252, lr_0 = 6.3992e-04
Loss = 4.3329e-03, PNorm = 37.0848, GNorm = 1.1223, lr_0 = 6.4202e-04
Loss = 4.4631e-03, PNorm = 37.0972, GNorm = 1.4994, lr_0 = 6.4412e-04
Loss = 3.5498e-03, PNorm = 37.1087, GNorm = 1.3670, lr_0 = 6.4622e-04
Loss = 4.3313e-03, PNorm = 37.1268, GNorm = 2.0113, lr_0 = 6.4832e-04
Loss = 3.2926e-03, PNorm = 37.1376, GNorm = 1.9499, lr_0 = 6.5042e-04
Loss = 3.3614e-03, PNorm = 37.1446, GNorm = 0.8336, lr_0 = 6.5252e-04
Loss = 3.7834e-03, PNorm = 37.1552, GNorm = 0.9496, lr_0 = 6.5462e-04
Loss = 3.2621e-03, PNorm = 37.1702, GNorm = 0.8593, lr_0 = 6.5672e-04
Loss = 3.3710e-03, PNorm = 37.1863, GNorm = 1.4380, lr_0 = 6.5882e-04
Loss = 3.7736e-03, PNorm = 37.2017, GNorm = 2.3655, lr_0 = 6.6092e-04
Loss = 4.7808e-03, PNorm = 37.2181, GNorm = 1.5652, lr_0 = 6.6303e-04
Loss = 3.6778e-03, PNorm = 37.2383, GNorm = 1.0076, lr_0 = 6.6513e-04
Loss = 3.4340e-03, PNorm = 37.2616, GNorm = 0.9481, lr_0 = 6.6723e-04
Loss = 4.3691e-03, PNorm = 37.2778, GNorm = 0.9854, lr_0 = 6.6933e-04
Loss = 3.2691e-03, PNorm = 37.2912, GNorm = 1.5128, lr_0 = 6.7143e-04
Loss = 3.0148e-03, PNorm = 37.2983, GNorm = 0.8497, lr_0 = 6.7353e-04
Loss = 3.5790e-03, PNorm = 37.3102, GNorm = 1.4464, lr_0 = 6.7563e-04
Loss = 3.1514e-03, PNorm = 37.3191, GNorm = 0.9272, lr_0 = 6.7773e-04
Loss = 3.2109e-03, PNorm = 37.3265, GNorm = 0.8228, lr_0 = 6.7983e-04
Loss = 3.0022e-03, PNorm = 37.3355, GNorm = 1.4156, lr_0 = 6.8193e-04
Loss = 3.7263e-03, PNorm = 37.3511, GNorm = 2.1809, lr_0 = 6.8403e-04
Loss = 2.9534e-03, PNorm = 37.3673, GNorm = 1.4531, lr_0 = 6.8613e-04
Loss = 4.3057e-03, PNorm = 37.3845, GNorm = 0.9875, lr_0 = 6.8824e-04
Loss = 3.7026e-03, PNorm = 37.4130, GNorm = 1.4144, lr_0 = 6.9034e-04
Loss = 3.7892e-03, PNorm = 37.4296, GNorm = 1.1544, lr_0 = 6.9244e-04
Loss = 2.9330e-03, PNorm = 37.4421, GNorm = 1.3704, lr_0 = 6.9454e-04
Loss = 2.9474e-03, PNorm = 37.4532, GNorm = 1.8743, lr_0 = 6.9664e-04
Loss = 3.2596e-03, PNorm = 37.4605, GNorm = 0.9450, lr_0 = 6.9874e-04
Loss = 3.7458e-03, PNorm = 37.4789, GNorm = 0.7772, lr_0 = 7.0084e-04
Loss = 3.5702e-03, PNorm = 37.4883, GNorm = 1.9065, lr_0 = 7.0294e-04
Loss = 3.2271e-03, PNorm = 37.5019, GNorm = 1.0154, lr_0 = 7.0504e-04
Loss = 3.3493e-03, PNorm = 37.5138, GNorm = 1.3445, lr_0 = 7.0714e-04
Loss = 3.5179e-03, PNorm = 37.5296, GNorm = 0.9511, lr_0 = 7.0924e-04
Loss = 3.4595e-03, PNorm = 37.5419, GNorm = 1.2106, lr_0 = 7.1134e-04
Loss = 3.4294e-03, PNorm = 37.5578, GNorm = 0.9877, lr_0 = 7.1345e-04
Loss = 3.1824e-03, PNorm = 37.5718, GNorm = 0.8031, lr_0 = 7.1555e-04
Loss = 3.4707e-03, PNorm = 37.5822, GNorm = 1.2643, lr_0 = 7.1765e-04
Loss = 3.5510e-03, PNorm = 37.5963, GNorm = 1.0713, lr_0 = 7.1975e-04
Loss = 3.4351e-03, PNorm = 37.6127, GNorm = 1.4954, lr_0 = 7.2185e-04
Loss = 2.7514e-03, PNorm = 37.6270, GNorm = 2.0597, lr_0 = 7.2395e-04
Loss = 3.5495e-03, PNorm = 37.6403, GNorm = 1.1819, lr_0 = 7.2605e-04
Loss = 3.3040e-03, PNorm = 37.6511, GNorm = 1.4028, lr_0 = 7.2815e-04
Loss = 3.6042e-03, PNorm = 37.6547, GNorm = 0.7806, lr_0 = 7.3025e-04
Loss = 4.6747e-03, PNorm = 37.6681, GNorm = 1.5416, lr_0 = 7.3235e-04
Loss = 3.1865e-03, PNorm = 37.6835, GNorm = 0.7403, lr_0 = 7.3445e-04
Loss = 4.0699e-03, PNorm = 37.6975, GNorm = 2.4284, lr_0 = 7.3655e-04
Loss = 4.0049e-03, PNorm = 37.7230, GNorm = 0.8915, lr_0 = 7.3866e-04
Loss = 3.7885e-03, PNorm = 37.7444, GNorm = 1.7450, lr_0 = 7.4076e-04
Loss = 3.5527e-03, PNorm = 37.7711, GNorm = 0.9467, lr_0 = 7.4286e-04
Loss = 3.4019e-03, PNorm = 37.7868, GNorm = 1.1297, lr_0 = 7.4496e-04
Loss = 3.6174e-03, PNorm = 37.7993, GNorm = 1.1157, lr_0 = 7.4706e-04
Loss = 3.2772e-03, PNorm = 37.8139, GNorm = 0.7445, lr_0 = 7.4916e-04
Loss = 3.1598e-03, PNorm = 37.8330, GNorm = 1.4129, lr_0 = 7.5126e-04
Loss = 3.4010e-03, PNorm = 37.8536, GNorm = 1.0466, lr_0 = 7.5336e-04
Loss = 2.6859e-03, PNorm = 37.8693, GNorm = 0.6309, lr_0 = 7.5546e-04
Loss = 3.4558e-03, PNorm = 37.8814, GNorm = 1.1820, lr_0 = 7.5756e-04
Loss = 3.6617e-03, PNorm = 37.8938, GNorm = 1.3869, lr_0 = 7.5966e-04
Loss = 3.1521e-03, PNorm = 37.9115, GNorm = 0.6902, lr_0 = 7.6176e-04
Loss = 2.9321e-03, PNorm = 37.9234, GNorm = 1.1477, lr_0 = 7.6387e-04
Loss = 3.3550e-03, PNorm = 37.9376, GNorm = 1.2161, lr_0 = 7.6597e-04
Loss = 3.1643e-03, PNorm = 37.9566, GNorm = 2.0364, lr_0 = 7.6807e-04
Loss = 3.3048e-03, PNorm = 37.9704, GNorm = 1.1436, lr_0 = 7.7017e-04
Loss = 4.8052e-03, PNorm = 37.9870, GNorm = 1.3754, lr_0 = 7.7227e-04
Loss = 3.6020e-03, PNorm = 38.0168, GNorm = 1.3590, lr_0 = 7.7437e-04
Loss = 3.0005e-03, PNorm = 38.0282, GNorm = 0.9544, lr_0 = 7.7647e-04
Loss = 3.1451e-03, PNorm = 38.0480, GNorm = 0.8812, lr_0 = 7.7857e-04
Loss = 3.1412e-03, PNorm = 38.0652, GNorm = 0.7358, lr_0 = 7.8067e-04
Loss = 2.8930e-03, PNorm = 38.0806, GNorm = 1.1090, lr_0 = 7.8277e-04
Loss = 3.1165e-03, PNorm = 38.0872, GNorm = 0.6386, lr_0 = 7.8487e-04
Loss = 2.6926e-03, PNorm = 38.1004, GNorm = 1.0775, lr_0 = 7.8697e-04
Loss = 2.9646e-03, PNorm = 38.1159, GNorm = 1.6620, lr_0 = 7.8908e-04
Loss = 2.9447e-03, PNorm = 38.1297, GNorm = 0.8467, lr_0 = 7.9118e-04
Loss = 3.1924e-03, PNorm = 38.1457, GNorm = 1.1935, lr_0 = 7.9328e-04
Loss = 3.1746e-03, PNorm = 38.1617, GNorm = 0.7164, lr_0 = 7.9538e-04
Loss = 3.5498e-03, PNorm = 38.1685, GNorm = 1.0057, lr_0 = 7.9748e-04
Loss = 2.9984e-03, PNorm = 38.1819, GNorm = 1.0585, lr_0 = 7.9958e-04
Loss = 3.4716e-03, PNorm = 38.2047, GNorm = 0.6961, lr_0 = 8.0168e-04
Loss = 4.1116e-03, PNorm = 38.2274, GNorm = 1.5181, lr_0 = 8.0378e-04
Loss = 3.6833e-03, PNorm = 38.2367, GNorm = 0.8856, lr_0 = 8.0588e-04
Loss = 3.4254e-03, PNorm = 38.2519, GNorm = 0.9287, lr_0 = 8.0798e-04
Loss = 3.4375e-03, PNorm = 38.2684, GNorm = 1.6964, lr_0 = 8.1008e-04
Loss = 2.9635e-03, PNorm = 38.2816, GNorm = 0.7251, lr_0 = 8.1218e-04
Loss = 3.2312e-03, PNorm = 38.2996, GNorm = 0.7281, lr_0 = 8.1429e-04
Loss = 3.0593e-03, PNorm = 38.3142, GNorm = 1.3870, lr_0 = 8.1639e-04
Loss = 3.4389e-03, PNorm = 38.3254, GNorm = 0.8445, lr_0 = 8.1849e-04
Loss = 2.7981e-03, PNorm = 38.3384, GNorm = 1.0345, lr_0 = 8.2059e-04
Loss = 3.1139e-03, PNorm = 38.3559, GNorm = 1.1985, lr_0 = 8.2269e-04
Loss = 3.0096e-03, PNorm = 38.3690, GNorm = 1.0800, lr_0 = 8.2479e-04
Loss = 3.9233e-03, PNorm = 38.3872, GNorm = 1.3523, lr_0 = 8.2689e-04
Loss = 3.0803e-03, PNorm = 38.4037, GNorm = 0.9667, lr_0 = 8.2899e-04
Loss = 3.0713e-03, PNorm = 38.4190, GNorm = 0.8558, lr_0 = 8.3109e-04
Loss = 3.1205e-03, PNorm = 38.4404, GNorm = 1.6600, lr_0 = 8.3319e-04
Loss = 3.6514e-03, PNorm = 38.4549, GNorm = 1.3373, lr_0 = 8.3529e-04
Loss = 3.1218e-03, PNorm = 38.4738, GNorm = 0.8290, lr_0 = 8.3739e-04
Loss = 4.0750e-03, PNorm = 38.4983, GNorm = 1.1675, lr_0 = 8.3950e-04
Loss = 2.9699e-03, PNorm = 38.5219, GNorm = 1.3835, lr_0 = 8.4160e-04
Loss = 3.5781e-03, PNorm = 38.5450, GNorm = 1.0657, lr_0 = 8.4370e-04
Loss = 3.5685e-03, PNorm = 38.5549, GNorm = 1.7533, lr_0 = 8.4580e-04
Loss = 3.7758e-03, PNorm = 38.5691, GNorm = 2.9739, lr_0 = 8.4790e-04
Loss = 3.4755e-03, PNorm = 38.5914, GNorm = 0.9876, lr_0 = 8.5000e-04
Loss = 3.1132e-03, PNorm = 38.6198, GNorm = 1.3698, lr_0 = 8.5210e-04
Loss = 3.1854e-03, PNorm = 38.6366, GNorm = 1.4246, lr_0 = 8.5420e-04
Loss = 4.0441e-03, PNorm = 38.6619, GNorm = 1.1651, lr_0 = 8.5630e-04
Loss = 3.7985e-03, PNorm = 38.6838, GNorm = 2.5790, lr_0 = 8.5840e-04
Loss = 3.6254e-03, PNorm = 38.7014, GNorm = 1.6438, lr_0 = 8.6050e-04
Loss = 4.0476e-03, PNorm = 38.7128, GNorm = 1.1002, lr_0 = 8.6261e-04
Loss = 3.2187e-03, PNorm = 38.7405, GNorm = 2.7235, lr_0 = 8.6471e-04
Loss = 2.6786e-03, PNorm = 38.7613, GNorm = 0.7823, lr_0 = 8.6681e-04
Loss = 3.2295e-03, PNorm = 38.7758, GNorm = 0.7387, lr_0 = 8.6891e-04
Loss = 3.1630e-03, PNorm = 38.7958, GNorm = 1.1411, lr_0 = 8.7101e-04
Loss = 2.8360e-03, PNorm = 38.8151, GNorm = 0.7565, lr_0 = 8.7311e-04
Loss = 3.2366e-03, PNorm = 38.8312, GNorm = 0.7846, lr_0 = 8.7521e-04
Loss = 3.0054e-03, PNorm = 38.8460, GNorm = 1.1815, lr_0 = 8.7731e-04
Loss = 2.6724e-03, PNorm = 38.8571, GNorm = 1.7244, lr_0 = 8.7941e-04
Loss = 3.7295e-03, PNorm = 38.8737, GNorm = 0.9517, lr_0 = 8.8151e-04
Loss = 3.0505e-03, PNorm = 38.8978, GNorm = 1.5196, lr_0 = 8.8361e-04
Loss = 2.8015e-03, PNorm = 38.9245, GNorm = 0.7641, lr_0 = 8.8571e-04
Loss = 3.3761e-03, PNorm = 38.9483, GNorm = 1.0395, lr_0 = 8.8782e-04
Loss = 3.1640e-03, PNorm = 38.9690, GNorm = 0.7712, lr_0 = 8.8992e-04
Loss = 3.4248e-03, PNorm = 38.9881, GNorm = 1.0798, lr_0 = 8.9202e-04
Loss = 3.4897e-03, PNorm = 39.0118, GNorm = 1.2405, lr_0 = 8.9412e-04
Loss = 3.1629e-03, PNorm = 39.0257, GNorm = 1.7461, lr_0 = 8.9622e-04
Loss = 4.1815e-03, PNorm = 39.0569, GNorm = 3.3565, lr_0 = 8.9832e-04
Loss = 3.9825e-03, PNorm = 39.0859, GNorm = 1.1706, lr_0 = 9.0042e-04
Loss = 3.6060e-03, PNorm = 39.1205, GNorm = 1.2950, lr_0 = 9.0252e-04
Loss = 3.5852e-03, PNorm = 39.1403, GNorm = 1.1429, lr_0 = 9.0462e-04
Loss = 3.6603e-03, PNorm = 39.1670, GNorm = 2.1913, lr_0 = 9.0672e-04
Loss = 3.3367e-03, PNorm = 39.1920, GNorm = 0.9249, lr_0 = 9.0882e-04
Loss = 3.2707e-03, PNorm = 39.2151, GNorm = 1.4276, lr_0 = 9.1092e-04
Loss = 2.8291e-03, PNorm = 39.2402, GNorm = 1.2951, lr_0 = 9.1303e-04
Loss = 3.1206e-03, PNorm = 39.2589, GNorm = 0.7012, lr_0 = 9.1513e-04
Loss = 2.9546e-03, PNorm = 39.2777, GNorm = 0.7460, lr_0 = 9.1723e-04
Loss = 3.1583e-03, PNorm = 39.2998, GNorm = 1.3347, lr_0 = 9.1933e-04
Loss = 2.7385e-03, PNorm = 39.3097, GNorm = 1.5858, lr_0 = 9.2143e-04
Loss = 2.3025e-03, PNorm = 39.3267, GNorm = 0.4462, lr_0 = 9.2353e-04
Loss = 3.3284e-03, PNorm = 39.3453, GNorm = 0.8641, lr_0 = 9.2563e-04
Loss = 2.7544e-03, PNorm = 39.3572, GNorm = 0.8858, lr_0 = 9.2773e-04
Loss = 3.3417e-03, PNorm = 39.3677, GNorm = 1.0501, lr_0 = 9.2983e-04
Loss = 2.9982e-03, PNorm = 39.3887, GNorm = 0.7682, lr_0 = 9.3193e-04
Loss = 2.5156e-03, PNorm = 39.4081, GNorm = 0.9392, lr_0 = 9.3403e-04
Loss = 3.2489e-03, PNorm = 39.4422, GNorm = 1.3935, lr_0 = 9.3613e-04
Loss = 2.8439e-03, PNorm = 39.4673, GNorm = 1.2939, lr_0 = 9.3824e-04
Loss = 2.7913e-03, PNorm = 39.4846, GNorm = 1.9250, lr_0 = 9.4034e-04
Loss = 2.7728e-03, PNorm = 39.5085, GNorm = 2.9234, lr_0 = 9.4244e-04
Loss = 3.5352e-03, PNorm = 39.5287, GNorm = 0.9509, lr_0 = 9.4454e-04
Loss = 3.0445e-03, PNorm = 39.5480, GNorm = 1.1618, lr_0 = 9.4664e-04
Loss = 3.9963e-03, PNorm = 39.5864, GNorm = 2.3048, lr_0 = 9.4874e-04
Loss = 3.5570e-03, PNorm = 39.6177, GNorm = 2.3350, lr_0 = 9.5084e-04
Loss = 2.9602e-03, PNorm = 39.6360, GNorm = 1.1522, lr_0 = 9.5294e-04
Loss = 2.3161e-03, PNorm = 39.6590, GNorm = 0.8617, lr_0 = 9.5504e-04
Loss = 3.4482e-03, PNorm = 39.6746, GNorm = 0.9158, lr_0 = 9.5714e-04
Loss = 2.8101e-03, PNorm = 39.6973, GNorm = 1.3159, lr_0 = 9.5924e-04
Loss = 2.6657e-03, PNorm = 39.7174, GNorm = 1.2960, lr_0 = 9.6134e-04
Loss = 2.7021e-03, PNorm = 39.7361, GNorm = 1.1256, lr_0 = 9.6345e-04
Loss = 3.4032e-03, PNorm = 39.7476, GNorm = 2.7585, lr_0 = 9.6555e-04
Loss = 2.9474e-03, PNorm = 39.7622, GNorm = 0.9463, lr_0 = 9.6765e-04
Loss = 2.9570e-03, PNorm = 39.7819, GNorm = 1.3597, lr_0 = 9.6975e-04
Loss = 2.8479e-03, PNorm = 39.8028, GNorm = 0.9641, lr_0 = 9.7185e-04
Loss = 3.0152e-03, PNorm = 39.8280, GNorm = 0.9376, lr_0 = 9.7395e-04
Loss = 2.6795e-03, PNorm = 39.8458, GNorm = 1.0460, lr_0 = 9.7605e-04
Loss = 3.0429e-03, PNorm = 39.8596, GNorm = 1.0209, lr_0 = 9.7815e-04
Loss = 3.5740e-03, PNorm = 39.8897, GNorm = 1.0989, lr_0 = 9.8025e-04
Loss = 2.7256e-03, PNorm = 39.9122, GNorm = 0.9051, lr_0 = 9.8235e-04
Loss = 2.5531e-03, PNorm = 39.9313, GNorm = 0.7381, lr_0 = 9.8445e-04
Loss = 3.3260e-03, PNorm = 39.9522, GNorm = 0.6699, lr_0 = 9.8655e-04
Loss = 2.8528e-03, PNorm = 39.9710, GNorm = 0.8411, lr_0 = 9.8866e-04
Loss = 2.8876e-03, PNorm = 39.9902, GNorm = 1.0304, lr_0 = 9.9076e-04
Loss = 2.9805e-03, PNorm = 40.0084, GNorm = 0.9059, lr_0 = 9.9286e-04
Loss = 3.0933e-03, PNorm = 40.0296, GNorm = 0.7958, lr_0 = 9.9496e-04
Loss = 2.6960e-03, PNorm = 40.0474, GNorm = 0.9904, lr_0 = 9.9706e-04
Loss = 3.0044e-03, PNorm = 40.0671, GNorm = 1.7076, lr_0 = 9.9916e-04
Validation rmse = 14.799929
Epoch 2
Loss = 2.9702e-03, PNorm = 40.0894, GNorm = 1.0574, lr_0 = 9.9977e-04
Loss = 3.0572e-03, PNorm = 40.1060, GNorm = 1.5917, lr_0 = 9.9939e-04
Loss = 3.0313e-03, PNorm = 40.1326, GNorm = 1.2316, lr_0 = 9.9900e-04
Loss = 3.0867e-03, PNorm = 40.1763, GNorm = 0.7980, lr_0 = 9.9862e-04
Loss = 3.1404e-03, PNorm = 40.2097, GNorm = 1.0277, lr_0 = 9.9824e-04
Loss = 3.0237e-03, PNorm = 40.2316, GNorm = 1.3752, lr_0 = 9.9785e-04
Loss = 3.4679e-03, PNorm = 40.2616, GNorm = 1.4658, lr_0 = 9.9747e-04
Loss = 3.0657e-03, PNorm = 40.2865, GNorm = 0.8139, lr_0 = 9.9709e-04
Loss = 2.9533e-03, PNorm = 40.3103, GNorm = 0.9577, lr_0 = 9.9670e-04
Loss = 3.2077e-03, PNorm = 40.3402, GNorm = 0.8889, lr_0 = 9.9632e-04
Loss = 2.8836e-03, PNorm = 40.3634, GNorm = 1.7676, lr_0 = 9.9594e-04
Loss = 2.6716e-03, PNorm = 40.3956, GNorm = 0.8291, lr_0 = 9.9556e-04
Loss = 2.3172e-03, PNorm = 40.4164, GNorm = 0.7004, lr_0 = 9.9517e-04
Loss = 2.6137e-03, PNorm = 40.4349, GNorm = 1.3383, lr_0 = 9.9479e-04
Loss = 2.7538e-03, PNorm = 40.4563, GNorm = 0.7787, lr_0 = 9.9441e-04
Loss = 3.0266e-03, PNorm = 40.4795, GNorm = 1.0462, lr_0 = 9.9403e-04
Loss = 2.6736e-03, PNorm = 40.4977, GNorm = 1.6491, lr_0 = 9.9365e-04
Loss = 2.7507e-03, PNorm = 40.5162, GNorm = 1.3394, lr_0 = 9.9327e-04
Loss = 2.7573e-03, PNorm = 40.5262, GNorm = 1.0178, lr_0 = 9.9288e-04
Loss = 2.9771e-03, PNorm = 40.5435, GNorm = 0.9952, lr_0 = 9.9250e-04
Loss = 2.6416e-03, PNorm = 40.5682, GNorm = 1.8722, lr_0 = 9.9212e-04
Loss = 2.7403e-03, PNorm = 40.5879, GNorm = 0.6731, lr_0 = 9.9174e-04
Loss = 2.3353e-03, PNorm = 40.6165, GNorm = 1.2090, lr_0 = 9.9136e-04
Loss = 2.5176e-03, PNorm = 40.6313, GNorm = 0.8433, lr_0 = 9.9098e-04
Loss = 2.8311e-03, PNorm = 40.6436, GNorm = 0.6986, lr_0 = 9.9060e-04
Loss = 2.6074e-03, PNorm = 40.6725, GNorm = 1.1367, lr_0 = 9.9022e-04
Loss = 2.2827e-03, PNorm = 40.6916, GNorm = 0.9248, lr_0 = 9.8984e-04
Loss = 3.0514e-03, PNorm = 40.7206, GNorm = 1.5256, lr_0 = 9.8946e-04
Loss = 2.2613e-03, PNorm = 40.7416, GNorm = 0.9245, lr_0 = 9.8908e-04
Loss = 2.7020e-03, PNorm = 40.7537, GNorm = 2.1824, lr_0 = 9.8870e-04
Loss = 4.1413e-03, PNorm = 40.7759, GNorm = 4.7859, lr_0 = 9.8832e-04
Loss = 3.6608e-03, PNorm = 40.8134, GNorm = 0.6845, lr_0 = 9.8794e-04
Loss = 3.3318e-03, PNorm = 40.8504, GNorm = 1.1164, lr_0 = 9.8756e-04
Loss = 3.1741e-03, PNorm = 40.8898, GNorm = 1.0122, lr_0 = 9.8718e-04
Loss = 2.7840e-03, PNorm = 40.9087, GNorm = 0.8731, lr_0 = 9.8680e-04
Loss = 2.7585e-03, PNorm = 40.9279, GNorm = 1.6263, lr_0 = 9.8643e-04
Loss = 2.7699e-03, PNorm = 40.9497, GNorm = 0.9307, lr_0 = 9.8605e-04
Loss = 2.5168e-03, PNorm = 40.9692, GNorm = 0.7031, lr_0 = 9.8567e-04
Loss = 2.6728e-03, PNorm = 40.9889, GNorm = 1.1559, lr_0 = 9.8529e-04
Loss = 2.9825e-03, PNorm = 41.0072, GNorm = 0.9658, lr_0 = 9.8491e-04
Loss = 2.8256e-03, PNorm = 41.0255, GNorm = 0.8713, lr_0 = 9.8453e-04
Loss = 2.5707e-03, PNorm = 41.0441, GNorm = 0.9104, lr_0 = 9.8416e-04
Loss = 2.1327e-03, PNorm = 41.0599, GNorm = 0.9010, lr_0 = 9.8378e-04
Loss = 2.9445e-03, PNorm = 41.0754, GNorm = 0.9708, lr_0 = 9.8340e-04
Loss = 2.9973e-03, PNorm = 41.1059, GNorm = 0.9075, lr_0 = 9.8302e-04
Loss = 3.2550e-03, PNorm = 41.1501, GNorm = 1.0722, lr_0 = 9.8265e-04
Loss = 3.1498e-03, PNorm = 41.1821, GNorm = 1.1497, lr_0 = 9.8227e-04
Loss = 2.5095e-03, PNorm = 41.2043, GNorm = 1.0812, lr_0 = 9.8189e-04
Loss = 2.5301e-03, PNorm = 41.2242, GNorm = 1.6174, lr_0 = 9.8151e-04
Loss = 2.3717e-03, PNorm = 41.2472, GNorm = 1.5214, lr_0 = 9.8114e-04
Loss = 2.1718e-03, PNorm = 41.2560, GNorm = 0.5348, lr_0 = 9.8076e-04
Loss = 2.1882e-03, PNorm = 41.2742, GNorm = 0.6898, lr_0 = 9.8038e-04
Loss = 2.7169e-03, PNorm = 41.2883, GNorm = 0.9004, lr_0 = 9.8001e-04
Loss = 3.0311e-03, PNorm = 41.3132, GNorm = 1.2996, lr_0 = 9.7963e-04
Loss = 2.8212e-03, PNorm = 41.3412, GNorm = 1.4666, lr_0 = 9.7926e-04
Loss = 2.7891e-03, PNorm = 41.3642, GNorm = 1.9206, lr_0 = 9.7888e-04
Loss = 2.5860e-03, PNorm = 41.3841, GNorm = 0.6201, lr_0 = 9.7850e-04
Loss = 2.5438e-03, PNorm = 41.3973, GNorm = 0.9888, lr_0 = 9.7813e-04
Loss = 3.0606e-03, PNorm = 41.4221, GNorm = 1.0652, lr_0 = 9.7775e-04
Loss = 2.7628e-03, PNorm = 41.4428, GNorm = 1.3505, lr_0 = 9.7738e-04
Loss = 2.7438e-03, PNorm = 41.4685, GNorm = 1.0317, lr_0 = 9.7700e-04
Loss = 2.5613e-03, PNorm = 41.4878, GNorm = 0.6734, lr_0 = 9.7663e-04
Loss = 2.5356e-03, PNorm = 41.5218, GNorm = 0.8436, lr_0 = 9.7625e-04
Loss = 2.2099e-03, PNorm = 41.5542, GNorm = 0.6865, lr_0 = 9.7588e-04
Loss = 2.6002e-03, PNorm = 41.5718, GNorm = 2.4131, lr_0 = 9.7550e-04
Loss = 3.5899e-03, PNorm = 41.6017, GNorm = 1.2378, lr_0 = 9.7513e-04
Loss = 2.9031e-03, PNorm = 41.6255, GNorm = 1.0363, lr_0 = 9.7476e-04
Loss = 2.6956e-03, PNorm = 41.6473, GNorm = 0.7283, lr_0 = 9.7438e-04
Loss = 2.9259e-03, PNorm = 41.6674, GNorm = 1.2886, lr_0 = 9.7401e-04
Loss = 2.4616e-03, PNorm = 41.6788, GNorm = 1.7212, lr_0 = 9.7363e-04
Loss = 3.0691e-03, PNorm = 41.6946, GNorm = 0.8075, lr_0 = 9.7326e-04
Loss = 2.6037e-03, PNorm = 41.7109, GNorm = 1.2643, lr_0 = 9.7289e-04
Loss = 2.3268e-03, PNorm = 41.7253, GNorm = 0.3867, lr_0 = 9.7251e-04
Loss = 2.3659e-03, PNorm = 41.7393, GNorm = 1.3624, lr_0 = 9.7214e-04
Loss = 2.2826e-03, PNorm = 41.7568, GNorm = 0.9680, lr_0 = 9.7177e-04
Loss = 2.7770e-03, PNorm = 41.7712, GNorm = 0.6926, lr_0 = 9.7139e-04
Loss = 2.7869e-03, PNorm = 41.7916, GNorm = 1.3617, lr_0 = 9.7102e-04
Loss = 3.1296e-03, PNorm = 41.8096, GNorm = 2.3849, lr_0 = 9.7065e-04
Loss = 2.8459e-03, PNorm = 41.8268, GNorm = 1.2388, lr_0 = 9.7027e-04
Loss = 2.3722e-03, PNorm = 41.8440, GNorm = 1.2367, lr_0 = 9.6990e-04
Loss = 2.7504e-03, PNorm = 41.8633, GNorm = 0.7650, lr_0 = 9.6953e-04
Loss = 2.4246e-03, PNorm = 41.8885, GNorm = 1.1800, lr_0 = 9.6916e-04
Loss = 2.4052e-03, PNorm = 41.9123, GNorm = 2.4920, lr_0 = 9.6879e-04
Loss = 2.9385e-03, PNorm = 41.9339, GNorm = 0.7495, lr_0 = 9.6841e-04
Loss = 2.3904e-03, PNorm = 41.9528, GNorm = 1.6247, lr_0 = 9.6804e-04
Loss = 2.2544e-03, PNorm = 41.9671, GNorm = 0.6206, lr_0 = 9.6767e-04
Loss = 2.5424e-03, PNorm = 41.9900, GNorm = 1.4775, lr_0 = 9.6730e-04
Loss = 2.3531e-03, PNorm = 42.0043, GNorm = 0.9600, lr_0 = 9.6693e-04
Loss = 1.8241e-03, PNorm = 42.0198, GNorm = 0.4563, lr_0 = 9.6656e-04
Loss = 3.0961e-03, PNorm = 42.0434, GNorm = 1.1319, lr_0 = 9.6619e-04
Loss = 2.7426e-03, PNorm = 42.0691, GNorm = 1.9037, lr_0 = 9.6582e-04
Loss = 2.6004e-03, PNorm = 42.0847, GNorm = 0.7987, lr_0 = 9.6544e-04
Loss = 2.7032e-03, PNorm = 42.1047, GNorm = 0.6135, lr_0 = 9.6507e-04
Loss = 2.5730e-03, PNorm = 42.1222, GNorm = 0.6871, lr_0 = 9.6470e-04
Loss = 2.3911e-03, PNorm = 42.1386, GNorm = 1.3385, lr_0 = 9.6433e-04
Loss = 3.0405e-03, PNorm = 42.1529, GNorm = 1.5780, lr_0 = 9.6396e-04
Loss = 2.5316e-03, PNorm = 42.1777, GNorm = 0.6213, lr_0 = 9.6359e-04
Loss = 2.2076e-03, PNorm = 42.1955, GNorm = 0.6142, lr_0 = 9.6322e-04
Loss = 2.3867e-03, PNorm = 42.2095, GNorm = 1.3447, lr_0 = 9.6285e-04
Loss = 2.4426e-03, PNorm = 42.2227, GNorm = 0.6830, lr_0 = 9.6248e-04
Loss = 2.4490e-03, PNorm = 42.2392, GNorm = 1.1419, lr_0 = 9.6211e-04
Loss = 2.6718e-03, PNorm = 42.2553, GNorm = 0.6887, lr_0 = 9.6174e-04
Loss = 1.8983e-03, PNorm = 42.2765, GNorm = 0.9083, lr_0 = 9.6138e-04
Loss = 2.6480e-03, PNorm = 42.2954, GNorm = 1.3738, lr_0 = 9.6101e-04
Loss = 1.9684e-03, PNorm = 42.3092, GNorm = 0.4143, lr_0 = 9.6064e-04
Loss = 2.1034e-03, PNorm = 42.3272, GNorm = 0.9515, lr_0 = 9.6027e-04
Loss = 2.1760e-03, PNorm = 42.3437, GNorm = 1.2066, lr_0 = 9.5990e-04
Loss = 2.5693e-03, PNorm = 42.3589, GNorm = 1.2784, lr_0 = 9.5953e-04
Loss = 2.7972e-03, PNorm = 42.3788, GNorm = 0.6269, lr_0 = 9.5916e-04
Loss = 2.3109e-03, PNorm = 42.3998, GNorm = 0.6697, lr_0 = 9.5880e-04
Loss = 3.0134e-03, PNorm = 42.4222, GNorm = 1.0201, lr_0 = 9.5843e-04
Loss = 2.5807e-03, PNorm = 42.4419, GNorm = 1.2444, lr_0 = 9.5806e-04
Loss = 2.3163e-03, PNorm = 42.4612, GNorm = 0.3921, lr_0 = 9.5769e-04
Loss = 2.4207e-03, PNorm = 42.4724, GNorm = 1.0006, lr_0 = 9.5732e-04
Loss = 2.4751e-03, PNorm = 42.4878, GNorm = 1.0010, lr_0 = 9.5696e-04
Loss = 1.8921e-03, PNorm = 42.5047, GNorm = 0.5820, lr_0 = 9.5659e-04
Loss = 2.1655e-03, PNorm = 42.5176, GNorm = 1.8044, lr_0 = 9.5622e-04
Loss = 2.2547e-03, PNorm = 42.5363, GNorm = 0.6461, lr_0 = 9.5586e-04
Loss = 1.8660e-03, PNorm = 42.5533, GNorm = 1.0141, lr_0 = 9.5549e-04
Loss = 2.4360e-03, PNorm = 42.5689, GNorm = 0.6787, lr_0 = 9.5512e-04
Loss = 2.9515e-03, PNorm = 42.5879, GNorm = 0.7436, lr_0 = 9.5476e-04
Loss = 2.9762e-03, PNorm = 42.6052, GNorm = 0.7797, lr_0 = 9.5439e-04
Loss = 3.2915e-03, PNorm = 42.6340, GNorm = 0.8909, lr_0 = 9.5402e-04
Loss = 2.3528e-03, PNorm = 42.6609, GNorm = 0.7952, lr_0 = 9.5366e-04
Loss = 2.3881e-03, PNorm = 42.6820, GNorm = 0.5413, lr_0 = 9.5329e-04
Loss = 2.2384e-03, PNorm = 42.7020, GNorm = 0.7100, lr_0 = 9.5292e-04
Loss = 2.6608e-03, PNorm = 42.7219, GNorm = 1.4185, lr_0 = 9.5256e-04
Loss = 2.4462e-03, PNorm = 42.7451, GNorm = 0.5803, lr_0 = 9.5219e-04
Loss = 2.4100e-03, PNorm = 42.7613, GNorm = 0.9126, lr_0 = 9.5183e-04
Loss = 2.5333e-03, PNorm = 42.7836, GNorm = 1.0176, lr_0 = 9.5146e-04
Loss = 3.3846e-03, PNorm = 42.8029, GNorm = 1.2469, lr_0 = 9.5110e-04
Loss = 2.6418e-03, PNorm = 42.8291, GNorm = 1.8502, lr_0 = 9.5073e-04
Loss = 2.3485e-03, PNorm = 42.8486, GNorm = 0.7459, lr_0 = 9.5037e-04
Loss = 2.2895e-03, PNorm = 42.8684, GNorm = 0.7415, lr_0 = 9.5000e-04
Loss = 2.5199e-03, PNorm = 42.8793, GNorm = 0.7675, lr_0 = 9.4964e-04
Loss = 2.8426e-03, PNorm = 42.9039, GNorm = 1.0054, lr_0 = 9.4927e-04
Loss = 2.5746e-03, PNorm = 42.9243, GNorm = 0.8356, lr_0 = 9.4891e-04
Loss = 2.3485e-03, PNorm = 42.9426, GNorm = 0.6943, lr_0 = 9.4854e-04
Loss = 2.2164e-03, PNorm = 42.9560, GNorm = 0.8361, lr_0 = 9.4818e-04
Loss = 2.1137e-03, PNorm = 42.9753, GNorm = 0.8000, lr_0 = 9.4782e-04
Loss = 3.1594e-03, PNorm = 42.9932, GNorm = 1.4535, lr_0 = 9.4745e-04
Loss = 3.1717e-03, PNorm = 43.0070, GNorm = 1.0010, lr_0 = 9.4709e-04
Loss = 2.5844e-03, PNorm = 43.0259, GNorm = 0.5595, lr_0 = 9.4672e-04
Loss = 1.9826e-03, PNorm = 43.0437, GNorm = 0.4899, lr_0 = 9.4636e-04
Loss = 2.3708e-03, PNorm = 43.0583, GNorm = 0.7056, lr_0 = 9.4600e-04
Loss = 2.1345e-03, PNorm = 43.0729, GNorm = 0.7852, lr_0 = 9.4564e-04
Loss = 2.2030e-03, PNorm = 43.0873, GNorm = 0.8054, lr_0 = 9.4527e-04
Loss = 2.1510e-03, PNorm = 43.1022, GNorm = 0.6074, lr_0 = 9.4491e-04
Loss = 2.1246e-03, PNorm = 43.1188, GNorm = 0.7230, lr_0 = 9.4455e-04
Loss = 2.1618e-03, PNorm = 43.1321, GNorm = 0.4737, lr_0 = 9.4418e-04
Loss = 1.9919e-03, PNorm = 43.1440, GNorm = 1.2902, lr_0 = 9.4382e-04
Loss = 2.4187e-03, PNorm = 43.1589, GNorm = 0.6428, lr_0 = 9.4346e-04
Loss = 2.3897e-03, PNorm = 43.1723, GNorm = 0.7890, lr_0 = 9.4310e-04
Loss = 2.0073e-03, PNorm = 43.1956, GNorm = 0.9043, lr_0 = 9.4274e-04
Loss = 2.2624e-03, PNorm = 43.2215, GNorm = 0.9391, lr_0 = 9.4237e-04
Loss = 1.9609e-03, PNorm = 43.2406, GNorm = 0.7270, lr_0 = 9.4201e-04
Loss = 2.0027e-03, PNorm = 43.2578, GNorm = 1.1171, lr_0 = 9.4165e-04
Loss = 1.9505e-03, PNorm = 43.2732, GNorm = 0.6200, lr_0 = 9.4129e-04
Loss = 2.1366e-03, PNorm = 43.2891, GNorm = 0.9050, lr_0 = 9.4093e-04
Loss = 2.4479e-03, PNorm = 43.3133, GNorm = 2.0732, lr_0 = 9.4057e-04
Loss = 2.5314e-03, PNorm = 43.3342, GNorm = 0.9210, lr_0 = 9.4021e-04
Loss = 2.4429e-03, PNorm = 43.3508, GNorm = 1.1127, lr_0 = 9.3984e-04
Loss = 2.8286e-03, PNorm = 43.3707, GNorm = 0.8492, lr_0 = 9.3948e-04
Loss = 1.9410e-03, PNorm = 43.3830, GNorm = 1.4022, lr_0 = 9.3912e-04
Loss = 1.9708e-03, PNorm = 43.3975, GNorm = 0.6181, lr_0 = 9.3876e-04
Loss = 2.6045e-03, PNorm = 43.4187, GNorm = 1.2047, lr_0 = 9.3840e-04
Loss = 2.0763e-03, PNorm = 43.4400, GNorm = 1.3434, lr_0 = 9.3804e-04
Loss = 2.2132e-03, PNorm = 43.4536, GNorm = 0.8522, lr_0 = 9.3768e-04
Loss = 2.0357e-03, PNorm = 43.4656, GNorm = 0.4973, lr_0 = 9.3732e-04
Loss = 2.0034e-03, PNorm = 43.4767, GNorm = 0.6157, lr_0 = 9.3696e-04
Loss = 2.1600e-03, PNorm = 43.4928, GNorm = 0.6469, lr_0 = 9.3660e-04
Loss = 2.5608e-03, PNorm = 43.5111, GNorm = 1.3042, lr_0 = 9.3624e-04
Loss = 2.1923e-03, PNorm = 43.5296, GNorm = 0.7162, lr_0 = 9.3588e-04
Loss = 2.4836e-03, PNorm = 43.5403, GNorm = 0.9495, lr_0 = 9.3552e-04
Loss = 2.2989e-03, PNorm = 43.5609, GNorm = 0.3817, lr_0 = 9.3517e-04
Loss = 2.1266e-03, PNorm = 43.5848, GNorm = 1.6456, lr_0 = 9.3481e-04
Loss = 2.4665e-03, PNorm = 43.6027, GNorm = 1.5240, lr_0 = 9.3445e-04
Loss = 2.6435e-03, PNorm = 43.6279, GNorm = 1.0942, lr_0 = 9.3409e-04
Loss = 2.0648e-03, PNorm = 43.6425, GNorm = 1.9329, lr_0 = 9.3373e-04
Loss = 2.1695e-03, PNorm = 43.6569, GNorm = 1.1646, lr_0 = 9.3337e-04
Loss = 2.8723e-03, PNorm = 43.6761, GNorm = 0.7164, lr_0 = 9.3301e-04
Loss = 2.0768e-03, PNorm = 43.6931, GNorm = 1.0090, lr_0 = 9.3266e-04
Loss = 2.4540e-03, PNorm = 43.7068, GNorm = 0.5900, lr_0 = 9.3230e-04
Loss = 2.4466e-03, PNorm = 43.7363, GNorm = 0.7386, lr_0 = 9.3194e-04
Loss = 2.0554e-03, PNorm = 43.7539, GNorm = 0.5205, lr_0 = 9.3158e-04
Loss = 2.3879e-03, PNorm = 43.7701, GNorm = 1.2708, lr_0 = 9.3122e-04
Loss = 2.0117e-03, PNorm = 43.7933, GNorm = 0.5309, lr_0 = 9.3087e-04
Loss = 1.8642e-03, PNorm = 43.8181, GNorm = 1.0185, lr_0 = 9.3051e-04
Loss = 1.9999e-03, PNorm = 43.8345, GNorm = 0.5078, lr_0 = 9.3015e-04
Loss = 2.5360e-03, PNorm = 43.8516, GNorm = 1.0321, lr_0 = 9.2980e-04
Loss = 2.7093e-03, PNorm = 43.8744, GNorm = 0.8025, lr_0 = 9.2944e-04
Loss = 2.1342e-03, PNorm = 43.8933, GNorm = 1.2691, lr_0 = 9.2908e-04
Loss = 2.1398e-03, PNorm = 43.9086, GNorm = 1.4946, lr_0 = 9.2873e-04
Loss = 1.9933e-03, PNorm = 43.9295, GNorm = 0.4921, lr_0 = 9.2837e-04
Loss = 2.1863e-03, PNorm = 43.9476, GNorm = 0.7992, lr_0 = 9.2801e-04
Loss = 2.0601e-03, PNorm = 43.9636, GNorm = 0.6630, lr_0 = 9.2766e-04
Loss = 1.9594e-03, PNorm = 43.9801, GNorm = 0.8957, lr_0 = 9.2730e-04
Loss = 2.2211e-03, PNorm = 43.9970, GNorm = 0.4306, lr_0 = 9.2694e-04
Loss = 1.8963e-03, PNorm = 44.0130, GNorm = 0.4321, lr_0 = 9.2659e-04
Loss = 2.1024e-03, PNorm = 44.0255, GNorm = 1.0178, lr_0 = 9.2623e-04
Loss = 1.8760e-03, PNorm = 44.0353, GNorm = 0.6852, lr_0 = 9.2588e-04
Loss = 2.2070e-03, PNorm = 44.0525, GNorm = 1.1517, lr_0 = 9.2552e-04
Loss = 1.9838e-03, PNorm = 44.0657, GNorm = 1.6551, lr_0 = 9.2517e-04
Loss = 2.4363e-03, PNorm = 44.0748, GNorm = 0.9802, lr_0 = 9.2481e-04
Loss = 2.0790e-03, PNorm = 44.0871, GNorm = 0.6103, lr_0 = 9.2446e-04
Loss = 3.0069e-03, PNorm = 44.1012, GNorm = 1.8579, lr_0 = 9.2410e-04
Loss = 1.7809e-03, PNorm = 44.1252, GNorm = 1.1912, lr_0 = 9.2375e-04
Loss = 1.9698e-03, PNorm = 44.1435, GNorm = 1.1086, lr_0 = 9.2339e-04
Loss = 2.1324e-03, PNorm = 44.1565, GNorm = 0.8550, lr_0 = 9.2304e-04
Loss = 2.1780e-03, PNorm = 44.1714, GNorm = 0.6023, lr_0 = 9.2268e-04
Loss = 2.2874e-03, PNorm = 44.1884, GNorm = 0.5333, lr_0 = 9.2233e-04
Loss = 2.4504e-03, PNorm = 44.2125, GNorm = 0.5816, lr_0 = 9.2198e-04
Loss = 1.9099e-03, PNorm = 44.2310, GNorm = 0.9125, lr_0 = 9.2162e-04
Loss = 2.0509e-03, PNorm = 44.2451, GNorm = 0.8217, lr_0 = 9.2127e-04
Validation rmse = 11.872519
Epoch 3
Loss = 2.6779e-03, PNorm = 44.2591, GNorm = 0.7774, lr_0 = 9.2091e-04
Loss = 1.8690e-03, PNorm = 44.2773, GNorm = 0.5865, lr_0 = 9.2056e-04
Loss = 1.8078e-03, PNorm = 44.3001, GNorm = 0.8043, lr_0 = 9.2021e-04
Loss = 2.1923e-03, PNorm = 44.3219, GNorm = 1.4079, lr_0 = 9.1985e-04
Loss = 2.1727e-03, PNorm = 44.3451, GNorm = 0.5325, lr_0 = 9.1950e-04
Loss = 1.9717e-03, PNorm = 44.3559, GNorm = 0.5810, lr_0 = 9.1915e-04
Loss = 1.8943e-03, PNorm = 44.3715, GNorm = 0.8200, lr_0 = 9.1879e-04
Loss = 2.5857e-03, PNorm = 44.3950, GNorm = 0.6844, lr_0 = 9.1844e-04
Loss = 2.3424e-03, PNorm = 44.4137, GNorm = 0.7567, lr_0 = 9.1809e-04
Loss = 2.1602e-03, PNorm = 44.4381, GNorm = 0.8715, lr_0 = 9.1774e-04
Loss = 1.8318e-03, PNorm = 44.4609, GNorm = 0.5666, lr_0 = 9.1739e-04
Loss = 2.2820e-03, PNorm = 44.4824, GNorm = 0.8688, lr_0 = 9.1703e-04
Loss = 1.9069e-03, PNorm = 44.5024, GNorm = 1.3131, lr_0 = 9.1668e-04
Loss = 1.9415e-03, PNorm = 44.5158, GNorm = 0.9797, lr_0 = 9.1633e-04
Loss = 1.7172e-03, PNorm = 44.5302, GNorm = 0.4509, lr_0 = 9.1598e-04
Loss = 1.8397e-03, PNorm = 44.5436, GNorm = 0.5239, lr_0 = 9.1563e-04
Loss = 1.9656e-03, PNorm = 44.5542, GNorm = 0.6335, lr_0 = 9.1527e-04
Loss = 2.3662e-03, PNorm = 44.5625, GNorm = 0.4907, lr_0 = 9.1492e-04
Loss = 1.8215e-03, PNorm = 44.5822, GNorm = 0.9104, lr_0 = 9.1457e-04
Loss = 2.0613e-03, PNorm = 44.5981, GNorm = 0.5667, lr_0 = 9.1422e-04
Loss = 1.7502e-03, PNorm = 44.6128, GNorm = 0.7826, lr_0 = 9.1387e-04
Loss = 1.7433e-03, PNorm = 44.6271, GNorm = 1.2117, lr_0 = 9.1352e-04
Loss = 2.3465e-03, PNorm = 44.6452, GNorm = 0.8702, lr_0 = 9.1317e-04
Loss = 1.9144e-03, PNorm = 44.6710, GNorm = 1.2080, lr_0 = 9.1282e-04
Loss = 2.3472e-03, PNorm = 44.6890, GNorm = 1.4745, lr_0 = 9.1247e-04
Loss = 1.9622e-03, PNorm = 44.7045, GNorm = 0.8583, lr_0 = 9.1212e-04
Loss = 2.7683e-03, PNorm = 44.7242, GNorm = 1.0437, lr_0 = 9.1177e-04
Loss = 3.0042e-03, PNorm = 44.7591, GNorm = 1.4363, lr_0 = 9.1142e-04
Loss = 2.2029e-03, PNorm = 44.7866, GNorm = 1.2783, lr_0 = 9.1107e-04
Loss = 2.6905e-03, PNorm = 44.8158, GNorm = 1.4532, lr_0 = 9.1072e-04
Loss = 2.0734e-03, PNorm = 44.8435, GNorm = 1.0135, lr_0 = 9.1037e-04
Loss = 2.3746e-03, PNorm = 44.8586, GNorm = 0.9519, lr_0 = 9.1002e-04
Loss = 2.2564e-03, PNorm = 44.8802, GNorm = 0.5604, lr_0 = 9.0967e-04
Loss = 1.9435e-03, PNorm = 44.9021, GNorm = 0.9555, lr_0 = 9.0932e-04
Loss = 1.8568e-03, PNorm = 44.9138, GNorm = 0.7869, lr_0 = 9.0897e-04
Loss = 2.1499e-03, PNorm = 44.9283, GNorm = 0.6044, lr_0 = 9.0862e-04
Loss = 1.6770e-03, PNorm = 44.9344, GNorm = 0.4369, lr_0 = 9.0827e-04
Loss = 2.0781e-03, PNorm = 44.9503, GNorm = 0.7416, lr_0 = 9.0792e-04
Loss = 1.8104e-03, PNorm = 44.9620, GNorm = 0.6748, lr_0 = 9.0758e-04
Loss = 1.7962e-03, PNorm = 44.9729, GNorm = 0.6247, lr_0 = 9.0723e-04
Loss = 2.2265e-03, PNorm = 44.9905, GNorm = 1.1607, lr_0 = 9.0688e-04
Loss = 1.9469e-03, PNorm = 45.0051, GNorm = 0.8879, lr_0 = 9.0653e-04
Loss = 2.1121e-03, PNorm = 45.0206, GNorm = 0.6325, lr_0 = 9.0618e-04
Loss = 1.6824e-03, PNorm = 45.0354, GNorm = 0.6110, lr_0 = 9.0584e-04
Loss = 1.8243e-03, PNorm = 45.0513, GNorm = 0.8994, lr_0 = 9.0549e-04
Loss = 2.0708e-03, PNorm = 45.0661, GNorm = 0.6686, lr_0 = 9.0514e-04
Loss = 1.7316e-03, PNorm = 45.0781, GNorm = 0.4493, lr_0 = 9.0479e-04
Loss = 1.6498e-03, PNorm = 45.0960, GNorm = 0.8012, lr_0 = 9.0445e-04
Loss = 2.1115e-03, PNorm = 45.1090, GNorm = 0.5621, lr_0 = 9.0410e-04
Loss = 2.0443e-03, PNorm = 45.1171, GNorm = 1.9331, lr_0 = 9.0375e-04
Loss = 2.2667e-03, PNorm = 45.1367, GNorm = 0.7272, lr_0 = 9.0340e-04
Loss = 2.1832e-03, PNorm = 45.1635, GNorm = 0.3095, lr_0 = 9.0306e-04
Loss = 2.4247e-03, PNorm = 45.1796, GNorm = 0.6344, lr_0 = 9.0271e-04
Loss = 2.0538e-03, PNorm = 45.1915, GNorm = 0.8876, lr_0 = 9.0236e-04
Loss = 1.8998e-03, PNorm = 45.2081, GNorm = 0.6842, lr_0 = 9.0202e-04
Loss = 2.2065e-03, PNorm = 45.2193, GNorm = 0.3520, lr_0 = 9.0167e-04
Loss = 2.0811e-03, PNorm = 45.2395, GNorm = 0.6048, lr_0 = 9.0133e-04
Loss = 2.5811e-03, PNorm = 45.2681, GNorm = 0.6635, lr_0 = 9.0098e-04
Loss = 1.9184e-03, PNorm = 45.2872, GNorm = 0.7750, lr_0 = 9.0063e-04
Loss = 1.5849e-03, PNorm = 45.2985, GNorm = 1.0650, lr_0 = 9.0029e-04
Loss = 1.8753e-03, PNorm = 45.3101, GNorm = 0.5767, lr_0 = 8.9994e-04
Loss = 1.7670e-03, PNorm = 45.3191, GNorm = 0.7318, lr_0 = 8.9960e-04
Loss = 1.8964e-03, PNorm = 45.3366, GNorm = 0.5301, lr_0 = 8.9925e-04
Loss = 1.6416e-03, PNorm = 45.3450, GNorm = 0.8902, lr_0 = 8.9891e-04
Loss = 1.9077e-03, PNorm = 45.3548, GNorm = 0.6372, lr_0 = 8.9856e-04
Loss = 1.6402e-03, PNorm = 45.3656, GNorm = 0.5396, lr_0 = 8.9822e-04
Loss = 1.8498e-03, PNorm = 45.3781, GNorm = 0.5872, lr_0 = 8.9787e-04
Loss = 2.0382e-03, PNorm = 45.3985, GNorm = 1.0057, lr_0 = 8.9753e-04
Loss = 1.8486e-03, PNorm = 45.4233, GNorm = 0.5511, lr_0 = 8.9718e-04
Loss = 1.9548e-03, PNorm = 45.4406, GNorm = 0.8390, lr_0 = 8.9684e-04
Loss = 2.0301e-03, PNorm = 45.4556, GNorm = 1.2128, lr_0 = 8.9649e-04
Loss = 2.2034e-03, PNorm = 45.4750, GNorm = 1.3158, lr_0 = 8.9615e-04
Loss = 1.6749e-03, PNorm = 45.4921, GNorm = 0.6671, lr_0 = 8.9581e-04
Loss = 1.7785e-03, PNorm = 45.5100, GNorm = 0.5499, lr_0 = 8.9546e-04
Loss = 1.7707e-03, PNorm = 45.5224, GNorm = 1.4717, lr_0 = 8.9512e-04
Loss = 2.3203e-03, PNorm = 45.5352, GNorm = 1.7216, lr_0 = 8.9478e-04
Loss = 2.2934e-03, PNorm = 45.5539, GNorm = 1.0426, lr_0 = 8.9443e-04
Loss = 2.2314e-03, PNorm = 45.5708, GNorm = 1.1825, lr_0 = 8.9409e-04
Loss = 2.2710e-03, PNorm = 45.5925, GNorm = 1.1292, lr_0 = 8.9375e-04
Loss = 1.7737e-03, PNorm = 45.6057, GNorm = 0.7594, lr_0 = 8.9340e-04
Loss = 1.8470e-03, PNorm = 45.6234, GNorm = 1.0396, lr_0 = 8.9306e-04
Loss = 2.1169e-03, PNorm = 45.6382, GNorm = 0.4994, lr_0 = 8.9272e-04
Loss = 1.6316e-03, PNorm = 45.6527, GNorm = 0.7329, lr_0 = 8.9237e-04
Loss = 1.8988e-03, PNorm = 45.6644, GNorm = 0.8347, lr_0 = 8.9203e-04
Loss = 1.8256e-03, PNorm = 45.6783, GNorm = 0.9174, lr_0 = 8.9169e-04
Loss = 1.6417e-03, PNorm = 45.6923, GNorm = 0.5377, lr_0 = 8.9135e-04
Loss = 1.4787e-03, PNorm = 45.7111, GNorm = 1.1124, lr_0 = 8.9100e-04
Loss = 1.8439e-03, PNorm = 45.7251, GNorm = 0.5350, lr_0 = 8.9066e-04
Loss = 2.0884e-03, PNorm = 45.7401, GNorm = 1.2473, lr_0 = 8.9032e-04
Loss = 1.7200e-03, PNorm = 45.7610, GNorm = 0.7692, lr_0 = 8.8998e-04
Loss = 2.0424e-03, PNorm = 45.7757, GNorm = 1.2851, lr_0 = 8.8964e-04
Loss = 2.1051e-03, PNorm = 45.7953, GNorm = 1.2237, lr_0 = 8.8930e-04
Loss = 2.0810e-03, PNorm = 45.8158, GNorm = 0.5971, lr_0 = 8.8895e-04
Loss = 1.7858e-03, PNorm = 45.8325, GNorm = 0.4255, lr_0 = 8.8861e-04
Loss = 1.9446e-03, PNorm = 45.8521, GNorm = 0.6743, lr_0 = 8.8827e-04
Loss = 1.5748e-03, PNorm = 45.8643, GNorm = 0.3023, lr_0 = 8.8793e-04
Loss = 1.6727e-03, PNorm = 45.8774, GNorm = 0.6040, lr_0 = 8.8759e-04
Loss = 1.6912e-03, PNorm = 45.8908, GNorm = 0.7624, lr_0 = 8.8725e-04
Loss = 1.6013e-03, PNorm = 45.9030, GNorm = 0.7643, lr_0 = 8.8691e-04
Loss = 2.2341e-03, PNorm = 45.9151, GNorm = 0.6217, lr_0 = 8.8657e-04
Loss = 2.1333e-03, PNorm = 45.9307, GNorm = 0.5375, lr_0 = 8.8623e-04
Loss = 2.7327e-03, PNorm = 45.9477, GNorm = 1.3027, lr_0 = 8.8589e-04
Loss = 1.8295e-03, PNorm = 45.9662, GNorm = 0.7512, lr_0 = 8.8555e-04
Loss = 1.6698e-03, PNorm = 45.9869, GNorm = 0.5119, lr_0 = 8.8521e-04
Loss = 2.0207e-03, PNorm = 46.0041, GNorm = 0.5652, lr_0 = 8.8487e-04
Loss = 1.9528e-03, PNorm = 46.0175, GNorm = 0.8495, lr_0 = 8.8453e-04
Loss = 2.0163e-03, PNorm = 46.0314, GNorm = 0.5696, lr_0 = 8.8419e-04
Loss = 1.6403e-03, PNorm = 46.0450, GNorm = 0.6533, lr_0 = 8.8385e-04
Loss = 2.1316e-03, PNorm = 46.0635, GNorm = 0.6359, lr_0 = 8.8351e-04
Loss = 1.8288e-03, PNorm = 46.0764, GNorm = 0.8237, lr_0 = 8.8317e-04
Loss = 2.0163e-03, PNorm = 46.0946, GNorm = 0.6873, lr_0 = 8.8283e-04
Loss = 2.0748e-03, PNorm = 46.1100, GNorm = 0.8483, lr_0 = 8.8249e-04
Loss = 1.6077e-03, PNorm = 46.1231, GNorm = 0.7545, lr_0 = 8.8215e-04
Loss = 1.6143e-03, PNorm = 46.1367, GNorm = 0.8512, lr_0 = 8.8182e-04
Loss = 2.1541e-03, PNorm = 46.1476, GNorm = 1.5421, lr_0 = 8.8148e-04
Loss = 1.8397e-03, PNorm = 46.1629, GNorm = 1.0468, lr_0 = 8.8114e-04
Loss = 2.0749e-03, PNorm = 46.1786, GNorm = 0.5074, lr_0 = 8.8080e-04
Loss = 2.2171e-03, PNorm = 46.1954, GNorm = 0.5322, lr_0 = 8.8046e-04
Loss = 1.8616e-03, PNorm = 46.2047, GNorm = 0.7203, lr_0 = 8.8013e-04
Loss = 1.8129e-03, PNorm = 46.2251, GNorm = 1.0283, lr_0 = 8.7979e-04
Loss = 1.8037e-03, PNorm = 46.2450, GNorm = 1.4117, lr_0 = 8.7945e-04
Loss = 1.9991e-03, PNorm = 46.2648, GNorm = 1.1659, lr_0 = 8.7911e-04
Loss = 1.6634e-03, PNorm = 46.2846, GNorm = 0.5248, lr_0 = 8.7877e-04
Loss = 1.5115e-03, PNorm = 46.3028, GNorm = 0.5233, lr_0 = 8.7844e-04
Loss = 1.4861e-03, PNorm = 46.3103, GNorm = 0.6424, lr_0 = 8.7810e-04
Loss = 1.8513e-03, PNorm = 46.3235, GNorm = 1.4929, lr_0 = 8.7776e-04
Loss = 1.7897e-03, PNorm = 46.3441, GNorm = 0.9631, lr_0 = 8.7743e-04
Loss = 1.8741e-03, PNorm = 46.3594, GNorm = 0.7285, lr_0 = 8.7709e-04
Loss = 1.4771e-03, PNorm = 46.3733, GNorm = 0.3268, lr_0 = 8.7675e-04
Loss = 1.9060e-03, PNorm = 46.3860, GNorm = 0.7368, lr_0 = 8.7642e-04
Loss = 1.6067e-03, PNorm = 46.3936, GNorm = 0.6276, lr_0 = 8.7608e-04
Loss = 1.9793e-03, PNorm = 46.4119, GNorm = 0.8458, lr_0 = 8.7574e-04
Loss = 1.7912e-03, PNorm = 46.4289, GNorm = 0.6305, lr_0 = 8.7541e-04
Loss = 1.7920e-03, PNorm = 46.4429, GNorm = 0.4026, lr_0 = 8.7507e-04
Loss = 2.1059e-03, PNorm = 46.4592, GNorm = 0.5558, lr_0 = 8.7474e-04
Loss = 1.7512e-03, PNorm = 46.4804, GNorm = 0.8354, lr_0 = 8.7440e-04
Loss = 1.7836e-03, PNorm = 46.4951, GNorm = 0.9251, lr_0 = 8.7406e-04
Loss = 1.6319e-03, PNorm = 46.5102, GNorm = 0.7151, lr_0 = 8.7373e-04
Loss = 1.8249e-03, PNorm = 46.5231, GNorm = 0.7242, lr_0 = 8.7339e-04
Loss = 1.8241e-03, PNorm = 46.5383, GNorm = 0.8209, lr_0 = 8.7306e-04
Loss = 2.0048e-03, PNorm = 46.5599, GNorm = 0.7503, lr_0 = 8.7272e-04
Loss = 1.7815e-03, PNorm = 46.5744, GNorm = 1.0431, lr_0 = 8.7239e-04
Loss = 1.7941e-03, PNorm = 46.5914, GNorm = 0.7753, lr_0 = 8.7205e-04
Loss = 1.8487e-03, PNorm = 46.6095, GNorm = 0.5017, lr_0 = 8.7172e-04
Loss = 1.8673e-03, PNorm = 46.6204, GNorm = 1.0498, lr_0 = 8.7138e-04
Loss = 1.4066e-03, PNorm = 46.6323, GNorm = 0.8686, lr_0 = 8.7105e-04
Loss = 2.0487e-03, PNorm = 46.6422, GNorm = 0.9894, lr_0 = 8.7071e-04
Loss = 3.3547e-03, PNorm = 46.6635, GNorm = 1.0795, lr_0 = 8.7038e-04
Loss = 1.7999e-03, PNorm = 46.6884, GNorm = 0.5400, lr_0 = 8.7005e-04
Loss = 1.6519e-03, PNorm = 46.7024, GNorm = 0.5859, lr_0 = 8.6971e-04
Loss = 1.9298e-03, PNorm = 46.7171, GNorm = 0.6091, lr_0 = 8.6938e-04
Loss = 1.4693e-03, PNorm = 46.7332, GNorm = 0.4866, lr_0 = 8.6905e-04
Loss = 1.5983e-03, PNorm = 46.7487, GNorm = 0.5185, lr_0 = 8.6871e-04
Loss = 1.6735e-03, PNorm = 46.7603, GNorm = 0.6027, lr_0 = 8.6838e-04
Loss = 1.3864e-03, PNorm = 46.7714, GNorm = 0.8012, lr_0 = 8.6804e-04
Loss = 1.7305e-03, PNorm = 46.7822, GNorm = 0.5256, lr_0 = 8.6771e-04
Loss = 2.1735e-03, PNorm = 46.7959, GNorm = 0.5858, lr_0 = 8.6738e-04
Loss = 1.4768e-03, PNorm = 46.8100, GNorm = 0.4783, lr_0 = 8.6705e-04
Loss = 1.9085e-03, PNorm = 46.8229, GNorm = 2.4444, lr_0 = 8.6671e-04
Loss = 2.1048e-03, PNorm = 46.8409, GNorm = 1.2220, lr_0 = 8.6638e-04
Loss = 2.0025e-03, PNorm = 46.8610, GNorm = 0.9130, lr_0 = 8.6605e-04
Loss = 1.9099e-03, PNorm = 46.8917, GNorm = 0.4193, lr_0 = 8.6572e-04
Loss = 1.8577e-03, PNorm = 46.9140, GNorm = 0.8240, lr_0 = 8.6538e-04
Loss = 1.7391e-03, PNorm = 46.9358, GNorm = 0.5473, lr_0 = 8.6505e-04
Loss = 1.7621e-03, PNorm = 46.9563, GNorm = 0.8692, lr_0 = 8.6472e-04
Loss = 1.7077e-03, PNorm = 46.9681, GNorm = 0.4428, lr_0 = 8.6439e-04
Loss = 1.9428e-03, PNorm = 46.9874, GNorm = 0.7183, lr_0 = 8.6405e-04
Loss = 1.7417e-03, PNorm = 47.0048, GNorm = 0.9450, lr_0 = 8.6372e-04
Loss = 1.9355e-03, PNorm = 47.0203, GNorm = 0.8765, lr_0 = 8.6339e-04
Loss = 1.5747e-03, PNorm = 47.0307, GNorm = 0.5845, lr_0 = 8.6306e-04
Loss = 1.6508e-03, PNorm = 47.0494, GNorm = 0.6025, lr_0 = 8.6273e-04
Loss = 1.4994e-03, PNorm = 47.0583, GNorm = 0.6784, lr_0 = 8.6240e-04
Loss = 1.8919e-03, PNorm = 47.0748, GNorm = 0.5625, lr_0 = 8.6207e-04
Loss = 1.6135e-03, PNorm = 47.0916, GNorm = 0.6127, lr_0 = 8.6174e-04
Loss = 1.5992e-03, PNorm = 47.1004, GNorm = 0.4426, lr_0 = 8.6141e-04
Loss = 1.6629e-03, PNorm = 47.1148, GNorm = 0.8115, lr_0 = 8.6107e-04
Loss = 1.7499e-03, PNorm = 47.1313, GNorm = 0.7438, lr_0 = 8.6074e-04
Loss = 1.6807e-03, PNorm = 47.1487, GNorm = 0.6922, lr_0 = 8.6041e-04
Loss = 1.4578e-03, PNorm = 47.1613, GNorm = 0.4115, lr_0 = 8.6008e-04
Loss = 1.6056e-03, PNorm = 47.1746, GNorm = 0.8364, lr_0 = 8.5975e-04
Loss = 2.0476e-03, PNorm = 47.1897, GNorm = 0.6830, lr_0 = 8.5942e-04
Loss = 1.2929e-03, PNorm = 47.2048, GNorm = 0.7056, lr_0 = 8.5909e-04
Loss = 1.5887e-03, PNorm = 47.2184, GNorm = 0.5238, lr_0 = 8.5876e-04
Loss = 1.6978e-03, PNorm = 47.2316, GNorm = 0.9046, lr_0 = 8.5843e-04
Loss = 1.7893e-03, PNorm = 47.2462, GNorm = 0.8349, lr_0 = 8.5810e-04
Loss = 1.8311e-03, PNorm = 47.2542, GNorm = 1.3919, lr_0 = 8.5777e-04
Loss = 1.7845e-03, PNorm = 47.2686, GNorm = 0.4851, lr_0 = 8.5745e-04
Loss = 2.4027e-03, PNorm = 47.2875, GNorm = 1.2542, lr_0 = 8.5712e-04
Loss = 1.7217e-03, PNorm = 47.2916, GNorm = 0.4861, lr_0 = 8.5679e-04
Loss = 2.5245e-03, PNorm = 47.3060, GNorm = 0.3914, lr_0 = 8.5646e-04
Loss = 1.3811e-03, PNorm = 47.3170, GNorm = 0.6489, lr_0 = 8.5613e-04
Loss = 1.8733e-03, PNorm = 47.3320, GNorm = 0.7305, lr_0 = 8.5580e-04
Loss = 1.3865e-03, PNorm = 47.3480, GNorm = 0.7180, lr_0 = 8.5547e-04
Loss = 1.6483e-03, PNorm = 47.3612, GNorm = 0.8612, lr_0 = 8.5514e-04
Loss = 1.9524e-03, PNorm = 47.3766, GNorm = 1.0020, lr_0 = 8.5482e-04
Loss = 1.5560e-03, PNorm = 47.3923, GNorm = 0.3965, lr_0 = 8.5449e-04
Loss = 1.6653e-03, PNorm = 47.4044, GNorm = 0.4968, lr_0 = 8.5416e-04
Loss = 1.8305e-03, PNorm = 47.4194, GNorm = 0.6603, lr_0 = 8.5383e-04
Loss = 1.9689e-03, PNorm = 47.4368, GNorm = 0.6064, lr_0 = 8.5350e-04
Loss = 2.2812e-03, PNorm = 47.4529, GNorm = 2.5909, lr_0 = 8.5318e-04
Loss = 2.0767e-03, PNorm = 47.4720, GNorm = 0.7541, lr_0 = 8.5285e-04
Loss = 1.9508e-03, PNorm = 47.4884, GNorm = 0.5162, lr_0 = 8.5252e-04
Loss = 2.0231e-03, PNorm = 47.5042, GNorm = 0.7592, lr_0 = 8.5219e-04
Loss = 1.7431e-03, PNorm = 47.5243, GNorm = 0.9216, lr_0 = 8.5187e-04
Loss = 1.9536e-03, PNorm = 47.5438, GNorm = 0.5521, lr_0 = 8.5154e-04
Loss = 1.5274e-03, PNorm = 47.5508, GNorm = 0.5498, lr_0 = 8.5121e-04
Loss = 1.4759e-03, PNorm = 47.5646, GNorm = 0.6429, lr_0 = 8.5089e-04
Loss = 1.2343e-03, PNorm = 47.5761, GNorm = 0.4489, lr_0 = 8.5056e-04
Loss = 1.9131e-03, PNorm = 47.5811, GNorm = 0.8582, lr_0 = 8.5023e-04
Loss = 1.5984e-03, PNorm = 47.5881, GNorm = 0.7273, lr_0 = 8.4991e-04
Loss = 1.5533e-03, PNorm = 47.5972, GNorm = 0.4826, lr_0 = 8.4958e-04
Loss = 1.7655e-03, PNorm = 47.6051, GNorm = 0.3494, lr_0 = 8.4926e-04
Loss = 1.6880e-03, PNorm = 47.6164, GNorm = 0.6246, lr_0 = 8.4893e-04
Loss = 1.6814e-03, PNorm = 47.6350, GNorm = 0.5235, lr_0 = 8.4860e-04
Validation rmse = 10.490487
Epoch 4
Loss = 9.2973e-04, PNorm = 47.6526, GNorm = 0.3218, lr_0 = 8.4828e-04
Loss = 1.5713e-03, PNorm = 47.6654, GNorm = 0.8919, lr_0 = 8.4795e-04
Loss = 2.3469e-03, PNorm = 47.6744, GNorm = 0.9486, lr_0 = 8.4763e-04
Loss = 1.9612e-03, PNorm = 47.6945, GNorm = 0.9538, lr_0 = 8.4730e-04
Loss = 1.7596e-03, PNorm = 47.7190, GNorm = 1.2080, lr_0 = 8.4698e-04
Loss = 1.9733e-03, PNorm = 47.7539, GNorm = 0.5560, lr_0 = 8.4665e-04
Loss = 1.7209e-03, PNorm = 47.7884, GNorm = 0.4963, lr_0 = 8.4633e-04
Loss = 1.9350e-03, PNorm = 47.8125, GNorm = 0.5048, lr_0 = 8.4600e-04
Loss = 1.8373e-03, PNorm = 47.8362, GNorm = 1.5120, lr_0 = 8.4568e-04
Loss = 1.6036e-03, PNorm = 47.8460, GNorm = 1.3231, lr_0 = 8.4535e-04
Loss = 1.9368e-03, PNorm = 47.8600, GNorm = 0.7717, lr_0 = 8.4503e-04
Loss = 1.6911e-03, PNorm = 47.8822, GNorm = 0.8753, lr_0 = 8.4470e-04
Loss = 1.9089e-03, PNorm = 47.9035, GNorm = 0.5046, lr_0 = 8.4438e-04
Loss = 1.3482e-03, PNorm = 47.9148, GNorm = 0.6645, lr_0 = 8.4405e-04
Loss = 1.7078e-03, PNorm = 47.9275, GNorm = 1.0452, lr_0 = 8.4373e-04
Loss = 1.5054e-03, PNorm = 47.9395, GNorm = 0.5148, lr_0 = 8.4341e-04
Loss = 1.6729e-03, PNorm = 47.9490, GNorm = 0.8127, lr_0 = 8.4308e-04
Loss = 1.4874e-03, PNorm = 47.9642, GNorm = 1.0349, lr_0 = 8.4276e-04
Loss = 1.5930e-03, PNorm = 47.9798, GNorm = 0.8006, lr_0 = 8.4244e-04
Loss = 1.4257e-03, PNorm = 47.9951, GNorm = 0.4721, lr_0 = 8.4211e-04
Loss = 1.5082e-03, PNorm = 48.0058, GNorm = 0.6967, lr_0 = 8.4179e-04
Loss = 1.5550e-03, PNorm = 48.0187, GNorm = 0.7441, lr_0 = 8.4147e-04
Loss = 1.2207e-03, PNorm = 48.0240, GNorm = 0.4673, lr_0 = 8.4114e-04
Loss = 1.4494e-03, PNorm = 48.0369, GNorm = 0.5867, lr_0 = 8.4082e-04
Loss = 1.4425e-03, PNorm = 48.0538, GNorm = 0.3626, lr_0 = 8.4050e-04
Loss = 1.3539e-03, PNorm = 48.0635, GNorm = 0.5933, lr_0 = 8.4017e-04
Loss = 1.2997e-03, PNorm = 48.0697, GNorm = 0.5932, lr_0 = 8.3985e-04
Loss = 1.3432e-03, PNorm = 48.0857, GNorm = 0.5504, lr_0 = 8.3953e-04
Loss = 1.5651e-03, PNorm = 48.1004, GNorm = 0.5122, lr_0 = 8.3921e-04
Loss = 1.7642e-03, PNorm = 48.1113, GNorm = 1.5782, lr_0 = 8.3889e-04
Loss = 1.5988e-03, PNorm = 48.1223, GNorm = 0.8497, lr_0 = 8.3856e-04
Loss = 1.7286e-03, PNorm = 48.1382, GNorm = 0.6668, lr_0 = 8.3824e-04
Loss = 1.8761e-03, PNorm = 48.1631, GNorm = 1.4351, lr_0 = 8.3792e-04
Loss = 1.8733e-03, PNorm = 48.1834, GNorm = 1.0079, lr_0 = 8.3760e-04
Loss = 1.4808e-03, PNorm = 48.2038, GNorm = 0.5023, lr_0 = 8.3728e-04
Loss = 1.7650e-03, PNorm = 48.2127, GNorm = 0.4891, lr_0 = 8.3696e-04
Loss = 1.6522e-03, PNorm = 48.2322, GNorm = 0.4243, lr_0 = 8.3663e-04
Loss = 1.4654e-03, PNorm = 48.2437, GNorm = 1.1571, lr_0 = 8.3631e-04
Loss = 2.3106e-03, PNorm = 48.2663, GNorm = 0.4580, lr_0 = 8.3599e-04
Loss = 1.5905e-03, PNorm = 48.2773, GNorm = 0.7319, lr_0 = 8.3567e-04
Loss = 1.6825e-03, PNorm = 48.2971, GNorm = 0.5667, lr_0 = 8.3535e-04
Loss = 1.6526e-03, PNorm = 48.3076, GNorm = 0.9537, lr_0 = 8.3503e-04
Loss = 1.5281e-03, PNorm = 48.3206, GNorm = 0.4886, lr_0 = 8.3471e-04
Loss = 1.4554e-03, PNorm = 48.3334, GNorm = 0.5202, lr_0 = 8.3439e-04
Loss = 1.4098e-03, PNorm = 48.3445, GNorm = 0.4534, lr_0 = 8.3407e-04
Loss = 1.7132e-03, PNorm = 48.3535, GNorm = 0.5330, lr_0 = 8.3375e-04
Loss = 2.4530e-03, PNorm = 48.3716, GNorm = 0.6412, lr_0 = 8.3343e-04
Loss = 1.4654e-03, PNorm = 48.3893, GNorm = 0.9832, lr_0 = 8.3311e-04
Loss = 1.5970e-03, PNorm = 48.4060, GNorm = 0.5913, lr_0 = 8.3279e-04
Loss = 1.5041e-03, PNorm = 48.4203, GNorm = 0.4194, lr_0 = 8.3247e-04
Loss = 1.2144e-03, PNorm = 48.4401, GNorm = 0.5088, lr_0 = 8.3215e-04
Loss = 1.4088e-03, PNorm = 48.4574, GNorm = 0.7455, lr_0 = 8.3183e-04
Loss = 1.6523e-03, PNorm = 48.4770, GNorm = 1.4214, lr_0 = 8.3151e-04
Loss = 1.6461e-03, PNorm = 48.4922, GNorm = 0.4875, lr_0 = 8.3119e-04
Loss = 1.5318e-03, PNorm = 48.5071, GNorm = 0.3648, lr_0 = 8.3087e-04
Loss = 1.7184e-03, PNorm = 48.5232, GNorm = 0.6200, lr_0 = 8.3055e-04
Loss = 1.7931e-03, PNorm = 48.5376, GNorm = 0.5281, lr_0 = 8.3023e-04
Loss = 1.6255e-03, PNorm = 48.5561, GNorm = 0.9828, lr_0 = 8.2992e-04
Loss = 1.4174e-03, PNorm = 48.5673, GNorm = 0.3880, lr_0 = 8.2960e-04
Loss = 1.7714e-03, PNorm = 48.5785, GNorm = 0.7196, lr_0 = 8.2928e-04
Loss = 1.8281e-03, PNorm = 48.5952, GNorm = 0.8363, lr_0 = 8.2896e-04
Loss = 1.6007e-03, PNorm = 48.6107, GNorm = 0.7068, lr_0 = 8.2864e-04
Loss = 1.2908e-03, PNorm = 48.6229, GNorm = 0.8108, lr_0 = 8.2832e-04
Loss = 1.3692e-03, PNorm = 48.6397, GNorm = 0.5567, lr_0 = 8.2801e-04
Loss = 1.8242e-03, PNorm = 48.6528, GNorm = 1.0313, lr_0 = 8.2769e-04
Loss = 2.1484e-03, PNorm = 48.6680, GNorm = 1.5288, lr_0 = 8.2737e-04
Loss = 1.7111e-03, PNorm = 48.6788, GNorm = 0.6407, lr_0 = 8.2705e-04
Loss = 1.6591e-03, PNorm = 48.6949, GNorm = 0.6357, lr_0 = 8.2674e-04
Loss = 1.5264e-03, PNorm = 48.7133, GNorm = 0.7444, lr_0 = 8.2642e-04
Loss = 1.2151e-03, PNorm = 48.7270, GNorm = 0.4881, lr_0 = 8.2610e-04
Loss = 1.3026e-03, PNorm = 48.7383, GNorm = 0.8400, lr_0 = 8.2578e-04
Loss = 1.4679e-03, PNorm = 48.7494, GNorm = 0.8473, lr_0 = 8.2547e-04
Loss = 1.6234e-03, PNorm = 48.7635, GNorm = 1.0858, lr_0 = 8.2515e-04
Loss = 1.1953e-03, PNorm = 48.7797, GNorm = 0.5527, lr_0 = 8.2483e-04
Loss = 1.5370e-03, PNorm = 48.7907, GNorm = 0.7227, lr_0 = 8.2452e-04
Loss = 1.2982e-03, PNorm = 48.8032, GNorm = 0.5521, lr_0 = 8.2420e-04
Loss = 1.8802e-03, PNorm = 48.8129, GNorm = 0.8472, lr_0 = 8.2388e-04
Loss = 1.4838e-03, PNorm = 48.8272, GNorm = 0.3993, lr_0 = 8.2357e-04
Loss = 1.5142e-03, PNorm = 48.8436, GNorm = 0.7386, lr_0 = 8.2325e-04
Loss = 1.8713e-03, PNorm = 48.8525, GNorm = 0.5445, lr_0 = 8.2294e-04
Loss = 1.6285e-03, PNorm = 48.8698, GNorm = 1.6377, lr_0 = 8.2262e-04
Loss = 1.5013e-03, PNorm = 48.8857, GNorm = 0.6502, lr_0 = 8.2230e-04
Loss = 2.2912e-03, PNorm = 48.9124, GNorm = 0.7196, lr_0 = 8.2199e-04
Loss = 1.8820e-03, PNorm = 48.9405, GNorm = 0.9829, lr_0 = 8.2167e-04
Loss = 1.4307e-03, PNorm = 48.9564, GNorm = 1.1799, lr_0 = 8.2136e-04
Loss = 1.8337e-03, PNorm = 48.9741, GNorm = 0.4339, lr_0 = 8.2104e-04
Loss = 1.6669e-03, PNorm = 48.9882, GNorm = 0.6025, lr_0 = 8.2073e-04
Loss = 1.6856e-03, PNorm = 49.0021, GNorm = 0.5302, lr_0 = 8.2041e-04
Loss = 1.3498e-03, PNorm = 49.0159, GNorm = 1.0889, lr_0 = 8.2010e-04
Loss = 2.1809e-03, PNorm = 49.0354, GNorm = 0.6440, lr_0 = 8.1978e-04
Loss = 1.6037e-03, PNorm = 49.0596, GNorm = 1.4189, lr_0 = 8.1947e-04
Loss = 1.8258e-03, PNorm = 49.0819, GNorm = 0.6509, lr_0 = 8.1915e-04
Loss = 1.3434e-03, PNorm = 49.1012, GNorm = 0.5102, lr_0 = 8.1884e-04
Loss = 1.3764e-03, PNorm = 49.1134, GNorm = 0.3787, lr_0 = 8.1852e-04
Loss = 1.3740e-03, PNorm = 49.1256, GNorm = 0.5231, lr_0 = 8.1821e-04
Loss = 1.1677e-03, PNorm = 49.1332, GNorm = 0.3953, lr_0 = 8.1790e-04
Loss = 1.5353e-03, PNorm = 49.1447, GNorm = 0.8823, lr_0 = 8.1758e-04
Loss = 1.3231e-03, PNorm = 49.1557, GNorm = 0.3837, lr_0 = 8.1727e-04
Loss = 1.5041e-03, PNorm = 49.1639, GNorm = 0.6758, lr_0 = 8.1696e-04
Loss = 1.5293e-03, PNorm = 49.1763, GNorm = 0.5360, lr_0 = 8.1664e-04
Loss = 1.3466e-03, PNorm = 49.1865, GNorm = 0.5283, lr_0 = 8.1633e-04
Loss = 1.4736e-03, PNorm = 49.1984, GNorm = 0.6877, lr_0 = 8.1601e-04
Loss = 1.2672e-03, PNorm = 49.2111, GNorm = 0.6934, lr_0 = 8.1570e-04
Loss = 1.3359e-03, PNorm = 49.2208, GNorm = 0.6901, lr_0 = 8.1539e-04
Loss = 1.5466e-03, PNorm = 49.2376, GNorm = 0.5977, lr_0 = 8.1508e-04
Loss = 1.7335e-03, PNorm = 49.2531, GNorm = 0.5022, lr_0 = 8.1476e-04
Loss = 1.2937e-03, PNorm = 49.2675, GNorm = 0.4875, lr_0 = 8.1445e-04
Loss = 1.7285e-03, PNorm = 49.2825, GNorm = 0.9669, lr_0 = 8.1414e-04
Loss = 1.4122e-03, PNorm = 49.3028, GNorm = 0.7403, lr_0 = 8.1382e-04
Loss = 1.3276e-03, PNorm = 49.3137, GNorm = 0.6036, lr_0 = 8.1351e-04
Loss = 1.3301e-03, PNorm = 49.3167, GNorm = 0.4356, lr_0 = 8.1320e-04
Loss = 1.3609e-03, PNorm = 49.3175, GNorm = 0.2880, lr_0 = 8.1289e-04
Loss = 1.4579e-03, PNorm = 49.3222, GNorm = 0.4532, lr_0 = 8.1258e-04
Loss = 1.8639e-03, PNorm = 49.3343, GNorm = 0.6476, lr_0 = 8.1226e-04
Loss = 2.6205e-03, PNorm = 49.3520, GNorm = 1.5405, lr_0 = 8.1195e-04
Loss = 2.1693e-03, PNorm = 49.3747, GNorm = 0.8785, lr_0 = 8.1164e-04
Loss = 1.4358e-03, PNorm = 49.3939, GNorm = 0.4741, lr_0 = 8.1133e-04
Loss = 1.8892e-03, PNorm = 49.4096, GNorm = 0.5927, lr_0 = 8.1102e-04
Loss = 1.7981e-03, PNorm = 49.4241, GNorm = 0.7104, lr_0 = 8.1071e-04
Loss = 1.5539e-03, PNorm = 49.4447, GNorm = 0.9524, lr_0 = 8.1040e-04
Loss = 1.7506e-03, PNorm = 49.4576, GNorm = 0.9369, lr_0 = 8.1008e-04
Loss = 1.6397e-03, PNorm = 49.4691, GNorm = 0.5518, lr_0 = 8.0977e-04
Loss = 1.5497e-03, PNorm = 49.4863, GNorm = 0.3735, lr_0 = 8.0946e-04
Loss = 1.2727e-03, PNorm = 49.5000, GNorm = 0.5591, lr_0 = 8.0915e-04
Loss = 1.4442e-03, PNorm = 49.5160, GNorm = 0.5033, lr_0 = 8.0884e-04
Loss = 1.5483e-03, PNorm = 49.5269, GNorm = 0.5159, lr_0 = 8.0853e-04
Loss = 2.0002e-03, PNorm = 49.5436, GNorm = 1.9443, lr_0 = 8.0822e-04
Loss = 1.6683e-03, PNorm = 49.5643, GNorm = 0.7117, lr_0 = 8.0791e-04
Loss = 1.5247e-03, PNorm = 49.5812, GNorm = 0.7362, lr_0 = 8.0760e-04
Loss = 1.3998e-03, PNorm = 49.5987, GNorm = 0.4841, lr_0 = 8.0729e-04
Loss = 1.3744e-03, PNorm = 49.6087, GNorm = 0.4984, lr_0 = 8.0698e-04
Loss = 1.3873e-03, PNorm = 49.6191, GNorm = 0.9829, lr_0 = 8.0667e-04
Loss = 1.2022e-03, PNorm = 49.6275, GNorm = 0.3739, lr_0 = 8.0636e-04
Loss = 1.4486e-03, PNorm = 49.6424, GNorm = 0.3202, lr_0 = 8.0605e-04
Loss = 1.5675e-03, PNorm = 49.6554, GNorm = 0.4102, lr_0 = 8.0574e-04
Loss = 1.4311e-03, PNorm = 49.6659, GNorm = 0.5569, lr_0 = 8.0543e-04
Loss = 1.6123e-03, PNorm = 49.6777, GNorm = 0.9695, lr_0 = 8.0512e-04
Loss = 1.3777e-03, PNorm = 49.6883, GNorm = 0.9481, lr_0 = 8.0481e-04
Loss = 1.5256e-03, PNorm = 49.7004, GNorm = 0.5242, lr_0 = 8.0451e-04
Loss = 1.6680e-03, PNorm = 49.7118, GNorm = 0.7414, lr_0 = 8.0420e-04
Loss = 1.5174e-03, PNorm = 49.7277, GNorm = 0.3932, lr_0 = 8.0389e-04
Loss = 1.4377e-03, PNorm = 49.7430, GNorm = 0.6602, lr_0 = 8.0358e-04
Loss = 1.5580e-03, PNorm = 49.7592, GNorm = 0.4616, lr_0 = 8.0327e-04
Loss = 1.6043e-03, PNorm = 49.7755, GNorm = 0.8100, lr_0 = 8.0296e-04
Loss = 1.2114e-03, PNorm = 49.7867, GNorm = 0.3897, lr_0 = 8.0265e-04
Loss = 1.4100e-03, PNorm = 49.7960, GNorm = 0.7170, lr_0 = 8.0235e-04
Loss = 1.5376e-03, PNorm = 49.8095, GNorm = 0.7627, lr_0 = 8.0204e-04
Loss = 1.3047e-03, PNorm = 49.8285, GNorm = 0.5620, lr_0 = 8.0173e-04
Loss = 1.6062e-03, PNorm = 49.8441, GNorm = 0.8668, lr_0 = 8.0142e-04
Loss = 1.3738e-03, PNorm = 49.8595, GNorm = 1.0902, lr_0 = 8.0111e-04
Loss = 1.5084e-03, PNorm = 49.8689, GNorm = 0.5013, lr_0 = 8.0081e-04
Loss = 1.7032e-03, PNorm = 49.8843, GNorm = 1.0821, lr_0 = 8.0050e-04
Loss = 1.7769e-03, PNorm = 49.9035, GNorm = 1.0757, lr_0 = 8.0019e-04
Loss = 1.8120e-03, PNorm = 49.9253, GNorm = 0.8566, lr_0 = 7.9989e-04
Loss = 1.9180e-03, PNorm = 49.9570, GNorm = 0.5870, lr_0 = 7.9958e-04
Loss = 1.4169e-03, PNorm = 49.9783, GNorm = 0.8613, lr_0 = 7.9927e-04
Loss = 1.5894e-03, PNorm = 49.9939, GNorm = 0.5677, lr_0 = 7.9896e-04
Loss = 1.3849e-03, PNorm = 50.0064, GNorm = 0.7026, lr_0 = 7.9866e-04
Loss = 1.4614e-03, PNorm = 50.0240, GNorm = 0.6282, lr_0 = 7.9835e-04
Loss = 1.1969e-03, PNorm = 50.0412, GNorm = 0.3946, lr_0 = 7.9805e-04
Loss = 2.1961e-03, PNorm = 50.0620, GNorm = 0.5799, lr_0 = 7.9774e-04
Loss = 1.7953e-03, PNorm = 50.0797, GNorm = 0.8607, lr_0 = 7.9743e-04
Loss = 1.2231e-03, PNorm = 50.0881, GNorm = 0.3322, lr_0 = 7.9713e-04
Loss = 1.1911e-03, PNorm = 50.0952, GNorm = 0.7193, lr_0 = 7.9682e-04
Loss = 1.1154e-03, PNorm = 50.1017, GNorm = 0.5486, lr_0 = 7.9651e-04
Loss = 1.4393e-03, PNorm = 50.1136, GNorm = 0.2894, lr_0 = 7.9621e-04
Loss = 1.1950e-03, PNorm = 50.1248, GNorm = 0.5870, lr_0 = 7.9590e-04
Loss = 1.1975e-03, PNorm = 50.1358, GNorm = 0.3659, lr_0 = 7.9560e-04
Loss = 1.5764e-03, PNorm = 50.1440, GNorm = 0.6774, lr_0 = 7.9529e-04
Loss = 1.3603e-03, PNorm = 50.1514, GNorm = 0.4849, lr_0 = 7.9499e-04
Loss = 1.1314e-03, PNorm = 50.1615, GNorm = 0.3967, lr_0 = 7.9468e-04
Loss = 1.3800e-03, PNorm = 50.1762, GNorm = 0.7894, lr_0 = 7.9438e-04
Loss = 1.4376e-03, PNorm = 50.1911, GNorm = 0.5143, lr_0 = 7.9407e-04
Loss = 1.7113e-03, PNorm = 50.2017, GNorm = 0.3770, lr_0 = 7.9377e-04
Loss = 1.4479e-03, PNorm = 50.2161, GNorm = 0.6052, lr_0 = 7.9346e-04
Loss = 1.4720e-03, PNorm = 50.2303, GNorm = 0.6566, lr_0 = 7.9316e-04
Loss = 1.9867e-03, PNorm = 50.2511, GNorm = 1.1265, lr_0 = 7.9285e-04
Loss = 1.7340e-03, PNorm = 50.2678, GNorm = 0.5729, lr_0 = 7.9255e-04
Loss = 1.5856e-03, PNorm = 50.2806, GNorm = 0.4202, lr_0 = 7.9225e-04
Loss = 1.9621e-03, PNorm = 50.2976, GNorm = 0.5325, lr_0 = 7.9194e-04
Loss = 1.6741e-03, PNorm = 50.3202, GNorm = 0.4945, lr_0 = 7.9164e-04
Loss = 1.4957e-03, PNorm = 50.3397, GNorm = 0.3387, lr_0 = 7.9133e-04
Loss = 1.2145e-03, PNorm = 50.3540, GNorm = 0.2870, lr_0 = 7.9103e-04
Loss = 1.7388e-03, PNorm = 50.3776, GNorm = 0.6818, lr_0 = 7.9073e-04
Loss = 1.7344e-03, PNorm = 50.3936, GNorm = 0.5080, lr_0 = 7.9042e-04
Loss = 1.4557e-03, PNorm = 50.4082, GNorm = 0.5762, lr_0 = 7.9012e-04
Loss = 1.5297e-03, PNorm = 50.4190, GNorm = 0.5185, lr_0 = 7.8982e-04
Loss = 1.8049e-03, PNorm = 50.4383, GNorm = 0.9281, lr_0 = 7.8951e-04
Loss = 1.2658e-03, PNorm = 50.4551, GNorm = 0.5025, lr_0 = 7.8921e-04
Loss = 1.6651e-03, PNorm = 50.4687, GNorm = 0.5056, lr_0 = 7.8891e-04
Loss = 1.4298e-03, PNorm = 50.4914, GNorm = 1.3727, lr_0 = 7.8860e-04
Loss = 1.3325e-03, PNorm = 50.5045, GNorm = 0.6411, lr_0 = 7.8830e-04
Loss = 1.7999e-03, PNorm = 50.5168, GNorm = 0.3934, lr_0 = 7.8800e-04
Loss = 1.4976e-03, PNorm = 50.5285, GNorm = 0.7531, lr_0 = 7.8770e-04
Loss = 1.6071e-03, PNorm = 50.5446, GNorm = 0.5503, lr_0 = 7.8739e-04
Loss = 1.2320e-03, PNorm = 50.5574, GNorm = 0.4418, lr_0 = 7.8709e-04
Loss = 1.6216e-03, PNorm = 50.5663, GNorm = 0.7403, lr_0 = 7.8679e-04
Loss = 1.4324e-03, PNorm = 50.5780, GNorm = 0.4654, lr_0 = 7.8649e-04
Loss = 1.5394e-03, PNorm = 50.5911, GNorm = 0.3530, lr_0 = 7.8619e-04
Loss = 1.3271e-03, PNorm = 50.6000, GNorm = 0.6788, lr_0 = 7.8588e-04
Loss = 1.3004e-03, PNorm = 50.6116, GNorm = 0.5050, lr_0 = 7.8558e-04
Loss = 1.3616e-03, PNorm = 50.6266, GNorm = 0.4802, lr_0 = 7.8528e-04
Loss = 1.7172e-03, PNorm = 50.6520, GNorm = 0.3700, lr_0 = 7.8498e-04
Loss = 1.5680e-03, PNorm = 50.6752, GNorm = 0.6703, lr_0 = 7.8468e-04
Loss = 2.0763e-03, PNorm = 50.6921, GNorm = 1.5973, lr_0 = 7.8438e-04
Loss = 2.0822e-03, PNorm = 50.7103, GNorm = 1.1330, lr_0 = 7.8408e-04
Loss = 1.5260e-03, PNorm = 50.7392, GNorm = 0.4284, lr_0 = 7.8377e-04
Loss = 1.4005e-03, PNorm = 50.7570, GNorm = 0.4827, lr_0 = 7.8347e-04
Loss = 1.1550e-03, PNorm = 50.7724, GNorm = 0.4249, lr_0 = 7.8317e-04
Loss = 1.1023e-03, PNorm = 50.7835, GNorm = 0.5339, lr_0 = 7.8287e-04
Loss = 1.3218e-03, PNorm = 50.7907, GNorm = 0.6536, lr_0 = 7.8257e-04
Loss = 1.0903e-03, PNorm = 50.7976, GNorm = 0.4428, lr_0 = 7.8227e-04
Loss = 1.2990e-03, PNorm = 50.8052, GNorm = 0.3943, lr_0 = 7.8197e-04
Loss = 1.7647e-03, PNorm = 50.8213, GNorm = 0.7218, lr_0 = 7.8167e-04
Loss = 1.3731e-03, PNorm = 50.8399, GNorm = 0.7416, lr_0 = 7.8137e-04
Validation rmse = 9.151741
Epoch 5
Loss = 1.4758e-03, PNorm = 50.8569, GNorm = 0.6356, lr_0 = 7.8107e-04
Loss = 1.2426e-03, PNorm = 50.8721, GNorm = 0.7649, lr_0 = 7.8077e-04
Loss = 1.4955e-03, PNorm = 50.8810, GNorm = 0.8851, lr_0 = 7.8047e-04
Loss = 1.4896e-03, PNorm = 50.8913, GNorm = 0.4224, lr_0 = 7.8017e-04
Loss = 1.2357e-03, PNorm = 50.9020, GNorm = 0.4809, lr_0 = 7.7987e-04
Loss = 1.4984e-03, PNorm = 50.9159, GNorm = 0.4137, lr_0 = 7.7957e-04
Loss = 1.3645e-03, PNorm = 50.9312, GNorm = 0.5346, lr_0 = 7.7927e-04
Loss = 1.4707e-03, PNorm = 50.9437, GNorm = 0.6548, lr_0 = 7.7897e-04
Loss = 1.2738e-03, PNorm = 50.9549, GNorm = 0.7940, lr_0 = 7.7868e-04
Loss = 1.0806e-03, PNorm = 50.9640, GNorm = 0.2541, lr_0 = 7.7838e-04
Loss = 1.1037e-03, PNorm = 50.9684, GNorm = 0.7162, lr_0 = 7.7808e-04
Loss = 1.3844e-03, PNorm = 50.9839, GNorm = 0.5474, lr_0 = 7.7778e-04
Loss = 1.4021e-03, PNorm = 51.0029, GNorm = 0.5514, lr_0 = 7.7748e-04
Loss = 1.2890e-03, PNorm = 51.0194, GNorm = 0.5577, lr_0 = 7.7718e-04
Loss = 1.4257e-03, PNorm = 51.0362, GNorm = 0.3245, lr_0 = 7.7688e-04
Loss = 1.3605e-03, PNorm = 51.0480, GNorm = 0.6636, lr_0 = 7.7659e-04
Loss = 1.8043e-03, PNorm = 51.0606, GNorm = 0.7862, lr_0 = 7.7629e-04
Loss = 1.3370e-03, PNorm = 51.0791, GNorm = 0.4161, lr_0 = 7.7599e-04
Loss = 1.3081e-03, PNorm = 51.0894, GNorm = 0.3660, lr_0 = 7.7569e-04
Loss = 1.5302e-03, PNorm = 51.1001, GNorm = 0.5657, lr_0 = 7.7539e-04
Loss = 1.6275e-03, PNorm = 51.1169, GNorm = 1.0221, lr_0 = 7.7510e-04
Loss = 1.5023e-03, PNorm = 51.1332, GNorm = 0.5944, lr_0 = 7.7480e-04
Loss = 1.4794e-03, PNorm = 51.1533, GNorm = 0.7278, lr_0 = 7.7450e-04
Loss = 1.6085e-03, PNorm = 51.1687, GNorm = 0.5684, lr_0 = 7.7420e-04
Loss = 1.2885e-03, PNorm = 51.1905, GNorm = 0.3644, lr_0 = 7.7391e-04
Loss = 1.2624e-03, PNorm = 51.2076, GNorm = 0.4551, lr_0 = 7.7361e-04
Loss = 1.2756e-03, PNorm = 51.2208, GNorm = 0.7409, lr_0 = 7.7331e-04
Loss = 1.1500e-03, PNorm = 51.2317, GNorm = 0.7186, lr_0 = 7.7302e-04
Loss = 1.2256e-03, PNorm = 51.2427, GNorm = 0.6672, lr_0 = 7.7272e-04
Loss = 1.7656e-03, PNorm = 51.2603, GNorm = 1.1065, lr_0 = 7.7242e-04
Loss = 1.3077e-03, PNorm = 51.2769, GNorm = 0.6131, lr_0 = 7.7213e-04
Loss = 1.3230e-03, PNorm = 51.2891, GNorm = 0.6059, lr_0 = 7.7183e-04
Loss = 1.4098e-03, PNorm = 51.3028, GNorm = 0.7150, lr_0 = 7.7153e-04
Loss = 1.6032e-03, PNorm = 51.3253, GNorm = 0.5652, lr_0 = 7.7124e-04
Loss = 1.5095e-03, PNorm = 51.3424, GNorm = 0.3221, lr_0 = 7.7094e-04
Loss = 1.3152e-03, PNorm = 51.3468, GNorm = 0.3441, lr_0 = 7.7065e-04
Loss = 1.3610e-03, PNorm = 51.3645, GNorm = 0.4162, lr_0 = 7.7035e-04
Loss = 1.3338e-03, PNorm = 51.3699, GNorm = 0.3493, lr_0 = 7.7005e-04
Loss = 1.4775e-03, PNorm = 51.3766, GNorm = 0.5224, lr_0 = 7.6976e-04
Loss = 1.1148e-03, PNorm = 51.3894, GNorm = 0.4900, lr_0 = 7.6946e-04
Loss = 1.3673e-03, PNorm = 51.3923, GNorm = 0.5488, lr_0 = 7.6917e-04
Loss = 1.6032e-03, PNorm = 51.4026, GNorm = 0.5080, lr_0 = 7.6887e-04
Loss = 1.3804e-03, PNorm = 51.4168, GNorm = 0.3562, lr_0 = 7.6858e-04
Loss = 1.6026e-03, PNorm = 51.4307, GNorm = 0.6295, lr_0 = 7.6828e-04
Loss = 1.0773e-03, PNorm = 51.4446, GNorm = 0.3451, lr_0 = 7.6799e-04
Loss = 1.4188e-03, PNorm = 51.4593, GNorm = 0.3315, lr_0 = 7.6769e-04
Loss = 1.3710e-03, PNorm = 51.4729, GNorm = 0.3621, lr_0 = 7.6740e-04
Loss = 1.3974e-03, PNorm = 51.4899, GNorm = 0.6768, lr_0 = 7.6710e-04
Loss = 1.2850e-03, PNorm = 51.5010, GNorm = 0.2953, lr_0 = 7.6681e-04
Loss = 1.3024e-03, PNorm = 51.5103, GNorm = 0.9810, lr_0 = 7.6651e-04
Loss = 1.0648e-03, PNorm = 51.5189, GNorm = 0.5724, lr_0 = 7.6622e-04
Loss = 1.3669e-03, PNorm = 51.5305, GNorm = 0.7078, lr_0 = 7.6593e-04
Loss = 1.1552e-03, PNorm = 51.5458, GNorm = 0.4358, lr_0 = 7.6563e-04
Loss = 2.1139e-03, PNorm = 51.5658, GNorm = 0.4581, lr_0 = 7.6534e-04
Loss = 1.8883e-03, PNorm = 51.5585, GNorm = 0.3094, lr_0 = 7.6504e-04
Loss = 1.3292e-03, PNorm = 51.5651, GNorm = 0.7270, lr_0 = 7.6475e-04
Loss = 1.4168e-03, PNorm = 51.5765, GNorm = 0.5046, lr_0 = 7.6446e-04
Loss = 1.0445e-03, PNorm = 51.5904, GNorm = 0.3444, lr_0 = 7.6416e-04
Loss = 1.4183e-03, PNorm = 51.6006, GNorm = 0.7796, lr_0 = 7.6387e-04
Loss = 1.2342e-03, PNorm = 51.6118, GNorm = 0.3964, lr_0 = 7.6358e-04
Loss = 1.1925e-03, PNorm = 51.6215, GNorm = 0.3557, lr_0 = 7.6328e-04
Loss = 1.3832e-03, PNorm = 51.6223, GNorm = 0.5127, lr_0 = 7.6299e-04
Loss = 1.2264e-03, PNorm = 51.6286, GNorm = 0.9084, lr_0 = 7.6270e-04
Loss = 1.2665e-03, PNorm = 51.6343, GNorm = 0.5013, lr_0 = 7.6241e-04
Loss = 1.3520e-03, PNorm = 51.6505, GNorm = 0.4587, lr_0 = 7.6211e-04
Loss = 1.5223e-03, PNorm = 51.6647, GNorm = 0.5430, lr_0 = 7.6182e-04
Loss = 1.0728e-03, PNorm = 51.6738, GNorm = 0.2963, lr_0 = 7.6153e-04
Loss = 1.2908e-03, PNorm = 51.6841, GNorm = 0.5200, lr_0 = 7.6124e-04
Loss = 1.6655e-03, PNorm = 51.6959, GNorm = 0.8633, lr_0 = 7.6094e-04
Loss = 1.4669e-03, PNorm = 51.7241, GNorm = 0.6640, lr_0 = 7.6065e-04
Loss = 1.4694e-03, PNorm = 51.7472, GNorm = 0.8697, lr_0 = 7.6036e-04
Loss = 1.5465e-03, PNorm = 51.7656, GNorm = 0.3967, lr_0 = 7.6007e-04
Loss = 1.1773e-03, PNorm = 51.7848, GNorm = 0.5811, lr_0 = 7.5978e-04
Loss = 1.2308e-03, PNorm = 51.7968, GNorm = 0.2890, lr_0 = 7.5948e-04
Loss = 2.1594e-03, PNorm = 51.8124, GNorm = 0.6102, lr_0 = 7.5919e-04
Loss = 1.3858e-03, PNorm = 51.8305, GNorm = 1.0216, lr_0 = 7.5890e-04
Loss = 1.2714e-03, PNorm = 51.8417, GNorm = 0.4694, lr_0 = 7.5861e-04
Loss = 1.4623e-03, PNorm = 51.8560, GNorm = 0.7309, lr_0 = 7.5832e-04
Loss = 1.2871e-03, PNorm = 51.8655, GNorm = 0.5749, lr_0 = 7.5803e-04
Loss = 1.2077e-03, PNorm = 51.8765, GNorm = 0.3218, lr_0 = 7.5774e-04
Loss = 1.1881e-03, PNorm = 51.8872, GNorm = 0.4038, lr_0 = 7.5745e-04
Loss = 1.8374e-03, PNorm = 51.9035, GNorm = 0.3247, lr_0 = 7.5716e-04
Loss = 1.2113e-03, PNorm = 51.9197, GNorm = 0.4845, lr_0 = 7.5686e-04
Loss = 1.3072e-03, PNorm = 51.9377, GNorm = 0.4948, lr_0 = 7.5657e-04
Loss = 1.3699e-03, PNorm = 51.9515, GNorm = 0.6953, lr_0 = 7.5628e-04
Loss = 1.1690e-03, PNorm = 51.9656, GNorm = 0.4913, lr_0 = 7.5599e-04
Loss = 1.2861e-03, PNorm = 51.9781, GNorm = 0.4787, lr_0 = 7.5570e-04
Loss = 1.1791e-03, PNorm = 51.9854, GNorm = 0.4400, lr_0 = 7.5541e-04
Loss = 1.0671e-03, PNorm = 51.9958, GNorm = 0.3015, lr_0 = 7.5512e-04
Loss = 1.2667e-03, PNorm = 52.0071, GNorm = 0.5100, lr_0 = 7.5483e-04
Loss = 1.2730e-03, PNorm = 52.0229, GNorm = 0.6985, lr_0 = 7.5454e-04
Loss = 1.2466e-03, PNorm = 52.0366, GNorm = 0.3905, lr_0 = 7.5425e-04
Loss = 1.1729e-03, PNorm = 52.0526, GNorm = 0.6561, lr_0 = 7.5396e-04
Loss = 1.3820e-03, PNorm = 52.0631, GNorm = 0.6541, lr_0 = 7.5368e-04
Loss = 1.3935e-03, PNorm = 52.0824, GNorm = 0.4692, lr_0 = 7.5339e-04
Loss = 1.1417e-03, PNorm = 52.0953, GNorm = 0.4678, lr_0 = 7.5310e-04
Loss = 1.5147e-03, PNorm = 52.1047, GNorm = 0.6593, lr_0 = 7.5281e-04
Loss = 1.5071e-03, PNorm = 52.1164, GNorm = 1.5877, lr_0 = 7.5252e-04
Loss = 1.2849e-03, PNorm = 52.1301, GNorm = 0.5399, lr_0 = 7.5223e-04
Loss = 1.7705e-03, PNorm = 52.1490, GNorm = 0.3522, lr_0 = 7.5194e-04
Loss = 1.2025e-03, PNorm = 52.1652, GNorm = 0.3486, lr_0 = 7.5165e-04
Loss = 1.2412e-03, PNorm = 52.1789, GNorm = 0.6607, lr_0 = 7.5136e-04
Loss = 1.3857e-03, PNorm = 52.1904, GNorm = 0.5331, lr_0 = 7.5108e-04
Loss = 1.2838e-03, PNorm = 52.2028, GNorm = 0.8811, lr_0 = 7.5079e-04
Loss = 1.2693e-03, PNorm = 52.2173, GNorm = 0.3494, lr_0 = 7.5050e-04
Loss = 1.2255e-03, PNorm = 52.2282, GNorm = 0.6079, lr_0 = 7.5021e-04
Loss = 1.5418e-03, PNorm = 52.2436, GNorm = 0.6055, lr_0 = 7.4992e-04
Loss = 1.1421e-03, PNorm = 52.2568, GNorm = 0.4027, lr_0 = 7.4964e-04
Loss = 1.3243e-03, PNorm = 52.2718, GNorm = 0.9105, lr_0 = 7.4935e-04
Loss = 1.1276e-03, PNorm = 52.2801, GNorm = 0.4787, lr_0 = 7.4906e-04
Loss = 1.1160e-03, PNorm = 52.2888, GNorm = 0.4401, lr_0 = 7.4877e-04
Loss = 1.3778e-03, PNorm = 52.2995, GNorm = 0.8090, lr_0 = 7.4848e-04
Loss = 1.2647e-03, PNorm = 52.3076, GNorm = 0.4917, lr_0 = 7.4820e-04
Loss = 1.2391e-03, PNorm = 52.3154, GNorm = 0.3115, lr_0 = 7.4791e-04
Loss = 1.3032e-03, PNorm = 52.3285, GNorm = 0.8021, lr_0 = 7.4762e-04
Loss = 1.6312e-03, PNorm = 52.3431, GNorm = 0.7519, lr_0 = 7.4734e-04
Loss = 1.1794e-03, PNorm = 52.3629, GNorm = 0.4431, lr_0 = 7.4705e-04
Loss = 1.8356e-03, PNorm = 52.3758, GNorm = 0.3141, lr_0 = 7.4676e-04
Loss = 1.2243e-03, PNorm = 52.3898, GNorm = 0.7614, lr_0 = 7.4648e-04
Loss = 1.3940e-03, PNorm = 52.4035, GNorm = 0.4561, lr_0 = 7.4619e-04
Loss = 1.0628e-03, PNorm = 52.4168, GNorm = 0.3737, lr_0 = 7.4590e-04
Loss = 1.1461e-03, PNorm = 52.4226, GNorm = 0.4351, lr_0 = 7.4562e-04
Loss = 1.4033e-03, PNorm = 52.4278, GNorm = 0.3473, lr_0 = 7.4533e-04
Loss = 1.1710e-03, PNorm = 52.4433, GNorm = 0.6680, lr_0 = 7.4504e-04
Loss = 1.3288e-03, PNorm = 52.4512, GNorm = 0.3688, lr_0 = 7.4476e-04
Loss = 1.2757e-03, PNorm = 52.4598, GNorm = 0.3967, lr_0 = 7.4447e-04
Loss = 1.4962e-03, PNorm = 52.4754, GNorm = 0.4026, lr_0 = 7.4419e-04
Loss = 1.2498e-03, PNorm = 52.4930, GNorm = 0.4179, lr_0 = 7.4390e-04
Loss = 1.0724e-03, PNorm = 52.5072, GNorm = 0.5025, lr_0 = 7.4362e-04
Loss = 1.3928e-03, PNorm = 52.5219, GNorm = 0.5285, lr_0 = 7.4333e-04
Loss = 1.1023e-03, PNorm = 52.5377, GNorm = 0.4701, lr_0 = 7.4304e-04
Loss = 1.4971e-03, PNorm = 52.5533, GNorm = 0.7373, lr_0 = 7.4276e-04
Loss = 1.3666e-03, PNorm = 52.5701, GNorm = 0.6655, lr_0 = 7.4247e-04
Loss = 1.5894e-03, PNorm = 52.5859, GNorm = 0.7920, lr_0 = 7.4219e-04
Loss = 1.8699e-03, PNorm = 52.6042, GNorm = 1.3154, lr_0 = 7.4190e-04
Loss = 1.3936e-03, PNorm = 52.6236, GNorm = 0.4706, lr_0 = 7.4162e-04
Loss = 1.0962e-03, PNorm = 52.6353, GNorm = 0.4116, lr_0 = 7.4134e-04
Loss = 1.3715e-03, PNorm = 52.6434, GNorm = 0.6399, lr_0 = 7.4105e-04
Loss = 1.3797e-03, PNorm = 52.6543, GNorm = 0.5930, lr_0 = 7.4077e-04
Loss = 1.4563e-03, PNorm = 52.6715, GNorm = 0.9728, lr_0 = 7.4048e-04
Loss = 1.4327e-03, PNorm = 52.6907, GNorm = 0.7063, lr_0 = 7.4020e-04
Loss = 1.3022e-03, PNorm = 52.7067, GNorm = 0.7384, lr_0 = 7.3991e-04
Loss = 1.4407e-03, PNorm = 52.7212, GNorm = 0.4306, lr_0 = 7.3963e-04
Loss = 1.2541e-03, PNorm = 52.7311, GNorm = 0.3521, lr_0 = 7.3935e-04
Loss = 1.4479e-03, PNorm = 52.7413, GNorm = 0.3365, lr_0 = 7.3906e-04
Loss = 2.0430e-03, PNorm = 52.7443, GNorm = 0.6009, lr_0 = 7.3878e-04
Loss = 1.8651e-03, PNorm = 52.7604, GNorm = 0.5412, lr_0 = 7.3849e-04
Loss = 1.4073e-03, PNorm = 52.7785, GNorm = 0.5155, lr_0 = 7.3821e-04
Loss = 1.5364e-03, PNorm = 52.7954, GNorm = 0.6012, lr_0 = 7.3793e-04
Loss = 1.1605e-03, PNorm = 52.8051, GNorm = 0.3971, lr_0 = 7.3764e-04
Loss = 1.3874e-03, PNorm = 52.8152, GNorm = 0.5613, lr_0 = 7.3736e-04
Loss = 1.3894e-03, PNorm = 52.8293, GNorm = 0.8030, lr_0 = 7.3708e-04
Loss = 1.1533e-03, PNorm = 52.8486, GNorm = 0.7567, lr_0 = 7.3680e-04
Loss = 1.3166e-03, PNorm = 52.8614, GNorm = 0.4853, lr_0 = 7.3651e-04
Loss = 1.4215e-03, PNorm = 52.8737, GNorm = 0.5734, lr_0 = 7.3623e-04
Loss = 1.0532e-03, PNorm = 52.8862, GNorm = 0.7872, lr_0 = 7.3595e-04
Loss = 1.4614e-03, PNorm = 52.8929, GNorm = 0.6778, lr_0 = 7.3566e-04
Loss = 1.2193e-03, PNorm = 52.9035, GNorm = 0.3520, lr_0 = 7.3538e-04
Loss = 1.1826e-03, PNorm = 52.9163, GNorm = 0.4379, lr_0 = 7.3510e-04
Loss = 1.1083e-03, PNorm = 52.9233, GNorm = 0.2742, lr_0 = 7.3482e-04
Loss = 1.2484e-03, PNorm = 52.9462, GNorm = 0.5749, lr_0 = 7.3454e-04
Loss = 1.3453e-03, PNorm = 52.9641, GNorm = 0.3984, lr_0 = 7.3425e-04
Loss = 1.1248e-03, PNorm = 52.9731, GNorm = 0.8829, lr_0 = 7.3397e-04
Loss = 1.1250e-03, PNorm = 52.9858, GNorm = 0.5623, lr_0 = 7.3369e-04
Loss = 2.6289e-03, PNorm = 52.9985, GNorm = 0.3987, lr_0 = 7.3341e-04
Loss = 1.5786e-03, PNorm = 53.0149, GNorm = 0.4506, lr_0 = 7.3313e-04
Loss = 1.1055e-03, PNorm = 53.0284, GNorm = 0.4441, lr_0 = 7.3285e-04
Loss = 1.9246e-03, PNorm = 53.0455, GNorm = 0.9308, lr_0 = 7.3256e-04
Loss = 1.2794e-03, PNorm = 53.0581, GNorm = 0.3606, lr_0 = 7.3228e-04
Loss = 1.3614e-03, PNorm = 53.0690, GNorm = 0.3858, lr_0 = 7.3200e-04
Loss = 1.2279e-03, PNorm = 53.0779, GNorm = 1.5213, lr_0 = 7.3172e-04
Loss = 1.4053e-03, PNorm = 53.0917, GNorm = 0.5755, lr_0 = 7.3144e-04
Loss = 1.1682e-03, PNorm = 53.1031, GNorm = 0.5725, lr_0 = 7.3116e-04
Loss = 1.0866e-03, PNorm = 53.1117, GNorm = 0.4020, lr_0 = 7.3088e-04
Loss = 9.7655e-04, PNorm = 53.1186, GNorm = 0.3697, lr_0 = 7.3060e-04
Loss = 1.3492e-03, PNorm = 53.1340, GNorm = 0.3475, lr_0 = 7.3032e-04
Loss = 1.0808e-03, PNorm = 53.1470, GNorm = 0.5726, lr_0 = 7.3004e-04
Loss = 1.0472e-03, PNorm = 53.1579, GNorm = 0.4009, lr_0 = 7.2976e-04
Loss = 1.2196e-03, PNorm = 53.1639, GNorm = 0.6231, lr_0 = 7.2948e-04
Loss = 1.2370e-03, PNorm = 53.1721, GNorm = 0.4494, lr_0 = 7.2920e-04
Loss = 1.2434e-03, PNorm = 53.1818, GNorm = 0.2947, lr_0 = 7.2892e-04
Loss = 1.6158e-03, PNorm = 53.1947, GNorm = 0.6085, lr_0 = 7.2864e-04
Loss = 1.2113e-03, PNorm = 53.2115, GNorm = 0.6177, lr_0 = 7.2836e-04
Loss = 9.9424e-04, PNorm = 53.2206, GNorm = 0.3241, lr_0 = 7.2808e-04
Loss = 1.1905e-03, PNorm = 53.2286, GNorm = 0.6297, lr_0 = 7.2780e-04
Loss = 1.2033e-03, PNorm = 53.2376, GNorm = 0.4717, lr_0 = 7.2752e-04
Loss = 1.5049e-03, PNorm = 53.2527, GNorm = 0.3958, lr_0 = 7.2724e-04
Loss = 1.3975e-03, PNorm = 53.2673, GNorm = 0.5288, lr_0 = 7.2696e-04
Loss = 1.1455e-03, PNorm = 53.2783, GNorm = 0.3637, lr_0 = 7.2668e-04
Loss = 1.2626e-03, PNorm = 53.2880, GNorm = 0.3014, lr_0 = 7.2640e-04
Loss = 1.6654e-03, PNorm = 53.3021, GNorm = 0.6477, lr_0 = 7.2612e-04
Loss = 1.2388e-03, PNorm = 53.3160, GNorm = 0.5222, lr_0 = 7.2585e-04
Loss = 1.1272e-03, PNorm = 53.3287, GNorm = 0.5162, lr_0 = 7.2557e-04
Loss = 1.7331e-03, PNorm = 53.3402, GNorm = 0.6949, lr_0 = 7.2529e-04
Loss = 1.2457e-03, PNorm = 53.3478, GNorm = 0.7331, lr_0 = 7.2501e-04
Loss = 1.1953e-03, PNorm = 53.3638, GNorm = 0.3830, lr_0 = 7.2473e-04
Loss = 1.2895e-03, PNorm = 53.3747, GNorm = 0.3183, lr_0 = 7.2445e-04
Loss = 1.1899e-03, PNorm = 53.3890, GNorm = 0.4444, lr_0 = 7.2418e-04
Loss = 9.9665e-04, PNorm = 53.4009, GNorm = 0.2760, lr_0 = 7.2390e-04
Loss = 9.8907e-04, PNorm = 53.4073, GNorm = 0.4501, lr_0 = 7.2362e-04
Loss = 1.2162e-03, PNorm = 53.4129, GNorm = 0.3875, lr_0 = 7.2334e-04
Loss = 1.2704e-03, PNorm = 53.4237, GNorm = 0.5126, lr_0 = 7.2306e-04
Loss = 1.1569e-03, PNorm = 53.4334, GNorm = 0.9471, lr_0 = 7.2279e-04
Loss = 1.3162e-03, PNorm = 53.4458, GNorm = 0.8103, lr_0 = 7.2251e-04
Loss = 1.7459e-03, PNorm = 53.4607, GNorm = 0.4965, lr_0 = 7.2223e-04
Loss = 1.2251e-03, PNorm = 53.4741, GNorm = 0.3797, lr_0 = 7.2195e-04
Loss = 1.2388e-03, PNorm = 53.4876, GNorm = 0.6199, lr_0 = 7.2168e-04
Loss = 1.0250e-03, PNorm = 53.5011, GNorm = 0.4612, lr_0 = 7.2140e-04
Loss = 1.3714e-03, PNorm = 53.5128, GNorm = 0.4629, lr_0 = 7.2112e-04
Loss = 1.2822e-03, PNorm = 53.5307, GNorm = 0.5733, lr_0 = 7.2085e-04
Loss = 9.9969e-04, PNorm = 53.5502, GNorm = 0.2933, lr_0 = 7.2057e-04
Loss = 1.8662e-03, PNorm = 53.5689, GNorm = 0.5569, lr_0 = 7.2029e-04
Loss = 1.2842e-03, PNorm = 53.5825, GNorm = 0.7179, lr_0 = 7.2002e-04
Loss = 1.0767e-03, PNorm = 53.5977, GNorm = 0.3885, lr_0 = 7.1974e-04
Validation rmse = 9.722852
Epoch 6
Loss = 1.0607e-03, PNorm = 53.6058, GNorm = 0.4326, lr_0 = 7.1946e-04
Loss = 9.8545e-04, PNorm = 53.6158, GNorm = 0.3377, lr_0 = 7.1919e-04
Loss = 1.0044e-03, PNorm = 53.6231, GNorm = 0.2348, lr_0 = 7.1891e-04
Loss = 1.1031e-03, PNorm = 53.6326, GNorm = 0.3837, lr_0 = 7.1864e-04
Loss = 1.0334e-03, PNorm = 53.6433, GNorm = 0.3759, lr_0 = 7.1836e-04
Loss = 1.2678e-03, PNorm = 53.6519, GNorm = 0.4985, lr_0 = 7.1808e-04
Loss = 1.0254e-03, PNorm = 53.6628, GNorm = 0.5147, lr_0 = 7.1781e-04
Loss = 9.7640e-04, PNorm = 53.6725, GNorm = 0.4343, lr_0 = 7.1753e-04
Loss = 1.2796e-03, PNorm = 53.6866, GNorm = 0.3374, lr_0 = 7.1726e-04
Loss = 1.1310e-03, PNorm = 53.6995, GNorm = 0.2671, lr_0 = 7.1698e-04
Loss = 1.2371e-03, PNorm = 53.7047, GNorm = 0.4018, lr_0 = 7.1671e-04
Loss = 1.1338e-03, PNorm = 53.7158, GNorm = 0.6080, lr_0 = 7.1643e-04
Loss = 1.0893e-03, PNorm = 53.7266, GNorm = 0.7910, lr_0 = 7.1616e-04
Loss = 1.0782e-03, PNorm = 53.7389, GNorm = 0.2594, lr_0 = 7.1588e-04
Loss = 1.2324e-03, PNorm = 53.7510, GNorm = 0.5028, lr_0 = 7.1561e-04
Loss = 1.4989e-03, PNorm = 53.7654, GNorm = 0.2756, lr_0 = 7.1533e-04
Loss = 1.4244e-03, PNorm = 53.7783, GNorm = 1.7887, lr_0 = 7.1506e-04
Loss = 1.1525e-03, PNorm = 53.7914, GNorm = 0.2674, lr_0 = 7.1478e-04
Loss = 1.0638e-03, PNorm = 53.8019, GNorm = 0.4973, lr_0 = 7.1451e-04
Loss = 1.0246e-03, PNorm = 53.8122, GNorm = 0.4297, lr_0 = 7.1424e-04
Loss = 1.0679e-03, PNorm = 53.8233, GNorm = 0.6187, lr_0 = 7.1396e-04
Loss = 1.1133e-03, PNorm = 53.8345, GNorm = 0.4560, lr_0 = 7.1369e-04
Loss = 1.0179e-03, PNorm = 53.8465, GNorm = 0.9268, lr_0 = 7.1341e-04
Loss = 1.2170e-03, PNorm = 53.8562, GNorm = 0.5036, lr_0 = 7.1314e-04
Loss = 1.0656e-03, PNorm = 53.8660, GNorm = 0.2864, lr_0 = 7.1287e-04
Loss = 9.7773e-04, PNorm = 53.8745, GNorm = 0.4954, lr_0 = 7.1259e-04
Loss = 9.5955e-04, PNorm = 53.8820, GNorm = 0.5140, lr_0 = 7.1232e-04
Loss = 1.1434e-03, PNorm = 53.8914, GNorm = 0.7868, lr_0 = 7.1205e-04
Loss = 1.4400e-03, PNorm = 53.9069, GNorm = 0.7131, lr_0 = 7.1177e-04
Loss = 1.7027e-03, PNorm = 53.9304, GNorm = 0.5632, lr_0 = 7.1150e-04
Loss = 1.2658e-03, PNorm = 53.9423, GNorm = 0.6812, lr_0 = 7.1123e-04
Loss = 1.2792e-03, PNorm = 53.9561, GNorm = 0.5896, lr_0 = 7.1095e-04
Loss = 1.3137e-03, PNorm = 53.9692, GNorm = 0.4473, lr_0 = 7.1068e-04
Loss = 1.1949e-03, PNorm = 53.9780, GNorm = 0.2954, lr_0 = 7.1041e-04
Loss = 1.2150e-03, PNorm = 53.9900, GNorm = 0.4406, lr_0 = 7.1013e-04
Loss = 1.2551e-03, PNorm = 53.9985, GNorm = 0.2330, lr_0 = 7.0986e-04
Loss = 1.0547e-03, PNorm = 54.0079, GNorm = 0.6331, lr_0 = 7.0959e-04
Loss = 1.2805e-03, PNorm = 54.0142, GNorm = 0.3038, lr_0 = 7.0932e-04
Loss = 1.5274e-03, PNorm = 54.0280, GNorm = 1.2692, lr_0 = 7.0904e-04
Loss = 1.0084e-03, PNorm = 54.0435, GNorm = 0.3026, lr_0 = 7.0877e-04
Loss = 1.1586e-03, PNorm = 54.0558, GNorm = 0.6790, lr_0 = 7.0850e-04
Loss = 1.0448e-03, PNorm = 54.0700, GNorm = 0.3663, lr_0 = 7.0823e-04
Loss = 1.4966e-03, PNorm = 54.0864, GNorm = 0.4941, lr_0 = 7.0796e-04
Loss = 1.5230e-03, PNorm = 54.1016, GNorm = 0.5728, lr_0 = 7.0768e-04
Loss = 1.1779e-03, PNorm = 54.1198, GNorm = 0.7051, lr_0 = 7.0741e-04
Loss = 1.0599e-03, PNorm = 54.1328, GNorm = 0.4755, lr_0 = 7.0714e-04
Loss = 1.6086e-03, PNorm = 54.1520, GNorm = 0.8321, lr_0 = 7.0687e-04
Loss = 1.1397e-03, PNorm = 54.1665, GNorm = 0.6189, lr_0 = 7.0660e-04
Loss = 1.2273e-03, PNorm = 54.1768, GNorm = 0.8943, lr_0 = 7.0633e-04
Loss = 1.3091e-03, PNorm = 54.1912, GNorm = 0.7287, lr_0 = 7.0606e-04
Loss = 1.2755e-03, PNorm = 54.2066, GNorm = 0.4335, lr_0 = 7.0579e-04
Loss = 1.1654e-03, PNorm = 54.2189, GNorm = 0.4080, lr_0 = 7.0551e-04
Loss = 1.5080e-03, PNorm = 54.2434, GNorm = 0.4199, lr_0 = 7.0524e-04
Loss = 1.4928e-03, PNorm = 54.2595, GNorm = 0.6093, lr_0 = 7.0497e-04
Loss = 1.0409e-03, PNorm = 54.2696, GNorm = 0.4580, lr_0 = 7.0470e-04
Loss = 1.0858e-03, PNorm = 54.2838, GNorm = 0.2726, lr_0 = 7.0443e-04
Loss = 9.5956e-04, PNorm = 54.2949, GNorm = 0.6715, lr_0 = 7.0416e-04
Loss = 1.4109e-03, PNorm = 54.3041, GNorm = 0.7798, lr_0 = 7.0389e-04
Loss = 1.0173e-03, PNorm = 54.3102, GNorm = 0.2142, lr_0 = 7.0362e-04
Loss = 1.0003e-03, PNorm = 54.3183, GNorm = 0.4937, lr_0 = 7.0335e-04
Loss = 1.1555e-03, PNorm = 54.3249, GNorm = 0.2850, lr_0 = 7.0308e-04
Loss = 1.3031e-03, PNorm = 54.3307, GNorm = 0.5646, lr_0 = 7.0281e-04
Loss = 1.4441e-03, PNorm = 54.3380, GNorm = 0.5663, lr_0 = 7.0254e-04
Loss = 1.1688e-03, PNorm = 54.3446, GNorm = 1.1255, lr_0 = 7.0227e-04
Loss = 1.3286e-03, PNorm = 54.3593, GNorm = 0.6695, lr_0 = 7.0200e-04
Loss = 2.2060e-03, PNorm = 54.3762, GNorm = 0.5838, lr_0 = 7.0173e-04
Loss = 1.2785e-03, PNorm = 54.3949, GNorm = 0.5654, lr_0 = 7.0146e-04
Loss = 9.7720e-04, PNorm = 54.4085, GNorm = 0.4285, lr_0 = 7.0119e-04
Loss = 1.7865e-03, PNorm = 54.4276, GNorm = 0.5789, lr_0 = 7.0093e-04
Loss = 1.2463e-03, PNorm = 54.4449, GNorm = 0.3987, lr_0 = 7.0066e-04
Loss = 1.1343e-03, PNorm = 54.4562, GNorm = 0.4312, lr_0 = 7.0039e-04
Loss = 1.2899e-03, PNorm = 54.4671, GNorm = 0.3058, lr_0 = 7.0012e-04
Loss = 1.4767e-03, PNorm = 54.4841, GNorm = 1.1118, lr_0 = 6.9985e-04
Loss = 1.4792e-03, PNorm = 54.5052, GNorm = 0.8702, lr_0 = 6.9958e-04
Loss = 1.0710e-03, PNorm = 54.5186, GNorm = 0.3582, lr_0 = 6.9931e-04
Loss = 1.2501e-03, PNorm = 54.5336, GNorm = 0.5504, lr_0 = 6.9904e-04
Loss = 1.2266e-03, PNorm = 54.5425, GNorm = 0.2795, lr_0 = 6.9878e-04
Loss = 1.1241e-03, PNorm = 54.5547, GNorm = 0.4359, lr_0 = 6.9851e-04
Loss = 1.2404e-03, PNorm = 54.5638, GNorm = 0.7945, lr_0 = 6.9824e-04
Loss = 1.1844e-03, PNorm = 54.5696, GNorm = 0.4602, lr_0 = 6.9797e-04
Loss = 1.0026e-03, PNorm = 54.5778, GNorm = 0.4702, lr_0 = 6.9770e-04
Loss = 1.0355e-03, PNorm = 54.5915, GNorm = 0.3778, lr_0 = 6.9744e-04
Loss = 1.3819e-03, PNorm = 54.6029, GNorm = 0.6774, lr_0 = 6.9717e-04
Loss = 9.7006e-04, PNorm = 54.6124, GNorm = 0.6128, lr_0 = 6.9690e-04
Loss = 1.4437e-03, PNorm = 54.6264, GNorm = 0.3463, lr_0 = 6.9663e-04
Loss = 1.2876e-03, PNorm = 54.6396, GNorm = 0.3215, lr_0 = 6.9637e-04
